CMake Deprecation Warning at CMakeLists.txt:1 (cmake_minimum_required):
  Compatibility with CMake < 3.10 will be removed from a future version of
  CMake.

  Update the VERSION argument <min> value.  Or, use the <min>...<max> syntax
  to tell CMake that the project requires at least <min> but has been updated
  to work with policies introduced by <max> or earlier.


-- Found ament_cmake: 1.3.11 (/opt/ros/humble/share/ament_cmake/cmake)
-- Found Python3: /usr/bin/python3 (found version "3.14.5") found components: Interpreter
-- Found rclcpp: 16.0.12 (/opt/ros/humble/share/rclcpp/cmake)
-- Found rosidl_generator_c: 3.1.6 (/opt/ros/humble/share/rosidl_generator_c/cmake)
-- Found rosidl_adapter: 3.1.6 (/opt/ros/humble/share/rosidl_adapter/cmake)
-- Found rosidl_generator_cpp: 3.1.6 (/opt/ros/humble/share/rosidl_generator_cpp/cmake)
-- Using all available rosidl_typesupport_c: rosidl_typesupport_fastrtps_c;rosidl_typesupport_introspection_c
-- Using all available rosidl_typesupport_cpp: rosidl_typesupport_fastrtps_cpp;rosidl_typesupport_introspection_cpp
-- Found rmw_implementation_cmake: 6.1.2 (/opt/ros/humble/share/rmw_implementation_cmake/cmake)
-- Found rmw_fastrtps_cpp: 6.2.7 (/opt/ros/humble/share/rmw_fastrtps_cpp/cmake)
-- Found OpenSSL: /usr/lib/libcrypto.so (found version "3.6.2")
-- Found FastRTPS: /opt/ros/humble/include
-- Using RMW implementation 'rmw_fastrtps_cpp' as default
-- Performing Test CMAKE_HAVE_LIBC_PTHREAD
-- Performing Test CMAKE_HAVE_LIBC_PTHREAD - Success
-- Found Threads: TRUE
-- Found rosidl_default_generators: 1.2.0 (/opt/ros/humble/share/rosidl_default_generators/cmake)
-- Found geometry_msgs: 4.8.0 (/opt/ros/humble/share/geometry_msgs/cmake)
-- Found sensor_msgs: 4.8.0 (/opt/ros/humble/share/sensor_msgs/cmake)
-- Found ament_cmake_ros: 0.10.0 (/opt/ros/humble/share/ament_cmake_ros/cmake)
-- Using all available rosidl_typesupport_c: rosidl_typesupport_fastrtps_c;rosidl_typesupport_introspection_c
-- Using all available rosidl_typesupport_cpp: rosidl_typesupport_fastrtps_cpp;rosidl_typesupport_introspection_cpp
CMake Warning (dev) at /opt/ros/humble/share/rosidl_generator_py/cmake/rosidl_generator_py_generate_interfaces.cmake:20 (find_package):
  Policy CMP0148 is not set: The FindPythonInterp and FindPythonLibs modules
  are removed.  Run "cmake --help-policy CMP0148" for policy details.  Use
  the cmake_policy command to set the policy and suppress this warning.

Call Stack (most recent call first):
  /opt/ros/humble/share/ament_cmake_core/cmake/core/ament_execute_extensions.cmake:48 (include)
  /opt/ros/humble/share/rosidl_cmake/cmake/rosidl_generate_interfaces.cmake:286 (ament_execute_extensions)
  CMakeLists.txt:16 (rosidl_generate_interfaces)
This warning is for project developers.  Use -Wno-dev to suppress it.

-- Found PythonInterp: /usr/bin/python3 (found suitable version "3.14.5", minimum required is "3.6")
-- Found python_cmake_module: 0.10.0 (/opt/ros/humble/share/python_cmake_module/cmake)
CMake Warning (dev) at /opt/ros/humble/share/python_cmake_module/cmake/Modules/FindPythonExtra.cmake:52 (find_package):
  Policy CMP0148 is not set: The FindPythonInterp and FindPythonLibs modules
  are removed.  Run "cmake --help-policy CMP0148" for policy details.  Use
  the cmake_policy command to set the policy and suppress this warning.

Call Stack (most recent call first):
  /opt/ros/humble/share/rosidl_generator_py/cmake/rosidl_generator_py_generate_interfaces.cmake:23 (find_package)
  /opt/ros/humble/share/ament_cmake_core/cmake/core/ament_execute_extensions.cmake:48 (include)
  /opt/ros/humble/share/rosidl_cmake/cmake/rosidl_generate_interfaces.cmake:286 (ament_execute_extensions)
  CMakeLists.txt:16 (rosidl_generate_interfaces)
This warning is for project developers.  Use -Wno-dev to suppress it.

CMake Warning (dev) at /opt/ros/humble/share/python_cmake_module/cmake/Modules/FindPythonExtra.cmake:140 (find_package):
  Policy CMP0148 is not set: The FindPythonInterp and FindPythonLibs modules
  are removed.  Run "cmake --help-policy CMP0148" for policy details.  Use
  the cmake_policy command to set the policy and suppress this warning.

Call Stack (most recent call first):
  /opt/ros/humble/share/rosidl_generator_py/cmake/rosidl_generator_py_generate_interfaces.cmake:23 (find_package)
  /opt/ros/humble/share/ament_cmake_core/cmake/core/ament_execute_extensions.cmake:48 (include)
  /opt/ros/humble/share/rosidl_cmake/cmake/rosidl_generate_interfaces.cmake:286 (ament_execute_extensions)
  CMakeLists.txt:16 (rosidl_generate_interfaces)
This warning is for project developers.  Use -Wno-dev to suppress it.

-- Found PythonLibs: /usr/lib/libpython3.14.so (found suitable version "3.14.5", minimum required is "3.5")
-- Using PYTHON_EXECUTABLE: /usr/bin/python3
-- Using PYTHON_INCLUDE_DIRS: /usr/include/python3.14
-- Using PYTHON_LIBRARIES: /usr/lib/libpython3.14.so
-- Found PythonExtra: .so
-- Using numpy include directory: /usr/lib/python3.14/site-packages/numpy/_core/include
-- Found ament_lint_auto: 0.12.12 (/opt/ros/humble/share/ament_lint_auto/cmake)
-- Added test 'lint_cmake' to check CMake code style
-- Added test 'xmllint' to check XML markup files
-- Configuring done (5.2s)
-- Generating done (0.1s)
-- Build files have been written to: /home/baro/Downloads/Football/K1_Football_Demo/build/vision_interface
[  0%] Generating C++ code for ROS interfaces
[  0%] Built target vision_interface__cpp
[  1%] Generating C code for ROS interfaces
[  1%] Built target ament_cmake_python_copy_vision_interface
[  3%] Building C object CMakeFiles/vision_interface__rosidl_generator_c.dir/rosidl_generator_c/vision_interface/msg/detail/detected_object__functions.c.o
[  3%] Building C object CMakeFiles/vision_interface__rosidl_generator_c.dir/rosidl_generator_c/vision_interface/msg/detail/line_segments__functions.c.o
[  4%] Building C object CMakeFiles/vision_interface__rosidl_generator_c.dir/rosidl_generator_c/vision_interface/msg/detail/detections__functions.c.o
[  5%] Building C object CMakeFiles/vision_interface__rosidl_generator_c.dir/rosidl_generator_c/vision_interface/msg/detail/segmentation_point__functions.c.o
[  6%] Building C object CMakeFiles/vision_interface__rosidl_generator_c.dir/rosidl_generator_c/vision_interface/msg/detail/segmentation_line__functions.c.o
[  7%] Building C object CMakeFiles/vision_interface__rosidl_generator_c.dir/rosidl_generator_c/vision_interface/msg/detail/detections_track__functions.c.o
[  8%] Building C object CMakeFiles/vision_interface__rosidl_generator_c.dir/rosidl_generator_c/vision_interface/msg/detail/segmentation_result__functions.c.o
[  9%] Building C object CMakeFiles/vision_interface__rosidl_generator_c.dir/rosidl_generator_c/vision_interface/msg/detail/ball__functions.c.o
[ 10%] Building C object CMakeFiles/vision_interface__rosidl_generator_c.dir/rosidl_generator_c/vision_interface/msg/detail/image_head_position__functions.c.o
[ 11%] Building C object CMakeFiles/vision_interface__rosidl_generator_c.dir/rosidl_generator_c/vision_interface/msg/detail/cal_param__functions.c.o
[ 12%] Linking C shared library libvision_interface__rosidl_generator_c.so
[ 12%] Built target vision_interface__rosidl_generator_c
running egg_info
creating vision_interface.egg-info
writing vision_interface.egg-info/PKG-INFO
writing dependency_links to vision_interface.egg-info/dependency_links.txt
writing top-level names to vision_interface.egg-info/top_level.txt
writing manifest file 'vision_interface.egg-info/SOURCES.txt'
reading manifest file 'vision_interface.egg-info/SOURCES.txt'
writing manifest file 'vision_interface.egg-info/SOURCES.txt'
[ 12%] Built target ament_cmake_python_build_vision_interface_egg
[ 13%] Generating C type support dispatch for ROS interfaces
[ 14%] Building CXX object CMakeFiles/vision_interface__rosidl_typesupport_c.dir/rosidl_typesupport_c/vision_interface/msg/detections__type_support.cpp.o
[ 15%] Building CXX object CMakeFiles/vision_interface__rosidl_typesupport_c.dir/rosidl_typesupport_c/vision_interface/msg/detected_object__type_support.cpp.o
[ 16%] Building CXX object CMakeFiles/vision_interface__rosidl_typesupport_c.dir/rosidl_typesupport_c/vision_interface/msg/line_segments__type_support.cpp.o
[ 18%] Building CXX object CMakeFiles/vision_interface__rosidl_typesupport_c.dir/rosidl_typesupport_c/vision_interface/msg/detections_track__type_support.cpp.o
[ 18%] Building CXX object CMakeFiles/vision_interface__rosidl_typesupport_c.dir/rosidl_typesupport_c/vision_interface/msg/cal_param__type_support.cpp.o
[ 19%] Building CXX object CMakeFiles/vision_interface__rosidl_typesupport_c.dir/rosidl_typesupport_c/vision_interface/msg/segmentation_point__type_support.cpp.o
[ 20%] Building CXX object CMakeFiles/vision_interface__rosidl_typesupport_c.dir/rosidl_typesupport_c/vision_interface/msg/segmentation_line__type_support.cpp.o
[ 21%] Building CXX object CMakeFiles/vision_interface__rosidl_typesupport_c.dir/rosidl_typesupport_c/vision_interface/msg/segmentation_result__type_support.cpp.o
[ 21%] Building CXX object CMakeFiles/vision_interface__rosidl_typesupport_c.dir/rosidl_typesupport_c/vision_interface/msg/image_head_position__type_support.cpp.o
[ 22%] Building CXX object CMakeFiles/vision_interface__rosidl_typesupport_c.dir/rosidl_typesupport_c/vision_interface/msg/ball__type_support.cpp.o
[ 23%] Linking CXX shared library libvision_interface__rosidl_typesupport_c.so
[ 23%] Built target vision_interface__rosidl_typesupport_c
[ 25%] Generating C introspection for ROS interfaces
[ 25%] Generating C type support for eProsima Fast-RTPS
[ 26%] Generating C++ introspection for ROS interfaces
[ 27%] Building CXX object CMakeFiles/vision_interface__rosidl_typesupport_introspection_cpp.dir/rosidl_typesupport_introspection_cpp/vision_interface/msg/detail/detected_object__type_support.cpp.o
[ 28%] Building CXX object CMakeFiles/vision_interface__rosidl_typesupport_introspection_cpp.dir/rosidl_typesupport_introspection_cpp/vision_interface/msg/detail/detections__type_support.cpp.o
[ 30%] Building CXX object CMakeFiles/vision_interface__rosidl_typesupport_introspection_cpp.dir/rosidl_typesupport_introspection_cpp/vision_interface/msg/detail/line_segments__type_support.cpp.o
[ 30%] Building CXX object CMakeFiles/vision_interface__rosidl_typesupport_introspection_cpp.dir/rosidl_typesupport_introspection_cpp/vision_interface/msg/detail/cal_param__type_support.cpp.o
[ 31%] Building C object CMakeFiles/vision_interface__rosidl_typesupport_introspection_c.dir/rosidl_typesupport_introspection_c/vision_interface/msg/detail/detected_object__type_support.c.o
[ 32%] Building C object CMakeFiles/vision_interface__rosidl_typesupport_introspection_c.dir/rosidl_typesupport_introspection_c/vision_interface/msg/detail/detections__type_support.c.o
[ 33%] Building C object CMakeFiles/vision_interface__rosidl_typesupport_introspection_c.dir/rosidl_typesupport_introspection_c/vision_interface/msg/detail/line_segments__type_support.c.o
[ 34%] Building CXX object CMakeFiles/vision_interface__rosidl_typesupport_fastrtps_c.dir/rosidl_typesupport_fastrtps_c/vision_interface/msg/detail/detected_object__type_support_c.cpp.o
[ 35%] Building C object CMakeFiles/vision_interface__rosidl_typesupport_introspection_c.dir/rosidl_typesupport_introspection_c/vision_interface/msg/detail/cal_param__type_support.c.o
[ 36%] Building C object CMakeFiles/vision_interface__rosidl_typesupport_introspection_c.dir/rosidl_typesupport_introspection_c/vision_interface/msg/detail/detections_track__type_support.c.o
In file included from /opt/ros/humble/include/std_msgs/std_msgs/msg/detail/header__struct.hpp:20,
                 from /home/baro/Downloads/Football/K1_Football_Demo/build/vision_interface/rosidl_generator_cpp/vision_interface/msg/detail/detections__struct.hpp:20,
                 from /home/baro/Downloads/Football/K1_Football_Demo/build/vision_interface/rosidl_typesupport_introspection_cpp/vision_interface/msg/detail/detections__type_support.cpp:12:
/opt/ros/humble/include/builtin_interfaces/builtin_interfaces/msg/detail/time__struct.hpp:62:5: error: ‘uint32_t’ does not name a type [-Wtemplate-body]
   62 |     uint32_t;
      |     ^~~~~~~~
/opt/ros/humble/include/builtin_interfaces/builtin_interfaces/msg/detail/time__struct.hpp:1:1: note: ‘uint32_t’ is defined in header ‘<cstdint>’; this is probably fixable by adding ‘#include <cstdint>’
  +++ |+#include <cstdint>
    1 | // generated from rosidl_generator_cpp/resource/idl__struct.hpp.em
/opt/ros/humble/include/builtin_interfaces/builtin_interfaces/msg/detail/time__struct.hpp:63:3: error: ‘_nanosec_type’ does not name a type; did you mean ‘_sec_type’? [-Wtemplate-body]
   63 |   _nanosec_type nanosec;
      |   ^~~~~~~~~~~~~
      |   _sec_type
/opt/ros/humble/include/builtin_interfaces/builtin_interfaces/msg/detail/time__struct.hpp:73:11: error: ‘uint32_t’ does not name a type [-Wtemplate-body]
   73 |     const uint32_t & _arg)
      |           ^~~~~~~~
/opt/ros/humble/include/builtin_interfaces/builtin_interfaces/msg/detail/time__struct.hpp:73:11: note: ‘uint32_t’ is defined in header ‘<cstdint>’; this is probably fixable by adding ‘#include <cstdint>’
/opt/ros/humble/include/builtin_interfaces/builtin_interfaces/msg/detail/time__struct.hpp: In constructor ‘builtin_interfaces::msg::Time_<ContainerAllocator>::Time_(rosidl_runtime_cpp::MessageInitialization)’:
/opt/ros/humble/include/builtin_interfaces/builtin_interfaces/msg/detail/time__struct.hpp:42:13: error: ‘struct builtin_interfaces::msg::Time_<ContainerAllocator>’ has no member named ‘nanosec’ [-Wtemplate-body]
   42 |       this->nanosec = 0ul;
      |             ^~~~~~~
/opt/ros/humble/include/builtin_interfaces/builtin_interfaces/msg/detail/time__struct.hpp: In constructor ‘builtin_interfaces::msg::Time_<ContainerAllocator>::Time_(const ContainerAllocator&, rosidl_runtime_cpp::MessageInitialization)’:
/opt/ros/humble/include/builtin_interfaces/builtin_interfaces/msg/detail/time__struct.hpp:53:13: error: ‘struct builtin_interfaces::msg::Time_<ContainerAllocator>’ has no member named ‘nanosec’ [-Wtemplate-body]
   53 |       this->nanosec = 0ul;
      |             ^~~~~~~
/opt/ros/humble/include/builtin_interfaces/builtin_interfaces/msg/detail/time__struct.hpp: In member function ‘builtin_interfaces::msg::Time_<ContainerAllocator>::Type& builtin_interfaces::msg::Time_<ContainerAllocator>::set__nanosec(const int&)’:
/opt/ros/humble/include/builtin_interfaces/builtin_interfaces/msg/detail/time__struct.hpp:75:11: error: ‘struct builtin_interfaces::msg::Time_<ContainerAllocator>’ has no member named ‘nanosec’ [-Wtemplate-body]
   75 |     this->nanosec = _arg;
      |           ^~~~~~~
/opt/ros/humble/include/builtin_interfaces/builtin_interfaces/msg/detail/time__struct.hpp: In member function ‘bool builtin_interfaces::msg::Time_<ContainerAllocator>::operator==(const builtin_interfaces::msg::Time_<ContainerAllocator>&) const’:
/opt/ros/humble/include/builtin_interfaces/builtin_interfaces/msg/detail/time__struct.hpp:124:15: error: ‘const struct builtin_interfaces::msg::Time_<ContainerAllocator>’ has no member named ‘nanosec’ [-Wtemplate-body]
  124 |     if (this->nanosec != other.nanosec) {
      |               ^~~~~~~
/opt/ros/humble/include/builtin_interfaces/builtin_interfaces/msg/detail/time__struct.hpp:124:32: error: ‘const struct builtin_interfaces::msg::Time_<ContainerAllocator>’ has no member named ‘nanosec’ [-Wtemplate-body]
  124 |     if (this->nanosec != other.nanosec) {
      |                                ^~~~~~~
[ 37%] Building C object CMakeFiles/vision_interface__rosidl_typesupport_introspection_c.dir/rosidl_typesupport_introspection_c/vision_interface/msg/detail/segmentation_point__type_support.c.o
[ 38%] Building C object CMakeFiles/vision_interface__rosidl_typesupport_introspection_c.dir/rosidl_typesupport_introspection_c/vision_interface/msg/detail/segmentation_line__type_support.c.o
In file included from /opt/ros/humble/include/std_msgs/std_msgs/msg/detail/header__struct.hpp:20,
                 from /home/baro/Downloads/Football/K1_Football_Demo/build/vision_interface/rosidl_generator_cpp/vision_interface/msg/detail/line_segments__struct.hpp:20,
                 from /home/baro/Downloads/Football/K1_Football_Demo/build/vision_interface/rosidl_typesupport_introspection_cpp/vision_interface/msg/detail/line_segments__type_support.cpp:12:
/opt/ros/humble/include/builtin_interfaces/builtin_interfaces/msg/detail/time__struct.hpp:62:5: error: ‘uint32_t’ does not name a type [-Wtemplate-body]
   62 |     uint32_t;
      |     ^~~~~~~~
/opt/ros/humble/include/builtin_interfaces/builtin_interfaces/msg/detail/time__struct.hpp:1:1: note: ‘uint32_t’ is defined in header ‘<cstdint>’; this is probably fixable by adding ‘#include <cstdint>’
  +++ |+#include <cstdint>
    1 | // generated from rosidl_generator_cpp/resource/idl__struct.hpp.em
/opt/ros/humble/include/builtin_interfaces/builtin_interfaces/msg/detail/time__struct.hpp:63:3: error: ‘_nanosec_type’ does not name a type; did you mean ‘_sec_type’? [-Wtemplate-body]
   63 |   _nanosec_type nanosec;
      |   ^~~~~~~~~~~~~
      |   _sec_type
/opt/ros/humble/include/builtin_interfaces/builtin_interfaces/msg/detail/time__struct.hpp:73:11: error: ‘uint32_t’ does not name a type [-Wtemplate-body]
   73 |     const uint32_t & _arg)
      |           ^~~~~~~~
/opt/ros/humble/include/builtin_interfaces/builtin_interfaces/msg/detail/time__struct.hpp:73:11: note: ‘uint32_t’ is defined in header ‘<cstdint>’; this is probably fixable by adding ‘#include <cstdint>’
/opt/ros/humble/include/builtin_interfaces/builtin_interfaces/msg/detail/time__struct.hpp: In constructor ‘builtin_interfaces::msg::Time_<ContainerAllocator>::Time_(rosidl_runtime_cpp::MessageInitialization)’:
/opt/ros/humble/include/builtin_interfaces/builtin_interfaces/msg/detail/time__struct.hpp:42:13: error: ‘struct builtin_interfaces::msg::Time_<ContainerAllocator>’ has no member named ‘nanosec’ [-Wtemplate-body]
   42 |       this->nanosec = 0ul;
      |             ^~~~~~~
/opt/ros/humble/include/builtin_interfaces/builtin_interfaces/msg/detail/time__struct.hpp: In constructor ‘builtin_interfaces::msg::Time_<ContainerAllocator>::Time_(const ContainerAllocator&, rosidl_runtime_cpp::MessageInitialization)’:
/opt/ros/humble/include/builtin_interfaces/builtin_interfaces/msg/detail/time__struct.hpp:53:13: error: ‘struct builtin_interfaces::msg::Time_<ContainerAllocator>’ has no member named ‘nanosec’ [-Wtemplate-body]
   53 |       this->nanosec = 0ul;
      |             ^~~~~~~
/opt/ros/humble/include/builtin_interfaces/builtin_interfaces/msg/detail/time__struct.hpp: In member function ‘builtin_interfaces::msg::Time_<ContainerAllocator>::Type& builtin_interfaces::msg::Time_<ContainerAllocator>::set__nanosec(const int&)’:
/opt/ros/humble/include/builtin_interfaces/builtin_interfaces/msg/detail/time__struct.hpp:75:11: error: ‘struct builtin_interfaces::msg::Time_<ContainerAllocator>’ has no member named ‘nanosec’ [-Wtemplate-body]
   75 |     this->nanosec = _arg;
      |           ^~~~~~~
/opt/ros/humble/include/builtin_interfaces/builtin_interfaces/msg/detail/time__struct.hpp: In member function ‘bool builtin_interfaces::msg::Time_<ContainerAllocator>::operator==(const builtin_interfaces::msg::Time_<ContainerAllocator>&) const’:
/opt/ros/humble/include/builtin_interfaces/builtin_interfaces/msg/detail/time__struct.hpp:124:15: error: ‘const struct builtin_interfaces::msg::Time_<ContainerAllocator>’ has no member named ‘nanosec’ [-Wtemplate-body]
  124 |     if (this->nanosec != other.nanosec) {
      |               ^~~~~~~
/opt/ros/humble/include/builtin_interfaces/builtin_interfaces/msg/detail/time__struct.hpp:124:32: error: ‘const struct builtin_interfaces::msg::Time_<ContainerAllocator>’ has no member named ‘nanosec’ [-Wtemplate-body]
  124 |     if (this->nanosec != other.nanosec) {
      |                                ^~~~~~~
[ 39%] Building C object CMakeFiles/vision_interface__rosidl_typesupport_introspection_c.dir/rosidl_typesupport_introspection_c/vision_interface/msg/detail/segmentation_result__type_support.c.o
make[2]: *** [CMakeFiles/vision_interface__rosidl_typesupport_introspection_cpp.dir/build.make:261: CMakeFiles/vision_interface__rosidl_typesupport_introspection_cpp.dir/rosidl_typesupport_introspection_cpp/vision_interface/msg/detail/detections__type_support.cpp.o] Error 1
make[2]: *** Waiting for unfinished jobs....
[ 40%] Building CXX object CMakeFiles/vision_interface__rosidl_typesupport_fastrtps_c.dir/rosidl_typesupport_fastrtps_c/vision_interface/msg/detail/line_segments__type_support_c.cpp.o
[ 41%] Building CXX object CMakeFiles/vision_interface__rosidl_typesupport_fastrtps_c.dir/rosidl_typesupport_fastrtps_c/vision_interface/msg/detail/detections__type_support_c.cpp.o
[ 42%] Building C object CMakeFiles/vision_interface__rosidl_typesupport_introspection_c.dir/rosidl_typesupport_introspection_c/vision_interface/msg/detail/image_head_position__type_support.c.o
make[2]: *** [CMakeFiles/vision_interface__rosidl_typesupport_introspection_cpp.dir/build.make:275: CMakeFiles/vision_interface__rosidl_typesupport_introspection_cpp.dir/rosidl_typesupport_introspection_cpp/vision_interface/msg/detail/line_segments__type_support.cpp.o] Error 1
make[1]: *** [CMakeFiles/Makefile2:450: CMakeFiles/vision_interface__rosidl_typesupport_introspection_cpp.dir/all] Error 2
make[1]: *** Waiting for unfinished jobs....
[ 44%] Building CXX object CMakeFiles/vision_interface__rosidl_typesupport_fastrtps_c.dir/rosidl_typesupport_fastrtps_c/vision_interface/msg/detail/cal_param__type_support_c.cpp.o
[ 44%] Building C object CMakeFiles/vision_interface__rosidl_typesupport_introspection_c.dir/rosidl_typesupport_introspection_c/vision_interface/msg/detail/ball__type_support.c.o
[ 45%] Building CXX object CMakeFiles/vision_interface__rosidl_typesupport_fastrtps_c.dir/rosidl_typesupport_fastrtps_c/vision_interface/msg/detail/detections_track__type_support_c.cpp.o
[ 46%] Linking C shared library libvision_interface__rosidl_typesupport_introspection_c.so
[ 46%] Built target vision_interface__rosidl_typesupport_introspection_c
[ 47%] Building CXX object CMakeFiles/vision_interface__rosidl_typesupport_fastrtps_c.dir/rosidl_typesupport_fastrtps_c/vision_interface/msg/detail/segmentation_point__type_support_c.cpp.o
[ 48%] Building CXX object CMakeFiles/vision_interface__rosidl_typesupport_fastrtps_c.dir/rosidl_typesupport_fastrtps_c/vision_interface/msg/detail/segmentation_line__type_support_c.cpp.o
[ 49%] Building CXX object CMakeFiles/vision_interface__rosidl_typesupport_fastrtps_c.dir/rosidl_typesupport_fastrtps_c/vision_interface/msg/detail/segmentation_result__type_support_c.cpp.o
[ 50%] Building CXX object CMakeFiles/vision_interface__rosidl_typesupport_fastrtps_c.dir/rosidl_typesupport_fastrtps_c/vision_interface/msg/detail/image_head_position__type_support_c.cpp.o
[ 51%] Building CXX object CMakeFiles/vision_interface__rosidl_typesupport_fastrtps_c.dir/rosidl_typesupport_fastrtps_c/vision_interface/msg/detail/ball__type_support_c.cpp.o
[ 52%] Linking CXX shared library libvision_interface__rosidl_typesupport_fastrtps_c.so
[ 52%] Built target vision_interface__rosidl_typesupport_fastrtps_c
make: *** [Makefile:146: all] Error 2
