-- Found ament_cmake: 1.3.11 (/opt/ros/humble/share/ament_cmake/cmake)
-- Found Python3: /usr/bin/python3 (found version "3.14.5") found components: Interpreter
-- Found rclcpp: 16.0.12 (/opt/ros/humble/share/rclcpp/cmake)
-- Found rosidl_generator_c: 3.1.6 (/opt/ros/humble/share/rosidl_generator_c/cmake)
-- Found rosidl_adapter: 3.1.6 (/opt/ros/humble/share/rosidl_adapter/cmake)
-- Found rosidl_generator_cpp: 3.1.6 (/opt/ros/humble/share/rosidl_generator_cpp/cmake)
-- Using all available rosidl_typesupport_c: rosidl_typesupport_fastrtps_c;rosidl_typesupport_introspection_c
-- Using all available rosidl_typesupport_cpp: rosidl_typesupport_fastrtps_cpp;rosidl_typesupport_introspection_cpp
-- Found rmw_implementation_cmake: 6.1.2 (/opt/ros/humble/share/rmw_implementation_cmake/cmake)
-- Found rmw_fastrtps_cpp: 6.2.7 (/opt/ros/humble/share/rmw_fastrtps_cpp/cmake)
-- Found OpenSSL: /usr/lib/libcrypto.so (found version "3.6.2")
-- Found FastRTPS: /opt/ros/humble/include
-- Using RMW implementation 'rmw_fastrtps_cpp' as default
-- Performing Test CMAKE_HAVE_LIBC_PTHREAD
-- Performing Test CMAKE_HAVE_LIBC_PTHREAD - Success
-- Found Threads: TRUE
-- Found rosidl_default_generators: 1.2.0 (/opt/ros/humble/share/rosidl_default_generators/cmake)
-- Found geometry_msgs: 4.8.0 (/opt/ros/humble/share/geometry_msgs/cmake)
-- Found sensor_msgs: 4.8.0 (/opt/ros/humble/share/sensor_msgs/cmake)
-- Found ament_cmake_ros: 0.10.0 (/opt/ros/humble/share/ament_cmake_ros/cmake)
-- Using all available rosidl_typesupport_c: rosidl_typesupport_fastrtps_c;rosidl_typesupport_introspection_c
-- Using all available rosidl_typesupport_cpp: rosidl_typesupport_fastrtps_cpp;rosidl_typesupport_introspection_cpp
-- Found PythonInterp: /usr/bin/python3 (found suitable version "3.14.5", minimum required is "3.6")
-- Found python_cmake_module: 0.10.0 (/opt/ros/humble/share/python_cmake_module/cmake)
-- Found PythonLibs: /usr/lib/libpython3.14.so (found suitable version "3.14.5", minimum required is "3.5")
-- Using PYTHON_EXECUTABLE: /usr/bin/python3
-- Using PYTHON_INCLUDE_DIRS: /usr/include/python3.14
-- Using PYTHON_LIBRARIES: /usr/lib/libpython3.14.so
-- Found PythonExtra: .so
-- Using numpy include directory: /usr/lib/python3.14/site-packages/numpy/_core/include
-- Found ament_lint_auto: 0.12.12 (/opt/ros/humble/share/ament_lint_auto/cmake)
-- Added test 'lint_cmake' to check CMake code style
-- Added test 'xmllint' to check XML markup files
-- Configuring done (5.2s)
-- Generating done (0.1s)
-- Build files have been written to: /home/baro/Downloads/Football/K1_Football_Demo/build/vision_interface
[  0%] Generating C++ code for ROS interfaces
[  0%] Built target vision_interface__cpp
[  1%] Generating C code for ROS interfaces
[  1%] Built target ament_cmake_python_copy_vision_interface
[  3%] Building C object CMakeFiles/vision_interface__rosidl_generator_c.dir/rosidl_generator_c/vision_interface/msg/detail/detected_object__functions.c.o
[  3%] Building C object CMakeFiles/vision_interface__rosidl_generator_c.dir/rosidl_generator_c/vision_interface/msg/detail/line_segments__functions.c.o
[  4%] Building C object CMakeFiles/vision_interface__rosidl_generator_c.dir/rosidl_generator_c/vision_interface/msg/detail/detections__functions.c.o
[  5%] Building C object CMakeFiles/vision_interface__rosidl_generator_c.dir/rosidl_generator_c/vision_interface/msg/detail/segmentation_point__functions.c.o
[  6%] Building C object CMakeFiles/vision_interface__rosidl_generator_c.dir/rosidl_generator_c/vision_interface/msg/detail/segmentation_line__functions.c.o
[  7%] Building C object CMakeFiles/vision_interface__rosidl_generator_c.dir/rosidl_generator_c/vision_interface/msg/detail/detections_track__functions.c.o
[  8%] Building C object CMakeFiles/vision_interface__rosidl_generator_c.dir/rosidl_generator_c/vision_interface/msg/detail/segmentation_result__functions.c.o
[  9%] Building C object CMakeFiles/vision_interface__rosidl_generator_c.dir/rosidl_generator_c/vision_interface/msg/detail/ball__functions.c.o
[ 10%] Building C object CMakeFiles/vision_interface__rosidl_generator_c.dir/rosidl_generator_c/vision_interface/msg/detail/image_head_position__functions.c.o
[ 11%] Building C object CMakeFiles/vision_interface__rosidl_generator_c.dir/rosidl_generator_c/vision_interface/msg/detail/cal_param__functions.c.o
[ 12%] Linking C shared library libvision_interface__rosidl_generator_c.so
[ 12%] Built target vision_interface__rosidl_generator_c
running egg_info
creating vision_interface.egg-info
writing vision_interface.egg-info/PKG-INFO
writing dependency_links to vision_interface.egg-info/dependency_links.txt
writing top-level names to vision_interface.egg-info/top_level.txt
writing manifest file 'vision_interface.egg-info/SOURCES.txt'
reading manifest file 'vision_interface.egg-info/SOURCES.txt'
writing manifest file 'vision_interface.egg-info/SOURCES.txt'
[ 12%] Built target ament_cmake_python_build_vision_interface_egg
[ 13%] Generating C type support dispatch for ROS interfaces
[ 14%] Building CXX object CMakeFiles/vision_interface__rosidl_typesupport_c.dir/rosidl_typesupport_c/vision_interface/msg/detections__type_support.cpp.o
[ 15%] Building CXX object CMakeFiles/vision_interface__rosidl_typesupport_c.dir/rosidl_typesupport_c/vision_interface/msg/detected_object__type_support.cpp.o
[ 16%] Building CXX object CMakeFiles/vision_interface__rosidl_typesupport_c.dir/rosidl_typesupport_c/vision_interface/msg/line_segments__type_support.cpp.o
[ 18%] Building CXX object CMakeFiles/vision_interface__rosidl_typesupport_c.dir/rosidl_typesupport_c/vision_interface/msg/detections_track__type_support.cpp.o
[ 18%] Building CXX object CMakeFiles/vision_interface__rosidl_typesupport_c.dir/rosidl_typesupport_c/vision_interface/msg/cal_param__type_support.cpp.o
[ 19%] Building CXX object CMakeFiles/vision_interface__rosidl_typesupport_c.dir/rosidl_typesupport_c/vision_interface/msg/segmentation_point__type_support.cpp.o
[ 20%] Building CXX object CMakeFiles/vision_interface__rosidl_typesupport_c.dir/rosidl_typesupport_c/vision_interface/msg/segmentation_line__type_support.cpp.o
[ 21%] Building CXX object CMakeFiles/vision_interface__rosidl_typesupport_c.dir/rosidl_typesupport_c/vision_interface/msg/segmentation_result__type_support.cpp.o
[ 21%] Building CXX object CMakeFiles/vision_interface__rosidl_typesupport_c.dir/rosidl_typesupport_c/vision_interface/msg/image_head_position__type_support.cpp.o
[ 22%] Building CXX object CMakeFiles/vision_interface__rosidl_typesupport_c.dir/rosidl_typesupport_c/vision_interface/msg/ball__type_support.cpp.o
[ 23%] Linking CXX shared library libvision_interface__rosidl_typesupport_c.so
[ 23%] Built target vision_interface__rosidl_typesupport_c
[ 25%] Generating C introspection for ROS interfaces
[ 25%] Generating C type support for eProsima Fast-RTPS
[ 26%] Generating C++ introspection for ROS interfaces
[ 27%] Building CXX object CMakeFiles/vision_interface__rosidl_typesupport_introspection_cpp.dir/rosidl_typesupport_introspection_cpp/vision_interface/msg/detail/detected_object__type_support.cpp.o
[ 28%] Building CXX object CMakeFiles/vision_interface__rosidl_typesupport_introspection_cpp.dir/rosidl_typesupport_introspection_cpp/vision_interface/msg/detail/detections__type_support.cpp.o
[ 30%] Building CXX object CMakeFiles/vision_interface__rosidl_typesupport_introspection_cpp.dir/rosidl_typesupport_introspection_cpp/vision_interface/msg/detail/line_segments__type_support.cpp.o
[ 30%] Building CXX object CMakeFiles/vision_interface__rosidl_typesupport_introspection_cpp.dir/rosidl_typesupport_introspection_cpp/vision_interface/msg/detail/cal_param__type_support.cpp.o
[ 31%] Building C object CMakeFiles/vision_interface__rosidl_typesupport_introspection_c.dir/rosidl_typesupport_introspection_c/vision_interface/msg/detail/detected_object__type_support.c.o
[ 32%] Building C object CMakeFiles/vision_interface__rosidl_typesupport_introspection_c.dir/rosidl_typesupport_introspection_c/vision_interface/msg/detail/detections__type_support.c.o
[ 33%] Building C object CMakeFiles/vision_interface__rosidl_typesupport_introspection_c.dir/rosidl_typesupport_introspection_c/vision_interface/msg/detail/line_segments__type_support.c.o
[ 34%] Building CXX object CMakeFiles/vision_interface__rosidl_typesupport_fastrtps_c.dir/rosidl_typesupport_fastrtps_c/vision_interface/msg/detail/detected_object__type_support_c.cpp.o
[ 35%] Building C object CMakeFiles/vision_interface__rosidl_typesupport_introspection_c.dir/rosidl_typesupport_introspection_c/vision_interface/msg/detail/cal_param__type_support.c.o
[ 36%] Building C object CMakeFiles/vision_interface__rosidl_typesupport_introspection_c.dir/rosidl_typesupport_introspection_c/vision_interface/msg/detail/detections_track__type_support.c.o
[ 37%] Building C object CMakeFiles/vision_interface__rosidl_typesupport_introspection_c.dir/rosidl_typesupport_introspection_c/vision_interface/msg/detail/segmentation_point__type_support.c.o
[ 38%] Building C object CMakeFiles/vision_interface__rosidl_typesupport_introspection_c.dir/rosidl_typesupport_introspection_c/vision_interface/msg/detail/segmentation_line__type_support.c.o
[ 39%] Building C object CMakeFiles/vision_interface__rosidl_typesupport_introspection_c.dir/rosidl_typesupport_introspection_c/vision_interface/msg/detail/segmentation_result__type_support.c.o
[ 40%] Building CXX object CMakeFiles/vision_interface__rosidl_typesupport_fastrtps_c.dir/rosidl_typesupport_fastrtps_c/vision_interface/msg/detail/line_segments__type_support_c.cpp.o
[ 41%] Building CXX object CMakeFiles/vision_interface__rosidl_typesupport_fastrtps_c.dir/rosidl_typesupport_fastrtps_c/vision_interface/msg/detail/detections__type_support_c.cpp.o
[ 42%] Building C object CMakeFiles/vision_interface__rosidl_typesupport_introspection_c.dir/rosidl_typesupport_introspection_c/vision_interface/msg/detail/image_head_position__type_support.c.o
[ 44%] Building CXX object CMakeFiles/vision_interface__rosidl_typesupport_fastrtps_c.dir/rosidl_typesupport_fastrtps_c/vision_interface/msg/detail/cal_param__type_support_c.cpp.o
[ 44%] Building C object CMakeFiles/vision_interface__rosidl_typesupport_introspection_c.dir/rosidl_typesupport_introspection_c/vision_interface/msg/detail/ball__type_support.c.o
[ 45%] Building CXX object CMakeFiles/vision_interface__rosidl_typesupport_fastrtps_c.dir/rosidl_typesupport_fastrtps_c/vision_interface/msg/detail/detections_track__type_support_c.cpp.o
[ 46%] Linking C shared library libvision_interface__rosidl_typesupport_introspection_c.so
[ 46%] Built target vision_interface__rosidl_typesupport_introspection_c
[ 47%] Building CXX object CMakeFiles/vision_interface__rosidl_typesupport_fastrtps_c.dir/rosidl_typesupport_fastrtps_c/vision_interface/msg/detail/segmentation_point__type_support_c.cpp.o
[ 48%] Building CXX object CMakeFiles/vision_interface__rosidl_typesupport_fastrtps_c.dir/rosidl_typesupport_fastrtps_c/vision_interface/msg/detail/segmentation_line__type_support_c.cpp.o
[ 49%] Building CXX object CMakeFiles/vision_interface__rosidl_typesupport_fastrtps_c.dir/rosidl_typesupport_fastrtps_c/vision_interface/msg/detail/segmentation_result__type_support_c.cpp.o
[ 50%] Building CXX object CMakeFiles/vision_interface__rosidl_typesupport_fastrtps_c.dir/rosidl_typesupport_fastrtps_c/vision_interface/msg/detail/image_head_position__type_support_c.cpp.o
[ 51%] Building CXX object CMakeFiles/vision_interface__rosidl_typesupport_fastrtps_c.dir/rosidl_typesupport_fastrtps_c/vision_interface/msg/detail/ball__type_support_c.cpp.o
[ 52%] Linking CXX shared library libvision_interface__rosidl_typesupport_fastrtps_c.so
[ 52%] Built target vision_interface__rosidl_typesupport_fastrtps_c
