[0.009s] Invoking command in '/home/baro/Downloads/Football/K1_Football_Demo/build/game_controller_interface': DEBUGINFOD_URLS=https://debuginfod.archlinux.org _=/usr/bin/env /usr/bin/cmake /home/baro/Downloads/Football/K1_Football_Demo/src/robocup_ros2_interface/src/game_controller_interface -DCMAKE_INSTALL_PREFIX=/home/baro/Downloads/Football/K1_Football_Demo/install/game_controller_interface
[0.038s] CMake Deprecation Warning at CMakeLists.txt:1 (cmake_minimum_required):
[0.038s]   Compatibility with CMake < 3.10 will be removed from a future version of
[0.038s]   CMake.
[0.038s] 
[0.038s]   Update the VERSION argument <min> value.  Or, use the <min>...<max> syntax
[0.038s]   to tell CMake that the project requires at least <min> but has been updated
[0.038s]   to work with policies introduced by <max> or earlier.
[0.039s] 
[0.039s] 
[0.092s] -- The C compiler identification is GNU 16.1.1
[0.274s] -- The CXX compiler identification is GNU 16.1.1
[0.286s] -- Detecting C compiler ABI info
[0.397s] -- Detecting C compiler ABI info - done
[0.417s] -- Check for working C compiler: /usr/bin/cc - skipped
[0.418s] -- Detecting C compile features
[0.418s] -- Detecting C compile features - done
[0.436s] -- Detecting CXX compiler ABI info
[0.595s] -- Detecting CXX compiler ABI info - done
[0.615s] -- Check for working CXX compiler: /usr/bin/c++ - skipped
[0.616s] -- Detecting CXX compile features
[0.617s] -- Detecting CXX compile features - done
[0.671s] CMake Error at CMakeLists.txt:9 (find_package):
[0.671s]   By not providing "Findament_cmake.cmake" in CMAKE_MODULE_PATH this project
[0.671s]   has asked CMake to find a package configuration file provided by
[0.671s]   "ament_cmake", but CMake did not find one.
[0.671s] 
[0.672s]   Could not find a package configuration file provided by "ament_cmake" with
[0.672s]   any of the following names:
[0.672s] 
[0.672s]     ament_cmake.cps
[0.672s]     ament_cmakeConfig.cmake
[0.672s]     ament_cmake-config.cmake
[0.672s] 
[0.672s]   Add the installation prefix of "ament_cmake" to CMAKE_PREFIX_PATH or set
[0.672s]   "ament_cmake_DIR" to a directory containing one of the above files.  If
[0.672s]   "ament_cmake" provides a separate development package or SDK, be sure it
[0.672s]   has been installed.
[0.672s] 
[0.672s] 
[0.673s] -- Configuring incomplete, errors occurred!
