[0.010s] Invoking command in '/home/baro/Downloads/Football/K1_Football_Demo/build/vision_interface': DEBUGINFOD_URLS=https://debuginfod.archlinux.org _=/usr/bin/env /usr/bin/cmake /home/baro/Downloads/Football/K1_Football_Demo/src/robocup_ros2_interface/src/vision_interface -DCMAKE_INSTALL_PREFIX=/home/baro/Downloads/Football/K1_Football_Demo/install/vision_interface
[0.033s] CMake Deprecation Warning at CMakeLists.txt:1 (cmake_minimum_required):
[0.033s]   Compatibility with CMake < 3.10 will be removed from a future version of
[0.033s]   CMake.
[0.033s] 
[0.033s]   Update the VERSION argument <min> value.  Or, use the <min>...<max> syntax
[0.034s]   to tell CMake that the project requires at least <min> but has been updated
[0.034s]   to work with policies introduced by <max> or earlier.
[0.034s] 
[0.034s] 
[0.099s] -- The C compiler identification is GNU 16.1.1
[0.270s] -- The CXX compiler identification is GNU 16.1.1
[0.281s] -- Detecting C compiler ABI info
[0.392s] -- Detecting C compiler ABI info - done
[0.409s] -- Check for working C compiler: /usr/bin/cc - skipped
[0.409s] -- Detecting C compile features
[0.409s] -- Detecting C compile features - done
[0.428s] -- Detecting CXX compiler ABI info
[0.580s] -- Detecting CXX compiler ABI info - done
[0.598s] -- Check for working CXX compiler: /usr/bin/c++ - skipped
[0.598s] -- Detecting CXX compile features
[0.599s] -- Detecting CXX compile features - done
[0.625s] CMake Error at CMakeLists.txt:9 (find_package):
[0.625s]   By not providing "Findament_cmake.cmake" in CMAKE_MODULE_PATH this project
[0.625s]   has asked CMake to find a package configuration file provided by
[0.625s]   "ament_cmake", but CMake did not find one.
[0.626s] 
[0.626s]   Could not find a package configuration file provided by "ament_cmake" with
[0.626s]   any of the following names:
[0.626s] 
[0.626s]     ament_cmake.cps
[0.626s]     ament_cmakeConfig.cmake
[0.626s]     ament_cmake-config.cmake
[0.626s] 
[0.627s]   Add the installation prefix of "ament_cmake" to CMAKE_PREFIX_PATH or set
[0.627s]   "ament_cmake_DIR" to a directory containing one of the above files.  If
[0.627s]   "ament_cmake" provides a separate development package or SDK, be sure it
[0.627s]   has been installed.
[0.627s] 
[0.627s] 
[0.627s] -- Configuring incomplete, errors occurred!
[0.634s] Invoked command in '/home/baro/Downloads/Football/K1_Football_Demo/build/vision_interface' returned '1': DEBUGINFOD_URLS=https://debuginfod.archlinux.org _=/usr/bin/env /usr/bin/cmake /home/baro/Downloads/Football/K1_Football_Demo/src/robocup_ros2_interface/src/vision_interface -DCMAKE_INSTALL_PREFIX=/home/baro/Downloads/Football/K1_Football_Demo/install/vision_interface
