[0.012s] Invoking command in '/home/baro/Downloads/Football/K1_Football_Demo/build/vision_interface': DEBUGINFOD_URLS=https://debuginfod.archlinux.org _=/usr/bin/env /usr/bin/cmake --build /home/baro/Downloads/Football/K1_Football_Demo/build/vision_interface -- -j8 -l8
[0.111s] [  0%] Built target vision_interface__cpp
[0.189s] [  0%] Built target ament_cmake_python_copy_vision_interface
[0.289s] [  1%] Building CXX object CMakeFiles/vision_interface__rosidl_typesupport_introspection_cpp.dir/rosidl_typesupport_introspection_cpp/vision_interface/msg/detail/detections__type_support.cpp.o
[0.326s] [  2%] Building CXX object CMakeFiles/vision_interface__rosidl_typesupport_introspection_cpp.dir/rosidl_typesupport_introspection_cpp/vision_interface/msg/detail/segmentation_point__type_support.cpp.o
[1.299s] In file included from /opt/ros/humble/include/std_msgs/std_msgs/msg/detail/header__struct.hpp:20,
[1.299s]                  from /home/baro/Downloads/Football/K1_Football_Demo/build/vision_interface/rosidl_generator_cpp/vision_interface/msg/detail/detections__struct.hpp:20,
[1.299s]                  from /home/baro/Downloads/Football/K1_Football_Demo/build/vision_interface/rosidl_typesupport_introspection_cpp/vision_interface/msg/detail/detections__type_support.cpp:12:
[1.302s] /opt/ros/humble/include/builtin_interfaces/builtin_interfaces/msg/detail/time__struct.hpp:62:5: error: ‘uint32_t’ does not name a type [-Wtemplate-body]
[1.302s]    62 |     uint32_t;
[1.303s]       |     ^~~~~~~~
[1.303s] /opt/ros/humble/include/builtin_interfaces/builtin_interfaces/msg/detail/time__struct.hpp:1:1: note: ‘uint32_t’ is defined in header ‘<cstdint>’; this is probably fixable by adding ‘#include <cstdint>’
[1.303s]   +++ |+#include <cstdint>
[1.303s]     1 | // generated from rosidl_generator_cpp/resource/idl__struct.hpp.em
[1.303s] /opt/ros/humble/include/builtin_interfaces/builtin_interfaces/msg/detail/time__struct.hpp:63:3: error: ‘_nanosec_type’ does not name a type; did you mean ‘_sec_type’? [-Wtemplate-body]
[1.304s]    63 |   _nanosec_type nanosec;
[1.304s]       |   ^~~~~~~~~~~~~
[1.304s]       |   _sec_type
[1.308s] /opt/ros/humble/include/builtin_interfaces/builtin_interfaces/msg/detail/time__struct.hpp:73:11: error: ‘uint32_t’ does not name a type [-Wtemplate-body]
[1.309s]    73 |     const uint32_t & _arg)
[1.309s]       |           ^~~~~~~~
[1.309s] /opt/ros/humble/include/builtin_interfaces/builtin_interfaces/msg/detail/time__struct.hpp:73:11: note: ‘uint32_t’ is defined in header ‘<cstdint>’; this is probably fixable by adding ‘#include <cstdint>’
[1.310s] /opt/ros/humble/include/builtin_interfaces/builtin_interfaces/msg/detail/time__struct.hpp: In constructor ‘builtin_interfaces::msg::Time_<ContainerAllocator>::Time_(rosidl_runtime_cpp::MessageInitialization)’:
[1.310s] /opt/ros/humble/include/builtin_interfaces/builtin_interfaces/msg/detail/time__struct.hpp:42:13: error: ‘struct builtin_interfaces::msg::Time_<ContainerAllocator>’ has no member named ‘nanosec’ [-Wtemplate-body]
[1.310s]    42 |       this->nanosec = 0ul;
[1.310s]       |             ^~~~~~~
[1.310s] /opt/ros/humble/include/builtin_interfaces/builtin_interfaces/msg/detail/time__struct.hpp: In constructor ‘builtin_interfaces::msg::Time_<ContainerAllocator>::Time_(const ContainerAllocator&, rosidl_runtime_cpp::MessageInitialization)’:
[1.311s] /opt/ros/humble/include/builtin_interfaces/builtin_interfaces/msg/detail/time__struct.hpp:53:13: error: ‘struct builtin_interfaces::msg::Time_<ContainerAllocator>’ has no member named ‘nanosec’ [-Wtemplate-body]
[1.311s]    53 |       this->nanosec = 0ul;
[1.311s]       |             ^~~~~~~
[1.311s] /opt/ros/humble/include/builtin_interfaces/builtin_interfaces/msg/detail/time__struct.hpp: In member function ‘builtin_interfaces::msg::Time_<ContainerAllocator>::Type& builtin_interfaces::msg::Time_<ContainerAllocator>::set__nanosec(const int&)’:
[1.311s] /opt/ros/humble/include/builtin_interfaces/builtin_interfaces/msg/detail/time__struct.hpp:75:11: error: ‘struct builtin_interfaces::msg::Time_<ContainerAllocator>’ has no member named ‘nanosec’ [-Wtemplate-body]
[1.312s]    75 |     this->nanosec = _arg;
[1.312s]       |           ^~~~~~~
[1.312s] /opt/ros/humble/include/builtin_interfaces/builtin_interfaces/msg/detail/time__struct.hpp: In member function ‘bool builtin_interfaces::msg::Time_<ContainerAllocator>::operator==(const builtin_interfaces::msg::Time_<ContainerAllocator>&) const’:
[1.312s] /opt/ros/humble/include/builtin_interfaces/builtin_interfaces/msg/detail/time__struct.hpp:124:15: error: ‘const struct builtin_interfaces::msg::Time_<ContainerAllocator>’ has no member named ‘nanosec’ [-Wtemplate-body]
[1.313s]   124 |     if (this->nanosec != other.nanosec) {
[1.313s]       |               ^~~~~~~
[1.313s] /opt/ros/humble/include/builtin_interfaces/builtin_interfaces/msg/detail/time__struct.hpp:124:32: error: ‘const struct builtin_interfaces::msg::Time_<ContainerAllocator>’ has no member named ‘nanosec’ [-Wtemplate-body]
[1.314s]   124 |     if (this->nanosec != other.nanosec) {
[1.315s]       |                                ^~~~~~~
[1.530s] make[2]: *** [CMakeFiles/vision_interface__rosidl_typesupport_introspection_cpp.dir/build.make:261: CMakeFiles/vision_interface__rosidl_typesupport_introspection_cpp.dir/rosidl_typesupport_introspection_cpp/vision_interface/msg/detail/detections__type_support.cpp.o] Error 1
[1.530s] make[1]: *** [CMakeFiles/Makefile2:450: CMakeFiles/vision_interface__rosidl_typesupport_introspection_cpp.dir/all] Error 2
[1.531s] make: *** [Makefile:146: all] Error 2
