[0.007s] Invoking command in '/home/baro/Downloads/Football/K1_Football_Demo/build/booster_msgs': DEBUGINFOD_URLS=https://debuginfod.archlinux.org _=/usr/bin/env /usr/bin/cmake /home/baro/Downloads/Football/K1_Football_Demo/src/booster_msgs -DCMAKE_INSTALL_PREFIX=/home/baro/Downloads/Football/K1_Football_Demo/install/booster_msgs
[0.015s] CMake Deprecation Warning at CMakeLists.txt:1 (cmake_minimum_required):
[0.015s]   Compatibility with CMake < 3.10 will be removed from a future version of
[0.015s]   CMake.
[0.015s] 
[0.015s]   Update the VERSION argument <min> value.  Or, use the <min>...<max> syntax
[0.015s]   to tell CMake that the project requires at least <min> but has been updated
[0.015s]   to work with policies introduced by <max> or earlier.
[0.015s] 
[0.015s] 
[0.038s] CMake Error at CMakeLists.txt:9 (find_package):
[0.038s]   By not providing "Findament_cmake.cmake" in CMAKE_MODULE_PATH this project
[0.038s]   has asked CMake to find a package configuration file provided by
[0.038s]   "ament_cmake", but CMake did not find one.
[0.038s] 
[0.039s]   Could not find a package configuration file provided by "ament_cmake" with
[0.039s]   any of the following names:
[0.039s] 
[0.039s]     ament_cmake.cps
[0.039s]     ament_cmakeConfig.cmake
[0.039s]     ament_cmake-config.cmake
[0.039s] 
[0.039s]   Add the installation prefix of "ament_cmake" to CMAKE_PREFIX_PATH or set
[0.039s]   "ament_cmake_DIR" to a directory containing one of the above files.  If
[0.040s]   "ament_cmake" provides a separate development package or SDK, be sure it
[0.040s]   has been installed.
[0.040s] 
[0.040s] 
[0.040s] -- Configuring incomplete, errors occurred!
[0.041s] Invoked command in '/home/baro/Downloads/Football/K1_Football_Demo/build/booster_msgs' returned '1': DEBUGINFOD_URLS=https://debuginfod.archlinux.org _=/usr/bin/env /usr/bin/cmake /home/baro/Downloads/Football/K1_Football_Demo/src/booster_msgs -DCMAKE_INSTALL_PREFIX=/home/baro/Downloads/Football/K1_Football_Demo/install/booster_msgs
