[  1%] Generating C code for ROS interfaces
[  1%] Built target booster_interface__cpp
[  1%] Built target ament_cmake_python_copy_booster_interface
[  1%] Generating C++ type support for eProsima Fast-RTPS
[  2%] Building CXX object CMakeFiles/booster_interface__rosidl_typesupport_introspection_cpp.dir/rosidl_typesupport_introspection_cpp/booster_interface/msg/detail/motor_state__type_support.cpp.o
[  4%] Building CXX object CMakeFiles/booster_interface__rosidl_typesupport_introspection_cpp.dir/rosidl_typesupport_introspection_cpp/booster_interface/msg/detail/raw_bytes_msg__type_support.cpp.o
[  4%] Building CXX object CMakeFiles/booster_interface__rosidl_typesupport_introspection_cpp.dir/rosidl_typesupport_introspection_cpp/booster_interface/msg/detail/odometer__type_support.cpp.o
[  5%] Building CXX object CMakeFiles/booster_interface__rosidl_typesupport_introspection_cpp.dir/rosidl_typesupport_introspection_cpp/booster_interface/msg/detail/low_state__type_support.cpp.o
[  6%] Building CXX object CMakeFiles/booster_interface__rosidl_typesupport_cpp.dir/rosidl_typesupport_cpp/booster_interface/msg/motor_state__type_support.cpp.o
running egg_info
writing booster_interface.egg-info/PKG-INFO
writing dependency_links to booster_interface.egg-info/dependency_links.txt
writing top-level names to booster_interface.egg-info/top_level.txt
reading manifest file 'booster_interface.egg-info/SOURCES.txt'
writing manifest file 'booster_interface.egg-info/SOURCES.txt'
In file included from /home/baro/Downloads/Football/K1_Football_Demo/build/booster_interface/rosidl_typesupport_introspection_cpp/booster_interface/msg/detail/raw_bytes_msg__type_support.cpp:12:
/home/baro/Downloads/Football/K1_Football_Demo/build/booster_interface/rosidl_generator_cpp/booster_interface/msg/detail/raw_bytes_msg__struct.hpp:49:17: error: ‘uint8_t’ was not declared in this scope [-Wtemplate-body]
   49 |     std::vector<uint8_t, typename std::allocator_traits<ContainerAllocator>::template rebind_alloc<uint8_t>>;
      |                 ^~~~~~~
/home/baro/Downloads/Football/K1_Football_Demo/build/booster_interface/rosidl_generator_cpp/booster_interface/msg/detail/raw_bytes_msg__struct.hpp:16:1: note: ‘uint8_t’ is defined in header ‘<cstdint>’; this is probably fixable by adding ‘#include <cstdint>’
   15 | #include "rosidl_runtime_cpp/message_initialization.hpp"
  +++ |+#include <cstdint>
   16 | 
/home/baro/Downloads/Football/K1_Football_Demo/build/booster_interface/rosidl_generator_cpp/booster_interface/msg/detail/raw_bytes_msg__struct.hpp:49:100: error: ‘uint8_t’ was not declared in this scope [-Wtemplate-body]
   49 |     std::vector<uint8_t, typename std::allocator_traits<ContainerAllocator>::template rebind_alloc<uint8_t>>;
      |                                                                                                    ^~~~~~~
/home/baro/Downloads/Football/K1_Football_Demo/build/booster_interface/rosidl_generator_cpp/booster_interface/msg/detail/raw_bytes_msg__struct.hpp:49:100: note: ‘uint8_t’ is defined in header ‘<cstdint>’; this is probably fixable by adding ‘#include <cstdint>’
/home/baro/Downloads/Football/K1_Football_Demo/build/booster_interface/rosidl_generator_cpp/booster_interface/msg/detail/raw_bytes_msg__struct.hpp:49:107: error: template argument 1 is invalid [-Wtemplate-body]
   49 |     std::vector<uint8_t, typename std::allocator_traits<ContainerAllocator>::template rebind_alloc<uint8_t>>;
      |                                                                                                           ^~
/home/baro/Downloads/Football/K1_Football_Demo/build/booster_interface/rosidl_generator_cpp/booster_interface/msg/detail/raw_bytes_msg__struct.hpp:50:3: error: ‘_msg_type’ does not name a type [-Wtemplate-body]
   50 |   _msg_type msg;
      |   ^~~~~~~~~
/home/baro/Downloads/Football/K1_Football_Demo/build/booster_interface/rosidl_generator_cpp/booster_interface/msg/detail/raw_bytes_msg__struct.hpp:54:23: error: ‘uint8_t’ was not declared in this scope [-Wtemplate-body]
   54 |     const std::vector<uint8_t, typename std::allocator_traits<ContainerAllocator>::template rebind_alloc<uint8_t>> & _arg)
      |                       ^~~~~~~
/home/baro/Downloads/Football/K1_Football_Demo/build/booster_interface/rosidl_generator_cpp/booster_interface/msg/detail/raw_bytes_msg__struct.hpp:54:23: note: ‘uint8_t’ is defined in header ‘<cstdint>’; this is probably fixable by adding ‘#include <cstdint>’
/home/baro/Downloads/Football/K1_Football_Demo/build/booster_interface/rosidl_generator_cpp/booster_interface/msg/detail/raw_bytes_msg__struct.hpp:54:106: error: ‘uint8_t’ was not declared in this scope [-Wtemplate-body]
   54 |     const std::vector<uint8_t, typename std::allocator_traits<ContainerAllocator>::template rebind_alloc<uint8_t>> & _arg)
      |                                                                                                          ^~~~~~~
/home/baro/Downloads/Football/K1_Football_Demo/build/booster_interface/rosidl_generator_cpp/booster_interface/msg/detail/raw_bytes_msg__struct.hpp:54:106: note: ‘uint8_t’ is defined in header ‘<cstdint>’; this is probably fixable by adding ‘#include <cstdint>’
/home/baro/Downloads/Football/K1_Football_Demo/build/booster_interface/rosidl_generator_cpp/booster_interface/msg/detail/raw_bytes_msg__struct.hpp:54:113: error: template argument 1 is invalid [-Wtemplate-body]
   54 |     const std::vector<uint8_t, typename std::allocator_traits<ContainerAllocator>::template rebind_alloc<uint8_t>> & _arg)
      |                                                                                                                 ^~
/home/baro/Downloads/Football/K1_Football_Demo/build/booster_interface/rosidl_generator_cpp/booster_interface/msg/detail/raw_bytes_msg__struct.hpp: In member function ‘booster_interface::msg::RawBytesMsg_<ContainerAllocator>::Type& booster_interface::msg::RawBytesMsg_<ContainerAllocator>::set__msg(const int&)’:
/home/baro/Downloads/Football/K1_Football_Demo/build/booster_interface/rosidl_generator_cpp/booster_interface/msg/detail/raw_bytes_msg__struct.hpp:56:11: error: ‘struct booster_interface::msg::RawBytesMsg_<ContainerAllocator>’ has no member named ‘msg’ [-Wtemplate-body]
   56 |     this->msg = _arg;
      |           ^~~
/home/baro/Downloads/Football/K1_Football_Demo/build/booster_interface/rosidl_generator_cpp/booster_interface/msg/detail/raw_bytes_msg__struct.hpp: In member function ‘bool booster_interface::msg::RawBytesMsg_<ContainerAllocator>::operator==(const booster_interface::msg::RawBytesMsg_<ContainerAllocator>&) const’:
/home/baro/Downloads/Football/K1_Football_Demo/build/booster_interface/rosidl_generator_cpp/booster_interface/msg/detail/raw_bytes_msg__struct.hpp:102:15: error: ‘const struct booster_interface::msg::RawBytesMsg_<ContainerAllocator>’ has no member named ‘msg’ [-Wtemplate-body]
  102 |     if (this->msg != other.msg) {
      |               ^~~
/home/baro/Downloads/Football/K1_Football_Demo/build/booster_interface/rosidl_generator_cpp/booster_interface/msg/detail/raw_bytes_msg__struct.hpp:102:28: error: ‘const struct booster_interface::msg::RawBytesMsg_<ContainerAllocator>’ has no member named ‘msg’ [-Wtemplate-body]
  102 |     if (this->msg != other.msg) {
      |                            ^~~
In file included from /usr/include/time.h:29,
                 from /usr/include/pthread.h:23,
                 from /usr/include/c++/16.1.1/x86_64-pc-linux-gnu/bits/gthr-default.h:35,
                 from /usr/include/c++/16.1.1/x86_64-pc-linux-gnu/bits/gthr.h:157,
                 from /usr/include/c++/16.1.1/ext/atomicity.h:37,
                 from /usr/include/c++/16.1.1/bits/shared_ptr_base.h:61,
                 from /usr/include/c++/16.1.1/bits/shared_ptr.h:53,
                 from /usr/include/c++/16.1.1/memory:82,
                 from /home/baro/Downloads/Football/K1_Football_Demo/build/booster_interface/rosidl_generator_cpp/booster_interface/msg/detail/raw_bytes_msg__struct.hpp:10:
/home/baro/Downloads/Football/K1_Football_Demo/build/booster_interface/rosidl_typesupport_introspection_cpp/booster_interface/msg/detail/raw_bytes_msg__type_support.cpp: At global scope:
/home/baro/Downloads/Football/K1_Football_Demo/build/booster_interface/rosidl_typesupport_introspection_cpp/booster_interface/msg/detail/raw_bytes_msg__type_support.cpp:94:51: error: ‘using booster_interface::msg::RawBytesMsg = struct booster_interface::msg::RawBytesMsg_<std::allocator<void> >’ {aka ‘struct booster_interface::msg::RawBytesMsg_<std::allocator<void> >’} has no member named ‘msg’
   94 |     offsetof(booster_interface::msg::RawBytesMsg, msg),  // bytes offset in struct
      |                                                   ^~~
In file included from /home/baro/Downloads/Football/K1_Football_Demo/build/booster_interface/rosidl_typesupport_introspection_cpp/booster_interface/msg/detail/motor_state__type_support.cpp:12:
/home/baro/Downloads/Football/K1_Football_Demo/build/booster_interface/rosidl_generator_cpp/booster_interface/msg/detail/motor_state__struct.hpp:89:5: error: ‘uint32_t’ does not name a type [-Wtemplate-body]
   89 |     uint32_t;
      |     ^~~~~~~~
/home/baro/Downloads/Football/K1_Football_Demo/build/booster_interface/rosidl_generator_cpp/booster_interface/msg/detail/motor_state__struct.hpp:16:1: note: ‘uint32_t’ is defined in header ‘<cstdint>’; this is probably fixable by adding ‘#include <cstdint>’
   15 | #include "rosidl_runtime_cpp/message_initialization.hpp"
  +++ |+#include <cstdint>
   16 | 
In file included from /home/baro/Downloads/Football/K1_Football_Demo/build/booster_interface/rosidl_typesupport_cpp/booster_interface/msg/motor_state__type_support.cpp:7:
/home/baro/Downloads/Football/K1_Football_Demo/build/booster_interface/rosidl_generator_cpp/booster_interface/msg/detail/motor_state__struct.hpp:89:5: error: ‘uint32_t’ does not name a type [-Wtemplate-body]
   89 |     uint32_t;
      |     ^~~~~~~~
/home/baro/Downloads/Football/K1_Football_Demo/build/booster_interface/rosidl_generator_cpp/booster_interface/msg/detail/motor_state__struct.hpp:16:1: note: ‘uint32_t’ is defined in header ‘<cstdint>’; this is probably fixable by adding ‘#include <cstdint>’
   15 | #include "rosidl_runtime_cpp/message_initialization.hpp"
  +++ |+#include <cstdint>
   16 | 
/home/baro/Downloads/Football/K1_Football_Demo/build/booster_interface/rosidl_generator_cpp/booster_interface/msg/detail/motor_state__struct.hpp:90:3: error: ‘_lost_type’ does not name a type; did you mean ‘_mode_type’? [-Wtemplate-body]
   90 |   _lost_type lost;
      |   ^~~~~~~~~~
      |   _mode_type
/home/baro/Downloads/Football/K1_Football_Demo/build/booster_interface/rosidl_generator_cpp/booster_interface/msg/detail/motor_state__struct.hpp:92:16: error: ‘uint32_t’ was not declared in this scope [-Wtemplate-body]
   92 |     std::array<uint32_t, 2>;
      |                ^~~~~~~~
/home/baro/Downloads/Football/K1_Football_Demo/build/booster_interface/rosidl_generator_cpp/booster_interface/msg/detail/motor_state__struct.hpp:92:16: note: ‘uint32_t’ is defined in header ‘<cstdint>’; this is probably fixable by adding ‘#include <cstdint>’
/home/baro/Downloads/Football/K1_Football_Demo/build/booster_interface/rosidl_generator_cpp/booster_interface/msg/detail/motor_state__struct.hpp:90:3: error: ‘_lost_type’ does not name a type; did you mean ‘_mode_type’? [-Wtemplate-body]
   90 |   _lost_type lost;
      |   ^~~~~~~~~~
      |   _mode_type
/home/baro/Downloads/Football/K1_Football_Demo/build/booster_interface/rosidl_generator_cpp/booster_interface/msg/detail/motor_state__struct.hpp:92:27: error: template argument 1 is invalid [-Wtemplate-body]
   92 |     std::array<uint32_t, 2>;
      |                           ^
/home/baro/Downloads/Football/K1_Football_Demo/build/booster_interface/rosidl_generator_cpp/booster_interface/msg/detail/motor_state__struct.hpp:92:16: error: ‘uint32_t’ was not declared in this scope [-Wtemplate-body]
   92 |     std::array<uint32_t, 2>;
      |                ^~~~~~~~
/home/baro/Downloads/Football/K1_Football_Demo/build/booster_interface/rosidl_generator_cpp/booster_interface/msg/detail/motor_state__struct.hpp:92:16: note: ‘uint32_t’ is defined in header ‘<cstdint>’; this is probably fixable by adding ‘#include <cstdint>’
/home/baro/Downloads/Football/K1_Football_Demo/build/booster_interface/rosidl_generator_cpp/booster_interface/msg/detail/motor_state__struct.hpp:92:27: error: template argument 1 is invalid [-Wtemplate-body]
   92 |     std::array<uint32_t, 2>;
      |                           ^
/home/baro/Downloads/Football/K1_Football_Demo/build/booster_interface/rosidl_generator_cpp/booster_interface/msg/detail/motor_state__struct.hpp:93:3: error: ‘_reserve_type’ does not name a type [-Wtemplate-body]
   93 |   _reserve_type reserve;
      |   ^~~~~~~~~~~~~
/home/baro/Downloads/Football/K1_Football_Demo/build/booster_interface/rosidl_generator_cpp/booster_interface/msg/detail/motor_state__struct.hpp:133:11: error: ‘uint32_t’ does not name a type [-Wtemplate-body]
  133 |     const uint32_t & _arg)
      |           ^~~~~~~~
/home/baro/Downloads/Football/K1_Football_Demo/build/booster_interface/rosidl_generator_cpp/booster_interface/msg/detail/motor_state__struct.hpp:133:11: note: ‘uint32_t’ is defined in header ‘<cstdint>’; this is probably fixable by adding ‘#include <cstdint>’
/home/baro/Downloads/Football/K1_Football_Demo/build/booster_interface/rosidl_generator_cpp/booster_interface/msg/detail/motor_state__struct.hpp:139:22: error: ‘uint32_t’ was not declared in this scope [-Wtemplate-body]
  139 |     const std::array<uint32_t, 2> & _arg)
      |                      ^~~~~~~~
/home/baro/Downloads/Football/K1_Football_Demo/build/booster_interface/rosidl_generator_cpp/booster_interface/msg/detail/motor_state__struct.hpp:139:22: note: ‘uint32_t’ is defined in header ‘<cstdint>’; this is probably fixable by adding ‘#include <cstdint>’
/home/baro/Downloads/Football/K1_Football_Demo/build/booster_interface/rosidl_generator_cpp/booster_interface/msg/detail/motor_state__struct.hpp:139:33: error: template argument 1 is invalid [-Wtemplate-body]
  139 |     const std::array<uint32_t, 2> & _arg)
      |                                 ^
/home/baro/Downloads/Football/K1_Football_Demo/build/booster_interface/rosidl_generator_cpp/booster_interface/msg/detail/motor_state__struct.hpp: In constructor ‘booster_interface::msg::MotorState_<ContainerAllocator>::MotorState_(rosidl_runtime_cpp::MessageInitialization)’:
/home/baro/Downloads/Football/K1_Football_Demo/build/booster_interface/rosidl_generator_cpp/booster_interface/msg/detail/motor_state__struct.hpp:47:13: error: ‘struct booster_interface::msg::MotorState_<ContainerAllocator>’ has no member named ‘lost’ [-Wtemplate-body]
   47 |       this->lost = 0ul;
      |             ^~~~
/home/baro/Downloads/Football/K1_Football_Demo/build/booster_interface/rosidl_generator_cpp/booster_interface/msg/detail/motor_state__struct.hpp:48:37: error: ‘uint32_t’ was not declared in this scope [-Wtemplate-body]
   48 |       std::fill<typename std::array<uint32_t, 2>::iterator, uint32_t>(this->reserve.begin(), this->reserve.end(), 0ul);
      |                                     ^~~~~~~~
/home/baro/Downloads/Football/K1_Football_Demo/build/booster_interface/rosidl_generator_cpp/booster_interface/msg/detail/motor_state__struct.hpp:48:37: note: ‘uint32_t’ is defined in header ‘<cstdint>’; this is probably fixable by adding ‘#include <cstdint>’
/home/baro/Downloads/Football/K1_Football_Demo/build/booster_interface/rosidl_generator_cpp/booster_interface/msg/detail/motor_state__struct.hpp:48:48: error: template argument 1 is invalid [-Wtemplate-body]
   48 |       std::fill<typename std::array<uint32_t, 2>::iterator, uint32_t>(this->reserve.begin(), this->reserve.end(), 0ul);
      |                                                ^
/home/baro/Downloads/Football/K1_Football_Demo/build/booster_interface/rosidl_generator_cpp/booster_interface/msg/detail/motor_state__struct.hpp:48:49: error: ‘<declaration error>’ is not a template [-Wtemplate-body]
   48 |       std::fill<typename std::array<uint32_t, 2>::iterator, uint32_t>(this->reserve.begin(), this->reserve.end(), 0ul);
      |                                                 ^~
/home/baro/Downloads/Football/K1_Football_Demo/build/booster_interface/rosidl_generator_cpp/booster_interface/msg/detail/motor_state__struct.hpp:48:77: error: ‘struct booster_interface::msg::MotorState_<ContainerAllocator>’ has no member named ‘reserve’ [-Wtemplate-body]
   48 |       std::fill<typename std::array<uint32_t, 2>::iterator, uint32_t>(this->reserve.begin(), this->reserve.end(), 0ul);
      |                                                                             ^~~~~~~
/home/baro/Downloads/Football/K1_Football_Demo/build/booster_interface/rosidl_generator_cpp/booster_interface/msg/detail/motor_state__struct.hpp:48:100: error: ‘struct booster_interface::msg::MotorState_<ContainerAllocator>’ has no member named ‘reserve’ [-Wtemplate-body]
   48 |       std::fill<typename std::array<uint32_t, 2>::iterator, uint32_t>(this->reserve.begin(), this->reserve.end(), 0ul);
      |                                                                                                    ^~~~~~~
/home/baro/Downloads/Football/K1_Football_Demo/build/booster_interface/rosidl_generator_cpp/booster_interface/msg/detail/motor_state__struct.hpp: In constructor ‘booster_interface::msg::MotorState_<ContainerAllocator>::MotorState_(const ContainerAllocator&, rosidl_runtime_cpp::MessageInitialization)’:
/home/baro/Downloads/Football/K1_Football_Demo/build/booster_interface/rosidl_generator_cpp/booster_interface/msg/detail/motor_state__struct.hpp:53:5: error: class ‘booster_interface::msg::MotorState_<ContainerAllocator>’ does not have any field named ‘reserve’ [-Wtemplate-body]
   53 |   : reserve(_alloc)
      |     ^~~~~~~
/home/baro/Downloads/Football/K1_Football_Demo/build/booster_interface/rosidl_generator_cpp/booster_interface/msg/detail/motor_state__struct.hpp:64:13: error: ‘struct booster_interface::msg::MotorState_<ContainerAllocator>’ has no member named ‘lost’ [-Wtemplate-body]
   64 |       this->lost = 0ul;
      |             ^~~~
/home/baro/Downloads/Football/K1_Football_Demo/build/booster_interface/rosidl_generator_cpp/booster_interface/msg/detail/motor_state__struct.hpp:65:37: error: ‘uint32_t’ was not declared in this scope [-Wtemplate-body]
   65 |       std::fill<typename std::array<uint32_t, 2>::iterator, uint32_t>(this->reserve.begin(), this->reserve.end(), 0ul);
      |                                     ^~~~~~~~
/home/baro/Downloads/Football/K1_Football_Demo/build/booster_interface/rosidl_generator_cpp/booster_interface/msg/detail/motor_state__struct.hpp:65:37: note: ‘uint32_t’ is defined in header ‘<cstdint>’; this is probably fixable by adding ‘#include <cstdint>’
/home/baro/Downloads/Football/K1_Football_Demo/build/booster_interface/rosidl_generator_cpp/booster_interface/msg/detail/motor_state__struct.hpp:65:48: error: template argument 1 is invalid [-Wtemplate-body]
   65 |       std::fill<typename std::array<uint32_t, 2>::iterator, uint32_t>(this->reserve.begin(), this->reserve.end(), 0ul);
      |                                                ^
/home/baro/Downloads/Football/K1_Football_Demo/build/booster_interface/rosidl_generator_cpp/booster_interface/msg/detail/motor_state__struct.hpp:65:49: error: ‘<declaration error>’ is not a template [-Wtemplate-body]
   65 |       std::fill<typename std::array<uint32_t, 2>::iterator, uint32_t>(this->reserve.begin(), this->reserve.end(), 0ul);
      |                                                 ^~
/home/baro/Downloads/Football/K1_Football_Demo/build/booster_interface/rosidl_generator_cpp/booster_interface/msg/detail/motor_state__struct.hpp:65:77: error: ‘struct booster_interface::msg::MotorState_<ContainerAllocator>’ has no member named ‘reserve’ [-Wtemplate-body]
   65 |       std::fill<typename std::array<uint32_t, 2>::iterator, uint32_t>(this->reserve.begin(), this->reserve.end(), 0ul);
      |                                                                             ^~~~~~~
/home/baro/Downloads/Football/K1_Football_Demo/build/booster_interface/rosidl_generator_cpp/booster_interface/msg/detail/motor_state__struct.hpp:65:100: error: ‘struct booster_interface::msg::MotorState_<ContainerAllocator>’ has no member named ‘reserve’ [-Wtemplate-body]
   65 |       std::fill<typename std::array<uint32_t, 2>::iterator, uint32_t>(this->reserve.begin(), this->reserve.end(), 0ul);
      |                                                                                                    ^~~~~~~
/home/baro/Downloads/Football/K1_Football_Demo/build/booster_interface/rosidl_generator_cpp/booster_interface/msg/detail/motor_state__struct.hpp: In member function ‘booster_interface::msg::MotorState_<ContainerAllocator>::Type& booster_interface::msg::MotorState_<ContainerAllocator>::set__lost(const int&)’:
/home/baro/Downloads/Football/K1_Football_Demo/build/booster_interface/rosidl_generator_cpp/booster_interface/msg/detail/motor_state__struct.hpp:135:11: error: ‘struct booster_interface::msg::MotorState_<ContainerAllocator>’ has no member named ‘lost’ [-Wtemplate-body]
  135 |     this->lost = _arg;
      |           ^~~~
/home/baro/Downloads/Football/K1_Football_Demo/build/booster_interface/rosidl_generator_cpp/booster_interface/msg/detail/motor_state__struct.hpp: In member function ‘booster_interface::msg::MotorState_<ContainerAllocator>::Type& booster_interface::msg::MotorState_<ContainerAllocator>::set__reserve(const int&)’:
/home/baro/Downloads/Football/K1_Football_Demo/build/booster_interface/rosidl_generator_cpp/booster_interface/msg/detail/motor_state__struct.hpp:141:11: error: ‘struct booster_interface::msg::MotorState_<ContainerAllocator>’ has no member named ‘reserve’ [-Wtemplate-body]
  141 |     this->reserve = _arg;
      |           ^~~~~~~
/home/baro/Downloads/Football/K1_Football_Demo/build/booster_interface/rosidl_generator_cpp/booster_interface/msg/detail/motor_state__struct.hpp: In member function ‘bool booster_interface::msg::MotorState_<ContainerAllocator>::operator==(const booster_interface::msg::MotorState_<ContainerAllocator>&) const’:
/home/baro/Downloads/Football/K1_Football_Demo/build/booster_interface/rosidl_generator_cpp/booster_interface/msg/detail/motor_state__struct.hpp:205:15: error: ‘const struct booster_interface::msg::MotorState_<ContainerAllocator>’ has no member named ‘lost’ [-Wtemplate-body]
  205 |     if (this->lost != other.lost) {
      |               ^~~~
/home/baro/Downloads/Football/K1_Football_Demo/build/booster_interface/rosidl_generator_cpp/booster_interface/msg/detail/motor_state__struct.hpp:205:29: error: ‘const struct booster_interface::msg::MotorState_<ContainerAllocator>’ has no member named ‘lost’ [-Wtemplate-body]
  205 |     if (this->lost != other.lost) {
      |                             ^~~~
/home/baro/Downloads/Football/K1_Football_Demo/build/booster_interface/rosidl_generator_cpp/booster_interface/msg/detail/motor_state__struct.hpp:93:3: error: ‘_reserve_type’ does not name a type [-Wtemplate-body]
   93 |   _reserve_type reserve;
      |   ^~~~~~~~~~~~~
/home/baro/Downloads/Football/K1_Football_Demo/build/booster_interface/rosidl_generator_cpp/booster_interface/msg/detail/motor_state__struct.hpp:208:15: error: ‘const struct booster_interface::msg::MotorState_<ContainerAllocator>’ has no member named ‘reserve’ [-Wtemplate-body]
  208 |     if (this->reserve != other.reserve) {
      |               ^~~~~~~
/home/baro/Downloads/Football/K1_Football_Demo/build/booster_interface/rosidl_generator_cpp/booster_interface/msg/detail/motor_state__struct.hpp:208:32: error: ‘const struct booster_interface::msg::MotorState_<ContainerAllocator>’ has no member named ‘reserve’ [-Wtemplate-body]
  208 |     if (this->reserve != other.reserve) {
      |                                ^~~~~~~
/home/baro/Downloads/Football/K1_Football_Demo/build/booster_interface/rosidl_generator_cpp/booster_interface/msg/detail/motor_state__struct.hpp:133:11: error: ‘uint32_t’ does not name a type [-Wtemplate-body]
  133 |     const uint32_t & _arg)
      |           ^~~~~~~~
/home/baro/Downloads/Football/K1_Football_Demo/build/booster_interface/rosidl_generator_cpp/booster_interface/msg/detail/motor_state__struct.hpp:133:11: note: ‘uint32_t’ is defined in header ‘<cstdint>’; this is probably fixable by adding ‘#include <cstdint>’
/home/baro/Downloads/Football/K1_Football_Demo/build/booster_interface/rosidl_generator_cpp/booster_interface/msg/detail/motor_state__struct.hpp:139:22: error: ‘uint32_t’ was not declared in this scope [-Wtemplate-body]
  139 |     const std::array<uint32_t, 2> & _arg)
      |                      ^~~~~~~~
/home/baro/Downloads/Football/K1_Football_Demo/build/booster_interface/rosidl_generator_cpp/booster_interface/msg/detail/motor_state__struct.hpp:139:22: note: ‘uint32_t’ is defined in header ‘<cstdint>’; this is probably fixable by adding ‘#include <cstdint>’
/home/baro/Downloads/Football/K1_Football_Demo/build/booster_interface/rosidl_generator_cpp/booster_interface/msg/detail/motor_state__struct.hpp:139:33: error: template argument 1 is invalid [-Wtemplate-body]
  139 |     const std::array<uint32_t, 2> & _arg)
      |                                 ^
/home/baro/Downloads/Football/K1_Football_Demo/build/booster_interface/rosidl_generator_cpp/booster_interface/msg/detail/motor_state__struct.hpp: In constructor ‘booster_interface::msg::MotorState_<ContainerAllocator>::MotorState_(rosidl_runtime_cpp::MessageInitialization)’:
/home/baro/Downloads/Football/K1_Football_Demo/build/booster_interface/rosidl_generator_cpp/booster_interface/msg/detail/motor_state__struct.hpp:47:13: error: ‘struct booster_interface::msg::MotorState_<ContainerAllocator>’ has no member named ‘lost’ [-Wtemplate-body]
   47 |       this->lost = 0ul;
      |             ^~~~
/home/baro/Downloads/Football/K1_Football_Demo/build/booster_interface/rosidl_generator_cpp/booster_interface/msg/detail/motor_state__struct.hpp:48:37: error: ‘uint32_t’ was not declared in this scope [-Wtemplate-body]
   48 |       std::fill<typename std::array<uint32_t, 2>::iterator, uint32_t>(this->reserve.begin(), this->reserve.end(), 0ul);
      |                                     ^~~~~~~~
/home/baro/Downloads/Football/K1_Football_Demo/build/booster_interface/rosidl_generator_cpp/booster_interface/msg/detail/motor_state__struct.hpp:48:37: note: ‘uint32_t’ is defined in header ‘<cstdint>’; this is probably fixable by adding ‘#include <cstdint>’
/home/baro/Downloads/Football/K1_Football_Demo/build/booster_interface/rosidl_generator_cpp/booster_interface/msg/detail/motor_state__struct.hpp:48:48: error: template argument 1 is invalid [-Wtemplate-body]
   48 |       std::fill<typename std::array<uint32_t, 2>::iterator, uint32_t>(this->reserve.begin(), this->reserve.end(), 0ul);
      |                                                ^
/home/baro/Downloads/Football/K1_Football_Demo/build/booster_interface/rosidl_generator_cpp/booster_interface/msg/detail/motor_state__struct.hpp:48:49: error: ‘<declaration error>’ is not a template [-Wtemplate-body]
   48 |       std::fill<typename std::array<uint32_t, 2>::iterator, uint32_t>(this->reserve.begin(), this->reserve.end(), 0ul);
      |                                                 ^~
/home/baro/Downloads/Football/K1_Football_Demo/build/booster_interface/rosidl_generator_cpp/booster_interface/msg/detail/motor_state__struct.hpp:48:77: error: ‘struct booster_interface::msg::MotorState_<ContainerAllocator>’ has no member named ‘reserve’ [-Wtemplate-body]
   48 |       std::fill<typename std::array<uint32_t, 2>::iterator, uint32_t>(this->reserve.begin(), this->reserve.end(), 0ul);
      |                                                                             ^~~~~~~
/home/baro/Downloads/Football/K1_Football_Demo/build/booster_interface/rosidl_generator_cpp/booster_interface/msg/detail/motor_state__struct.hpp:48:100: error: ‘struct booster_interface::msg::MotorState_<ContainerAllocator>’ has no member named ‘reserve’ [-Wtemplate-body]
   48 |       std::fill<typename std::array<uint32_t, 2>::iterator, uint32_t>(this->reserve.begin(), this->reserve.end(), 0ul);
      |                                                                                                    ^~~~~~~
/home/baro/Downloads/Football/K1_Football_Demo/build/booster_interface/rosidl_generator_cpp/booster_interface/msg/detail/motor_state__struct.hpp: In constructor ‘booster_interface::msg::MotorState_<ContainerAllocator>::MotorState_(const ContainerAllocator&, rosidl_runtime_cpp::MessageInitialization)’:
/home/baro/Downloads/Football/K1_Football_Demo/build/booster_interface/rosidl_generator_cpp/booster_interface/msg/detail/motor_state__struct.hpp:53:5: error: class ‘booster_interface::msg::MotorState_<ContainerAllocator>’ does not have any field named ‘reserve’ [-Wtemplate-body]
   53 |   : reserve(_alloc)
      |     ^~~~~~~
/home/baro/Downloads/Football/K1_Football_Demo/build/booster_interface/rosidl_generator_cpp/booster_interface/msg/detail/motor_state__struct.hpp:64:13: error: ‘struct booster_interface::msg::MotorState_<ContainerAllocator>’ has no member named ‘lost’ [-Wtemplate-body]
   64 |       this->lost = 0ul;
      |             ^~~~
/home/baro/Downloads/Football/K1_Football_Demo/build/booster_interface/rosidl_generator_cpp/booster_interface/msg/detail/motor_state__struct.hpp:65:37: error: ‘uint32_t’ was not declared in this scope [-Wtemplate-body]
   65 |       std::fill<typename std::array<uint32_t, 2>::iterator, uint32_t>(this->reserve.begin(), this->reserve.end(), 0ul);
      |                                     ^~~~~~~~
/home/baro/Downloads/Football/K1_Football_Demo/build/booster_interface/rosidl_generator_cpp/booster_interface/msg/detail/motor_state__struct.hpp:65:37: note: ‘uint32_t’ is defined in header ‘<cstdint>’; this is probably fixable by adding ‘#include <cstdint>’
/home/baro/Downloads/Football/K1_Football_Demo/build/booster_interface/rosidl_generator_cpp/booster_interface/msg/detail/motor_state__struct.hpp:65:48: error: template argument 1 is invalid [-Wtemplate-body]
   65 |       std::fill<typename std::array<uint32_t, 2>::iterator, uint32_t>(this->reserve.begin(), this->reserve.end(), 0ul);
      |                                                ^
/home/baro/Downloads/Football/K1_Football_Demo/build/booster_interface/rosidl_generator_cpp/booster_interface/msg/detail/motor_state__struct.hpp:65:49: error: ‘<declaration error>’ is not a template [-Wtemplate-body]
   65 |       std::fill<typename std::array<uint32_t, 2>::iterator, uint32_t>(this->reserve.begin(), this->reserve.end(), 0ul);
      |                                                 ^~
/home/baro/Downloads/Football/K1_Football_Demo/build/booster_interface/rosidl_generator_cpp/booster_interface/msg/detail/motor_state__struct.hpp:65:77: error: ‘struct booster_interface::msg::MotorState_<ContainerAllocator>’ has no member named ‘reserve’ [-Wtemplate-body]
   65 |       std::fill<typename std::array<uint32_t, 2>::iterator, uint32_t>(this->reserve.begin(), this->reserve.end(), 0ul);
      |                                                                             ^~~~~~~
/home/baro/Downloads/Football/K1_Football_Demo/build/booster_interface/rosidl_generator_cpp/booster_interface/msg/detail/motor_state__struct.hpp:65:100: error: ‘struct booster_interface::msg::MotorState_<ContainerAllocator>’ has no member named ‘reserve’ [-Wtemplate-body]
   65 |       std::fill<typename std::array<uint32_t, 2>::iterator, uint32_t>(this->reserve.begin(), this->reserve.end(), 0ul);
      |                                                                                                    ^~~~~~~
/home/baro/Downloads/Football/K1_Football_Demo/build/booster_interface/rosidl_generator_cpp/booster_interface/msg/detail/motor_state__struct.hpp: In member function ‘booster_interface::msg::MotorState_<ContainerAllocator>::Type& booster_interface::msg::MotorState_<ContainerAllocator>::set__lost(const int&)’:
/home/baro/Downloads/Football/K1_Football_Demo/build/booster_interface/rosidl_generator_cpp/booster_interface/msg/detail/motor_state__struct.hpp:135:11: error: ‘struct booster_interface::msg::MotorState_<ContainerAllocator>’ has no member named ‘lost’ [-Wtemplate-body]
  135 |     this->lost = _arg;
      |           ^~~~
In file included from /usr/include/time.h:29,
                 from /usr/include/pthread.h:23,
                 from /usr/include/c++/16.1.1/x86_64-pc-linux-gnu/bits/gthr-default.h:35,
                 from /usr/include/c++/16.1.1/x86_64-pc-linux-gnu/bits/gthr.h:157,
                 from /usr/include/c++/16.1.1/ext/atomicity.h:37,
                 from /usr/include/c++/16.1.1/bits/shared_ptr_base.h:61,
                 from /usr/include/c++/16.1.1/bits/shared_ptr.h:53,
                 from /usr/include/c++/16.1.1/memory:82,
                 from /home/baro/Downloads/Football/K1_Football_Demo/build/booster_interface/rosidl_generator_cpp/booster_interface/msg/detail/motor_state__struct.hpp:10:
/home/baro/Downloads/Football/K1_Football_Demo/build/booster_interface/rosidl_typesupport_introspection_cpp/booster_interface/msg/detail/motor_state__type_support.cpp: At global scope:
/home/baro/Downloads/Football/K1_Football_Demo/build/booster_interface/rosidl_typesupport_introspection_cpp/booster_interface/msg/detail/motor_state__type_support.cpp:189:50: error: ‘using booster_interface::msg::MotorState = struct booster_interface::msg::MotorState_<std::allocator<void> >’ {aka ‘struct booster_interface::msg::MotorState_<std::allocator<void> >’} has no member named ‘lost’
  189 |     offsetof(booster_interface::msg::MotorState, lost),  // bytes offset in struct
      |                                                  ^~~~
/home/baro/Downloads/Football/K1_Football_Demo/build/booster_interface/rosidl_typesupport_introspection_cpp/booster_interface/msg/detail/motor_state__type_support.cpp:206:50: error: ‘using booster_interface::msg::MotorState = struct booster_interface::msg::MotorState_<std::allocator<void> >’ {aka ‘struct booster_interface::msg::MotorState_<std::allocator<void> >’} has no member named ‘reserve’
  206 |     offsetof(booster_interface::msg::MotorState, reserve),  // bytes offset in struct
      |                                                  ^~~~~~~
/home/baro/Downloads/Football/K1_Football_Demo/build/booster_interface/rosidl_generator_cpp/booster_interface/msg/detail/motor_state__struct.hpp: In member function ‘booster_interface::msg::MotorState_<ContainerAllocator>::Type& booster_interface::msg::MotorState_<ContainerAllocator>::set__reserve(const int&)’:
/home/baro/Downloads/Football/K1_Football_Demo/build/booster_interface/rosidl_generator_cpp/booster_interface/msg/detail/motor_state__struct.hpp:141:11: error: ‘struct booster_interface::msg::MotorState_<ContainerAllocator>’ has no member named ‘reserve’ [-Wtemplate-body]
  141 |     this->reserve = _arg;
      |           ^~~~~~~
/home/baro/Downloads/Football/K1_Football_Demo/build/booster_interface/rosidl_generator_cpp/booster_interface/msg/detail/motor_state__struct.hpp: In member function ‘bool booster_interface::msg::MotorState_<ContainerAllocator>::operator==(const booster_interface::msg::MotorState_<ContainerAllocator>&) const’:
/home/baro/Downloads/Football/K1_Football_Demo/build/booster_interface/rosidl_generator_cpp/booster_interface/msg/detail/motor_state__struct.hpp:205:15: error: ‘const struct booster_interface::msg::MotorState_<ContainerAllocator>’ has no member named ‘lost’ [-Wtemplate-body]
  205 |     if (this->lost != other.lost) {
      |               ^~~~
/home/baro/Downloads/Football/K1_Football_Demo/build/booster_interface/rosidl_generator_cpp/booster_interface/msg/detail/motor_state__struct.hpp:205:29: error: ‘const struct booster_interface::msg::MotorState_<ContainerAllocator>’ has no member named ‘lost’ [-Wtemplate-body]
  205 |     if (this->lost != other.lost) {
      |                             ^~~~
/home/baro/Downloads/Football/K1_Football_Demo/build/booster_interface/rosidl_generator_cpp/booster_interface/msg/detail/motor_state__struct.hpp:208:15: error: ‘const struct booster_interface::msg::MotorState_<ContainerAllocator>’ has no member named ‘reserve’ [-Wtemplate-body]
  208 |     if (this->reserve != other.reserve) {
      |               ^~~~~~~
/home/baro/Downloads/Football/K1_Football_Demo/build/booster_interface/rosidl_generator_cpp/booster_interface/msg/detail/motor_state__struct.hpp:208:32: error: ‘const struct booster_interface::msg::MotorState_<ContainerAllocator>’ has no member named ‘reserve’ [-Wtemplate-body]
  208 |     if (this->reserve != other.reserve) {
      |                                ^~~~~~~
In file included from /home/baro/Downloads/Football/K1_Football_Demo/build/booster_interface/rosidl_generator_cpp/booster_interface/msg/detail/low_state__struct.hpp:23,
                 from /home/baro/Downloads/Football/K1_Football_Demo/build/booster_interface/rosidl_typesupport_introspection_cpp/booster_interface/msg/detail/low_state__type_support.cpp:12:
/home/baro/Downloads/Football/K1_Football_Demo/build/booster_interface/rosidl_generator_cpp/booster_interface/msg/detail/motor_state__struct.hpp:89:5: error: ‘uint32_t’ does not name a type [-Wtemplate-body]
   89 |     uint32_t;
      |     ^~~~~~~~
/home/baro/Downloads/Football/K1_Football_Demo/build/booster_interface/rosidl_generator_cpp/booster_interface/msg/detail/motor_state__struct.hpp:1:1: note: ‘uint32_t’ is defined in header ‘<cstdint>’; this is probably fixable by adding ‘#include <cstdint>’
  +++ |+#include <cstdint>
    1 | // generated from rosidl_generator_cpp/resource/idl__struct.hpp.em
/home/baro/Downloads/Football/K1_Football_Demo/build/booster_interface/rosidl_generator_cpp/booster_interface/msg/detail/motor_state__struct.hpp:90:3: error: ‘_lost_type’ does not name a type; did you mean ‘_mode_type’? [-Wtemplate-body]
   90 |   _lost_type lost;
      |   ^~~~~~~~~~
      |   _mode_type
/home/baro/Downloads/Football/K1_Football_Demo/build/booster_interface/rosidl_generator_cpp/booster_interface/msg/detail/motor_state__struct.hpp:92:16: error: ‘uint32_t’ was not declared in this scope [-Wtemplate-body]
   92 |     std::array<uint32_t, 2>;
      |                ^~~~~~~~
/home/baro/Downloads/Football/K1_Football_Demo/build/booster_interface/rosidl_generator_cpp/booster_interface/msg/detail/motor_state__struct.hpp:92:16: note: ‘uint32_t’ is defined in header ‘<cstdint>’; this is probably fixable by adding ‘#include <cstdint>’
/home/baro/Downloads/Football/K1_Football_Demo/build/booster_interface/rosidl_generator_cpp/booster_interface/msg/detail/motor_state__struct.hpp:92:27: error: template argument 1 is invalid [-Wtemplate-body]
   92 |     std::array<uint32_t, 2>;
      |                           ^
/home/baro/Downloads/Football/K1_Football_Demo/build/booster_interface/rosidl_generator_cpp/booster_interface/msg/detail/motor_state__struct.hpp:93:3: error: ‘_reserve_type’ does not name a type [-Wtemplate-body]
   93 |   _reserve_type reserve;
      |   ^~~~~~~~~~~~~
/home/baro/Downloads/Football/K1_Football_Demo/build/booster_interface/rosidl_generator_cpp/booster_interface/msg/detail/motor_state__struct.hpp:133:11: error: ‘uint32_t’ does not name a type [-Wtemplate-body]
  133 |     const uint32_t & _arg)
      |           ^~~~~~~~
/home/baro/Downloads/Football/K1_Football_Demo/build/booster_interface/rosidl_generator_cpp/booster_interface/msg/detail/motor_state__struct.hpp:133:11: note: ‘uint32_t’ is defined in header ‘<cstdint>’; this is probably fixable by adding ‘#include <cstdint>’
/home/baro/Downloads/Football/K1_Football_Demo/build/booster_interface/rosidl_generator_cpp/booster_interface/msg/detail/motor_state__struct.hpp:139:22: error: ‘uint32_t’ was not declared in this scope [-Wtemplate-body]
  139 |     const std::array<uint32_t, 2> & _arg)
      |                      ^~~~~~~~
/home/baro/Downloads/Football/K1_Football_Demo/build/booster_interface/rosidl_generator_cpp/booster_interface/msg/detail/motor_state__struct.hpp:139:22: note: ‘uint32_t’ is defined in header ‘<cstdint>’; this is probably fixable by adding ‘#include <cstdint>’
/home/baro/Downloads/Football/K1_Football_Demo/build/booster_interface/rosidl_generator_cpp/booster_interface/msg/detail/motor_state__struct.hpp:139:33: error: template argument 1 is invalid [-Wtemplate-body]
  139 |     const std::array<uint32_t, 2> & _arg)
      |                                 ^
/home/baro/Downloads/Football/K1_Football_Demo/build/booster_interface/rosidl_generator_cpp/booster_interface/msg/detail/motor_state__struct.hpp: In constructor ‘booster_interface::msg::MotorState_<ContainerAllocator>::MotorState_(rosidl_runtime_cpp::MessageInitialization)’:
/home/baro/Downloads/Football/K1_Football_Demo/build/booster_interface/rosidl_generator_cpp/booster_interface/msg/detail/motor_state__struct.hpp:47:13: error: ‘struct booster_interface::msg::MotorState_<ContainerAllocator>’ has no member named ‘lost’ [-Wtemplate-body]
   47 |       this->lost = 0ul;
      |             ^~~~
/home/baro/Downloads/Football/K1_Football_Demo/build/booster_interface/rosidl_generator_cpp/booster_interface/msg/detail/motor_state__struct.hpp:48:37: error: ‘uint32_t’ was not declared in this scope [-Wtemplate-body]
   48 |       std::fill<typename std::array<uint32_t, 2>::iterator, uint32_t>(this->reserve.begin(), this->reserve.end(), 0ul);
      |                                     ^~~~~~~~
/home/baro/Downloads/Football/K1_Football_Demo/build/booster_interface/rosidl_generator_cpp/booster_interface/msg/detail/motor_state__struct.hpp:48:37: note: ‘uint32_t’ is defined in header ‘<cstdint>’; this is probably fixable by adding ‘#include <cstdint>’
/home/baro/Downloads/Football/K1_Football_Demo/build/booster_interface/rosidl_generator_cpp/booster_interface/msg/detail/motor_state__struct.hpp:48:48: error: template argument 1 is invalid [-Wtemplate-body]
   48 |       std::fill<typename std::array<uint32_t, 2>::iterator, uint32_t>(this->reserve.begin(), this->reserve.end(), 0ul);
      |                                                ^
/home/baro/Downloads/Football/K1_Football_Demo/build/booster_interface/rosidl_generator_cpp/booster_interface/msg/detail/motor_state__struct.hpp:48:49: error: ‘<declaration error>’ is not a template [-Wtemplate-body]
   48 |       std::fill<typename std::array<uint32_t, 2>::iterator, uint32_t>(this->reserve.begin(), this->reserve.end(), 0ul);
      |                                                 ^~
/home/baro/Downloads/Football/K1_Football_Demo/build/booster_interface/rosidl_generator_cpp/booster_interface/msg/detail/motor_state__struct.hpp:48:77: error: ‘struct booster_interface::msg::MotorState_<ContainerAllocator>’ has no member named ‘reserve’ [-Wtemplate-body]
   48 |       std::fill<typename std::array<uint32_t, 2>::iterator, uint32_t>(this->reserve.begin(), this->reserve.end(), 0ul);
      |                                                                             ^~~~~~~
/home/baro/Downloads/Football/K1_Football_Demo/build/booster_interface/rosidl_generator_cpp/booster_interface/msg/detail/motor_state__struct.hpp:48:100: error: ‘struct booster_interface::msg::MotorState_<ContainerAllocator>’ has no member named ‘reserve’ [-Wtemplate-body]
   48 |       std::fill<typename std::array<uint32_t, 2>::iterator, uint32_t>(this->reserve.begin(), this->reserve.end(), 0ul);
      |                                                                                                    ^~~~~~~
/home/baro/Downloads/Football/K1_Football_Demo/build/booster_interface/rosidl_generator_cpp/booster_interface/msg/detail/motor_state__struct.hpp: In constructor ‘booster_interface::msg::MotorState_<ContainerAllocator>::MotorState_(const ContainerAllocator&, rosidl_runtime_cpp::MessageInitialization)’:
/home/baro/Downloads/Football/K1_Football_Demo/build/booster_interface/rosidl_generator_cpp/booster_interface/msg/detail/motor_state__struct.hpp:53:5: error: class ‘booster_interface::msg::MotorState_<ContainerAllocator>’ does not have any field named ‘reserve’ [-Wtemplate-body]
   53 |   : reserve(_alloc)
      |     ^~~~~~~
/home/baro/Downloads/Football/K1_Football_Demo/build/booster_interface/rosidl_generator_cpp/booster_interface/msg/detail/motor_state__struct.hpp:64:13: error: ‘struct booster_interface::msg::MotorState_<ContainerAllocator>’ has no member named ‘lost’ [-Wtemplate-body]
   64 |       this->lost = 0ul;
      |             ^~~~
/home/baro/Downloads/Football/K1_Football_Demo/build/booster_interface/rosidl_generator_cpp/booster_interface/msg/detail/motor_state__struct.hpp:65:37: error: ‘uint32_t’ was not declared in this scope [-Wtemplate-body]
   65 |       std::fill<typename std::array<uint32_t, 2>::iterator, uint32_t>(this->reserve.begin(), this->reserve.end(), 0ul);
      |                                     ^~~~~~~~
/home/baro/Downloads/Football/K1_Football_Demo/build/booster_interface/rosidl_generator_cpp/booster_interface/msg/detail/motor_state__struct.hpp:65:37: note: ‘uint32_t’ is defined in header ‘<cstdint>’; this is probably fixable by adding ‘#include <cstdint>’
/home/baro/Downloads/Football/K1_Football_Demo/build/booster_interface/rosidl_generator_cpp/booster_interface/msg/detail/motor_state__struct.hpp:65:48: error: template argument 1 is invalid [-Wtemplate-body]
   65 |       std::fill<typename std::array<uint32_t, 2>::iterator, uint32_t>(this->reserve.begin(), this->reserve.end(), 0ul);
      |                                                ^
/home/baro/Downloads/Football/K1_Football_Demo/build/booster_interface/rosidl_generator_cpp/booster_interface/msg/detail/motor_state__struct.hpp:65:49: error: ‘<declaration error>’ is not a template [-Wtemplate-body]
   65 |       std::fill<typename std::array<uint32_t, 2>::iterator, uint32_t>(this->reserve.begin(), this->reserve.end(), 0ul);
      |                                                 ^~
/home/baro/Downloads/Football/K1_Football_Demo/build/booster_interface/rosidl_generator_cpp/booster_interface/msg/detail/motor_state__struct.hpp:65:77: error: ‘struct booster_interface::msg::MotorState_<ContainerAllocator>’ has no member named ‘reserve’ [-Wtemplate-body]
   65 |       std::fill<typename std::array<uint32_t, 2>::iterator, uint32_t>(this->reserve.begin(), this->reserve.end(), 0ul);
      |                                                                             ^~~~~~~
/home/baro/Downloads/Football/K1_Football_Demo/build/booster_interface/rosidl_generator_cpp/booster_interface/msg/detail/motor_state__struct.hpp:65:100: error: ‘struct booster_interface::msg::MotorState_<ContainerAllocator>’ has no member named ‘reserve’ [-Wtemplate-body]
   65 |       std::fill<typename std::array<uint32_t, 2>::iterator, uint32_t>(this->reserve.begin(), this->reserve.end(), 0ul);
      |                                                                                                    ^~~~~~~
/home/baro/Downloads/Football/K1_Football_Demo/build/booster_interface/rosidl_generator_cpp/booster_interface/msg/detail/motor_state__struct.hpp: In member function ‘booster_interface::msg::MotorState_<ContainerAllocator>::Type& booster_interface::msg::MotorState_<ContainerAllocator>::set__lost(const int&)’:
/home/baro/Downloads/Football/K1_Football_Demo/build/booster_interface/rosidl_generator_cpp/booster_interface/msg/detail/motor_state__struct.hpp:135:11: error: ‘struct booster_interface::msg::MotorState_<ContainerAllocator>’ has no member named ‘lost’ [-Wtemplate-body]
  135 |     this->lost = _arg;
      |           ^~~~
/home/baro/Downloads/Football/K1_Football_Demo/build/booster_interface/rosidl_generator_cpp/booster_interface/msg/detail/motor_state__struct.hpp: In member function ‘booster_interface::msg::MotorState_<ContainerAllocator>::Type& booster_interface::msg::MotorState_<ContainerAllocator>::set__reserve(const int&)’:
/home/baro/Downloads/Football/K1_Football_Demo/build/booster_interface/rosidl_generator_cpp/booster_interface/msg/detail/motor_state__struct.hpp:141:11: error: ‘struct booster_interface::msg::MotorState_<ContainerAllocator>’ has no member named ‘reserve’ [-Wtemplate-body]
  141 |     this->reserve = _arg;
      |           ^~~~~~~
/home/baro/Downloads/Football/K1_Football_Demo/build/booster_interface/rosidl_generator_cpp/booster_interface/msg/detail/motor_state__struct.hpp: In member function ‘bool booster_interface::msg::MotorState_<ContainerAllocator>::operator==(const booster_interface::msg::MotorState_<ContainerAllocator>&) const’:
/home/baro/Downloads/Football/K1_Football_Demo/build/booster_interface/rosidl_generator_cpp/booster_interface/msg/detail/motor_state__struct.hpp:205:15: error: ‘const struct booster_interface::msg::MotorState_<ContainerAllocator>’ has no member named ‘lost’ [-Wtemplate-body]
  205 |     if (this->lost != other.lost) {
      |               ^~~~
/home/baro/Downloads/Football/K1_Football_Demo/build/booster_interface/rosidl_generator_cpp/booster_interface/msg/detail/motor_state__struct.hpp:205:29: error: ‘const struct booster_interface::msg::MotorState_<ContainerAllocator>’ has no member named ‘lost’ [-Wtemplate-body]
  205 |     if (this->lost != other.lost) {
      |                             ^~~~
/home/baro/Downloads/Football/K1_Football_Demo/build/booster_interface/rosidl_generator_cpp/booster_interface/msg/detail/motor_state__struct.hpp:208:15: error: ‘const struct booster_interface::msg::MotorState_<ContainerAllocator>’ has no member named ‘reserve’ [-Wtemplate-body]
  208 |     if (this->reserve != other.reserve) {
      |               ^~~~~~~
/home/baro/Downloads/Football/K1_Football_Demo/build/booster_interface/rosidl_generator_cpp/booster_interface/msg/detail/motor_state__struct.hpp:208:32: error: ‘const struct booster_interface::msg::MotorState_<ContainerAllocator>’ has no member named ‘reserve’ [-Wtemplate-body]
  208 |     if (this->reserve != other.reserve) {
      |                                ^~~~~~~
[  6%] Built target ament_cmake_python_build_booster_interface_egg
make[2]: *** [CMakeFiles/booster_interface__rosidl_typesupport_introspection_cpp.dir/build.make:262: CMakeFiles/booster_interface__rosidl_typesupport_introspection_cpp.dir/rosidl_typesupport_introspection_cpp/booster_interface/msg/detail/raw_bytes_msg__type_support.cpp.o] Error 1
make[2]: *** Waiting for unfinished jobs....
make[2]: *** [CMakeFiles/booster_interface__rosidl_typesupport_introspection_cpp.dir/build.make:192: CMakeFiles/booster_interface__rosidl_typesupport_introspection_cpp.dir/rosidl_typesupport_introspection_cpp/booster_interface/msg/detail/motor_state__type_support.cpp.o] Error 1
[  7%] Building CXX object CMakeFiles/booster_interface__rosidl_typesupport_cpp.dir/rosidl_typesupport_cpp/booster_interface/msg/odometer__type_support.cpp.o
make[2]: *** [CMakeFiles/booster_interface__rosidl_typesupport_cpp.dir/build.make:157: CMakeFiles/booster_interface__rosidl_typesupport_cpp.dir/rosidl_typesupport_cpp/booster_interface/msg/motor_state__type_support.cpp.o] Error 1
make[2]: *** Waiting for unfinished jobs....
make[2]: *** [CMakeFiles/booster_interface__rosidl_typesupport_introspection_cpp.dir/build.make:248: CMakeFiles/booster_interface__rosidl_typesupport_introspection_cpp.dir/rosidl_typesupport_introspection_cpp/booster_interface/msg/detail/low_state__type_support.cpp.o] Error 1
make[1]: *** [CMakeFiles/Makefile2:450: CMakeFiles/booster_interface__rosidl_typesupport_introspection_cpp.dir/all] Error 2
make[1]: *** Waiting for unfinished jobs....
make[1]: *** [CMakeFiles/Makefile2:482: CMakeFiles/booster_interface__rosidl_typesupport_cpp.dir/all] Error 2
[  8%] Building CXX object CMakeFiles/booster_interface__rosidl_typesupport_fastrtps_cpp.dir/rosidl_typesupport_fastrtps_cpp/booster_interface/msg/detail/dds_fastrtps/imu_state__type_support.cpp.o
[ 11%] Building CXX object CMakeFiles/booster_interface__rosidl_typesupport_fastrtps_cpp.dir/rosidl_typesupport_fastrtps_cpp/booster_interface/msg/detail/dds_fastrtps/booster_api_resp_msg__type_support.cpp.o
[ 11%] Building CXX object CMakeFiles/booster_interface__rosidl_typesupport_fastrtps_cpp.dir/rosidl_typesupport_fastrtps_cpp/booster_interface/msg/detail/dds_fastrtps/motor_state__type_support.cpp.o
[ 11%] Building CXX object CMakeFiles/booster_interface__rosidl_typesupport_fastrtps_cpp.dir/rosidl_typesupport_fastrtps_cpp/booster_interface/msg/detail/dds_fastrtps/booster_api_req_msg__type_support.cpp.o
[ 12%] Building CXX object CMakeFiles/booster_interface__rosidl_typesupport_fastrtps_cpp.dir/rosidl_typesupport_fastrtps_cpp/booster_interface/msg/detail/dds_fastrtps/motor_cmd__type_support.cpp.o
[ 13%] Building CXX object CMakeFiles/booster_interface__rosidl_typesupport_fastrtps_cpp.dir/rosidl_typesupport_fastrtps_cpp/booster_interface/msg/detail/dds_fastrtps/low_cmd__type_support.cpp.o
In file included from /home/baro/Downloads/Football/K1_Football_Demo/build/booster_interface/rosidl_typesupport_fastrtps_cpp/booster_interface/msg/detail/motor_state__rosidl_typesupport_fastrtps_cpp.hpp:11,
                 from /home/baro/Downloads/Football/K1_Football_Demo/build/booster_interface/rosidl_typesupport_fastrtps_cpp/booster_interface/msg/detail/dds_fastrtps/motor_state__type_support.cpp:4:
/home/baro/Downloads/Football/K1_Football_Demo/build/booster_interface/rosidl_generator_cpp/booster_interface/msg/detail/motor_state__struct.hpp:89:5: error: ‘uint32_t’ does not name a type [-Wtemplate-body]
   89 |     uint32_t;
      |     ^~~~~~~~
/home/baro/Downloads/Football/K1_Football_Demo/build/booster_interface/rosidl_generator_cpp/booster_interface/msg/detail/motor_state__struct.hpp:16:1: note: ‘uint32_t’ is defined in header ‘<cstdint>’; this is probably fixable by adding ‘#include <cstdint>’
   15 | #include "rosidl_runtime_cpp/message_initialization.hpp"
  +++ |+#include <cstdint>
   16 | 
/home/baro/Downloads/Football/K1_Football_Demo/build/booster_interface/rosidl_generator_cpp/booster_interface/msg/detail/motor_state__struct.hpp:90:3: error: ‘_lost_type’ does not name a type; did you mean ‘_mode_type’? [-Wtemplate-body]
   90 |   _lost_type lost;
      |   ^~~~~~~~~~
      |   _mode_type
/home/baro/Downloads/Football/K1_Football_Demo/build/booster_interface/rosidl_generator_cpp/booster_interface/msg/detail/motor_state__struct.hpp:92:16: error: ‘uint32_t’ was not declared in this scope [-Wtemplate-body]
   92 |     std::array<uint32_t, 2>;
      |                ^~~~~~~~
/home/baro/Downloads/Football/K1_Football_Demo/build/booster_interface/rosidl_generator_cpp/booster_interface/msg/detail/motor_state__struct.hpp:92:16: note: ‘uint32_t’ is defined in header ‘<cstdint>’; this is probably fixable by adding ‘#include <cstdint>’
/home/baro/Downloads/Football/K1_Football_Demo/build/booster_interface/rosidl_generator_cpp/booster_interface/msg/detail/motor_state__struct.hpp:92:27: error: template argument 1 is invalid [-Wtemplate-body]
   92 |     std::array<uint32_t, 2>;
      |                           ^
/home/baro/Downloads/Football/K1_Football_Demo/build/booster_interface/rosidl_generator_cpp/booster_interface/msg/detail/motor_state__struct.hpp:93:3: error: ‘_reserve_type’ does not name a type [-Wtemplate-body]
   93 |   _reserve_type reserve;
      |   ^~~~~~~~~~~~~
/home/baro/Downloads/Football/K1_Football_Demo/build/booster_interface/rosidl_generator_cpp/booster_interface/msg/detail/motor_state__struct.hpp:133:11: error: ‘uint32_t’ does not name a type [-Wtemplate-body]
  133 |     const uint32_t & _arg)
      |           ^~~~~~~~
/home/baro/Downloads/Football/K1_Football_Demo/build/booster_interface/rosidl_generator_cpp/booster_interface/msg/detail/motor_state__struct.hpp:133:11: note: ‘uint32_t’ is defined in header ‘<cstdint>’; this is probably fixable by adding ‘#include <cstdint>’
/home/baro/Downloads/Football/K1_Football_Demo/build/booster_interface/rosidl_generator_cpp/booster_interface/msg/detail/motor_state__struct.hpp:139:22: error: ‘uint32_t’ was not declared in this scope [-Wtemplate-body]
  139 |     const std::array<uint32_t, 2> & _arg)
      |                      ^~~~~~~~
/home/baro/Downloads/Football/K1_Football_Demo/build/booster_interface/rosidl_generator_cpp/booster_interface/msg/detail/motor_state__struct.hpp:139:22: note: ‘uint32_t’ is defined in header ‘<cstdint>’; this is probably fixable by adding ‘#include <cstdint>’
/home/baro/Downloads/Football/K1_Football_Demo/build/booster_interface/rosidl_generator_cpp/booster_interface/msg/detail/motor_state__struct.hpp:139:33: error: template argument 1 is invalid [-Wtemplate-body]
  139 |     const std::array<uint32_t, 2> & _arg)
      |                                 ^
/home/baro/Downloads/Football/K1_Football_Demo/build/booster_interface/rosidl_generator_cpp/booster_interface/msg/detail/motor_state__struct.hpp: In constructor ‘booster_interface::msg::MotorState_<ContainerAllocator>::MotorState_(rosidl_runtime_cpp::MessageInitialization)’:
/home/baro/Downloads/Football/K1_Football_Demo/build/booster_interface/rosidl_generator_cpp/booster_interface/msg/detail/motor_state__struct.hpp:47:13: error: ‘struct booster_interface::msg::MotorState_<ContainerAllocator>’ has no member named ‘lost’ [-Wtemplate-body]
   47 |       this->lost = 0ul;
      |             ^~~~
/home/baro/Downloads/Football/K1_Football_Demo/build/booster_interface/rosidl_generator_cpp/booster_interface/msg/detail/motor_state__struct.hpp:48:37: error: ‘uint32_t’ was not declared in this scope [-Wtemplate-body]
   48 |       std::fill<typename std::array<uint32_t, 2>::iterator, uint32_t>(this->reserve.begin(), this->reserve.end(), 0ul);
      |                                     ^~~~~~~~
/home/baro/Downloads/Football/K1_Football_Demo/build/booster_interface/rosidl_generator_cpp/booster_interface/msg/detail/motor_state__struct.hpp:48:37: note: ‘uint32_t’ is defined in header ‘<cstdint>’; this is probably fixable by adding ‘#include <cstdint>’
/home/baro/Downloads/Football/K1_Football_Demo/build/booster_interface/rosidl_generator_cpp/booster_interface/msg/detail/motor_state__struct.hpp:48:48: error: template argument 1 is invalid [-Wtemplate-body]
   48 |       std::fill<typename std::array<uint32_t, 2>::iterator, uint32_t>(this->reserve.begin(), this->reserve.end(), 0ul);
      |                                                ^
/home/baro/Downloads/Football/K1_Football_Demo/build/booster_interface/rosidl_generator_cpp/booster_interface/msg/detail/motor_state__struct.hpp:48:49: error: ‘<declaration error>’ is not a template [-Wtemplate-body]
   48 |       std::fill<typename std::array<uint32_t, 2>::iterator, uint32_t>(this->reserve.begin(), this->reserve.end(), 0ul);
      |                                                 ^~
/home/baro/Downloads/Football/K1_Football_Demo/build/booster_interface/rosidl_generator_cpp/booster_interface/msg/detail/motor_state__struct.hpp:48:77: error: ‘struct booster_interface::msg::MotorState_<ContainerAllocator>’ has no member named ‘reserve’ [-Wtemplate-body]
   48 |       std::fill<typename std::array<uint32_t, 2>::iterator, uint32_t>(this->reserve.begin(), this->reserve.end(), 0ul);
      |                                                                             ^~~~~~~
/home/baro/Downloads/Football/K1_Football_Demo/build/booster_interface/rosidl_generator_cpp/booster_interface/msg/detail/motor_state__struct.hpp:48:100: error: ‘struct booster_interface::msg::MotorState_<ContainerAllocator>’ has no member named ‘reserve’ [-Wtemplate-body]
   48 |       std::fill<typename std::array<uint32_t, 2>::iterator, uint32_t>(this->reserve.begin(), this->reserve.end(), 0ul);
      |                                                                                                    ^~~~~~~
/home/baro/Downloads/Football/K1_Football_Demo/build/booster_interface/rosidl_generator_cpp/booster_interface/msg/detail/motor_state__struct.hpp: In constructor ‘booster_interface::msg::MotorState_<ContainerAllocator>::MotorState_(const ContainerAllocator&, rosidl_runtime_cpp::MessageInitialization)’:
/home/baro/Downloads/Football/K1_Football_Demo/build/booster_interface/rosidl_generator_cpp/booster_interface/msg/detail/motor_state__struct.hpp:53:5: error: class ‘booster_interface::msg::MotorState_<ContainerAllocator>’ does not have any field named ‘reserve’ [-Wtemplate-body]
   53 |   : reserve(_alloc)
      |     ^~~~~~~
/home/baro/Downloads/Football/K1_Football_Demo/build/booster_interface/rosidl_generator_cpp/booster_interface/msg/detail/motor_state__struct.hpp:64:13: error: ‘struct booster_interface::msg::MotorState_<ContainerAllocator>’ has no member named ‘lost’ [-Wtemplate-body]
   64 |       this->lost = 0ul;
      |             ^~~~
/home/baro/Downloads/Football/K1_Football_Demo/build/booster_interface/rosidl_generator_cpp/booster_interface/msg/detail/motor_state__struct.hpp:65:37: error: ‘uint32_t’ was not declared in this scope [-Wtemplate-body]
   65 |       std::fill<typename std::array<uint32_t, 2>::iterator, uint32_t>(this->reserve.begin(), this->reserve.end(), 0ul);
      |                                     ^~~~~~~~
/home/baro/Downloads/Football/K1_Football_Demo/build/booster_interface/rosidl_generator_cpp/booster_interface/msg/detail/motor_state__struct.hpp:65:37: note: ‘uint32_t’ is defined in header ‘<cstdint>’; this is probably fixable by adding ‘#include <cstdint>’
/home/baro/Downloads/Football/K1_Football_Demo/build/booster_interface/rosidl_generator_cpp/booster_interface/msg/detail/motor_state__struct.hpp:65:48: error: template argument 1 is invalid [-Wtemplate-body]
   65 |       std::fill<typename std::array<uint32_t, 2>::iterator, uint32_t>(this->reserve.begin(), this->reserve.end(), 0ul);
      |                                                ^
/home/baro/Downloads/Football/K1_Football_Demo/build/booster_interface/rosidl_generator_cpp/booster_interface/msg/detail/motor_state__struct.hpp:65:49: error: ‘<declaration error>’ is not a template [-Wtemplate-body]
   65 |       std::fill<typename std::array<uint32_t, 2>::iterator, uint32_t>(this->reserve.begin(), this->reserve.end(), 0ul);
      |                                                 ^~
/home/baro/Downloads/Football/K1_Football_Demo/build/booster_interface/rosidl_generator_cpp/booster_interface/msg/detail/motor_state__struct.hpp:65:77: error: ‘struct booster_interface::msg::MotorState_<ContainerAllocator>’ has no member named ‘reserve’ [-Wtemplate-body]
   65 |       std::fill<typename std::array<uint32_t, 2>::iterator, uint32_t>(this->reserve.begin(), this->reserve.end(), 0ul);
      |                                                                             ^~~~~~~
/home/baro/Downloads/Football/K1_Football_Demo/build/booster_interface/rosidl_generator_cpp/booster_interface/msg/detail/motor_state__struct.hpp:65:100: error: ‘struct booster_interface::msg::MotorState_<ContainerAllocator>’ has no member named ‘reserve’ [-Wtemplate-body]
   65 |       std::fill<typename std::array<uint32_t, 2>::iterator, uint32_t>(this->reserve.begin(), this->reserve.end(), 0ul);
      |                                                                                                    ^~~~~~~
/home/baro/Downloads/Football/K1_Football_Demo/build/booster_interface/rosidl_generator_cpp/booster_interface/msg/detail/motor_state__struct.hpp: In member function ‘booster_interface::msg::MotorState_<ContainerAllocator>::Type& booster_interface::msg::MotorState_<ContainerAllocator>::set__lost(const int&)’:
/home/baro/Downloads/Football/K1_Football_Demo/build/booster_interface/rosidl_generator_cpp/booster_interface/msg/detail/motor_state__struct.hpp:135:11: error: ‘struct booster_interface::msg::MotorState_<ContainerAllocator>’ has no member named ‘lost’ [-Wtemplate-body]
  135 |     this->lost = _arg;
      |           ^~~~
/home/baro/Downloads/Football/K1_Football_Demo/build/booster_interface/rosidl_generator_cpp/booster_interface/msg/detail/motor_state__struct.hpp: In member function ‘booster_interface::msg::MotorState_<ContainerAllocator>::Type& booster_interface::msg::MotorState_<ContainerAllocator>::set__reserve(const int&)’:
/home/baro/Downloads/Football/K1_Football_Demo/build/booster_interface/rosidl_generator_cpp/booster_interface/msg/detail/motor_state__struct.hpp:141:11: error: ‘struct booster_interface::msg::MotorState_<ContainerAllocator>’ has no member named ‘reserve’ [-Wtemplate-body]
  141 |     this->reserve = _arg;
      |           ^~~~~~~
/home/baro/Downloads/Football/K1_Football_Demo/build/booster_interface/rosidl_generator_cpp/booster_interface/msg/detail/motor_state__struct.hpp: In member function ‘bool booster_interface::msg::MotorState_<ContainerAllocator>::operator==(const booster_interface::msg::MotorState_<ContainerAllocator>&) const’:
/home/baro/Downloads/Football/K1_Football_Demo/build/booster_interface/rosidl_generator_cpp/booster_interface/msg/detail/motor_state__struct.hpp:205:15: error: ‘const struct booster_interface::msg::MotorState_<ContainerAllocator>’ has no member named ‘lost’ [-Wtemplate-body]
  205 |     if (this->lost != other.lost) {
      |               ^~~~
/home/baro/Downloads/Football/K1_Football_Demo/build/booster_interface/rosidl_generator_cpp/booster_interface/msg/detail/motor_state__struct.hpp:205:29: error: ‘const struct booster_interface::msg::MotorState_<ContainerAllocator>’ has no member named ‘lost’ [-Wtemplate-body]
  205 |     if (this->lost != other.lost) {
      |                             ^~~~
/home/baro/Downloads/Football/K1_Football_Demo/build/booster_interface/rosidl_generator_cpp/booster_interface/msg/detail/motor_state__struct.hpp:208:15: error: ‘const struct booster_interface::msg::MotorState_<ContainerAllocator>’ has no member named ‘reserve’ [-Wtemplate-body]
  208 |     if (this->reserve != other.reserve) {
      |               ^~~~~~~
/home/baro/Downloads/Football/K1_Football_Demo/build/booster_interface/rosidl_generator_cpp/booster_interface/msg/detail/motor_state__struct.hpp:208:32: error: ‘const struct booster_interface::msg::MotorState_<ContainerAllocator>’ has no member named ‘reserve’ [-Wtemplate-body]
  208 |     if (this->reserve != other.reserve) {
      |                                ^~~~~~~
/home/baro/Downloads/Football/K1_Football_Demo/build/booster_interface/rosidl_typesupport_fastrtps_cpp/booster_interface/msg/detail/dds_fastrtps/motor_state__type_support.cpp: In function ‘bool booster_interface::msg::typesupport_fastrtps_cpp::cdr_serialize(const booster_interface::msg::MotorState&, eprosima::fastcdr::Cdr&)’:
/home/baro/Downloads/Football/K1_Football_Demo/build/booster_interface/rosidl_typesupport_fastrtps_cpp/booster_interface/msg/detail/dds_fastrtps/motor_state__type_support.cpp:48:22: error: ‘const booster_interface::msg::MotorState’ {aka ‘const struct booster_interface::msg::MotorState_<std::allocator<void> >’} has no member named ‘lost’
   48 |   cdr << ros_message.lost;
      |                      ^~~~
/home/baro/Downloads/Football/K1_Football_Demo/build/booster_interface/rosidl_typesupport_fastrtps_cpp/booster_interface/msg/detail/dds_fastrtps/motor_state__type_support.cpp:51:24: error: ‘const booster_interface::msg::MotorState’ {aka ‘const struct booster_interface::msg::MotorState_<std::allocator<void> >’} has no member named ‘reserve’
   51 |     cdr << ros_message.reserve;
      |                        ^~~~~~~
/home/baro/Downloads/Football/K1_Football_Demo/build/booster_interface/rosidl_typesupport_fastrtps_cpp/booster_interface/msg/detail/dds_fastrtps/motor_state__type_support.cpp: In function ‘bool booster_interface::msg::typesupport_fastrtps_cpp::cdr_deserialize(eprosima::fastcdr::Cdr&, booster_interface::msg::MotorState&)’:
/home/baro/Downloads/Football/K1_Football_Demo/build/booster_interface/rosidl_typesupport_fastrtps_cpp/booster_interface/msg/detail/dds_fastrtps/motor_state__type_support.cpp:81:22: error: ‘using booster_interface::msg::MotorState = struct booster_interface::msg::MotorState_<std::allocator<void> >’ {aka ‘struct booster_interface::msg::MotorState_<std::allocator<void> >’} has no member named ‘lost’
   81 |   cdr >> ros_message.lost;
      |                      ^~~~
/home/baro/Downloads/Football/K1_Football_Demo/build/booster_interface/rosidl_typesupport_fastrtps_cpp/booster_interface/msg/detail/dds_fastrtps/motor_state__type_support.cpp:85:24: error: ‘using booster_interface::msg::MotorState = struct booster_interface::msg::MotorState_<std::allocator<void> >’ {aka ‘struct booster_interface::msg::MotorState_<std::allocator<void> >’} has no member named ‘reserve’
   85 |     cdr >> ros_message.reserve;
      |                        ^~~~~~~
/home/baro/Downloads/Football/K1_Football_Demo/build/booster_interface/rosidl_typesupport_fastrtps_cpp/booster_interface/msg/detail/dds_fastrtps/motor_state__type_support.cpp: In function ‘size_t booster_interface::msg::typesupport_fastrtps_cpp::get_serialized_size(const booster_interface::msg::MotorState&, size_t)’:
/home/baro/Downloads/Football/K1_Football_Demo/build/booster_interface/rosidl_typesupport_fastrtps_cpp/booster_interface/msg/detail/dds_fastrtps/motor_state__type_support.cpp:142:43: error: ‘const booster_interface::msg::MotorState’ {aka ‘const struct booster_interface::msg::MotorState_<std::allocator<void> >’} has no member named ‘lost’
  142 |     size_t item_size = sizeof(ros_message.lost);
      |                                           ^~~~
/home/baro/Downloads/Football/K1_Football_Demo/build/booster_interface/rosidl_typesupport_fastrtps_cpp/booster_interface/msg/detail/dds_fastrtps/motor_state__type_support.cpp:149:43: error: ‘const booster_interface::msg::MotorState’ {aka ‘const struct booster_interface::msg::MotorState_<std::allocator<void> >’} has no member named ‘reserve’
  149 |     size_t item_size = sizeof(ros_message.reserve[0]);
      |                                           ^~~~~~~
In file included from /usr/include/strings.h:23,
                 from /usr/include/string.h:494,
                 from /opt/ros/humble/include/fastcdr/FastBuffer.h:21,
                 from /opt/ros/humble/include/fastcdr/Cdr.h:19,
                 from /home/baro/Downloads/Football/K1_Football_Demo/build/booster_interface/rosidl_typesupport_fastrtps_cpp/booster_interface/msg/detail/motor_state__rosidl_typesupport_fastrtps_cpp.hpp:25:
/home/baro/Downloads/Football/K1_Football_Demo/build/booster_interface/rosidl_typesupport_fastrtps_cpp/booster_interface/msg/detail/dds_fastrtps/motor_state__type_support.cpp: In function ‘size_t booster_interface::msg::typesupport_fastrtps_cpp::max_serialized_size_MotorState(bool&, bool&, size_t)’:
/home/baro/Downloads/Football/K1_Football_Demo/build/booster_interface/rosidl_typesupport_fastrtps_cpp/booster_interface/msg/detail/dds_fastrtps/motor_state__type_support.cpp:255:26: error: ‘using DataType = using booster_interface::msg::MotorState = struct booster_interface::msg::MotorState_<std::allocator<void> >’ {aka ‘struct booster_interface::msg::MotorState_<std::allocator<void> >’} has no member named ‘reserve’
  255 |       offsetof(DataType, reserve) +
      |                          ^~~~~~~
make[2]: *** [CMakeFiles/booster_interface__rosidl_typesupport_fastrtps_cpp.dir/build.make:192: CMakeFiles/booster_interface__rosidl_typesupport_fastrtps_cpp.dir/rosidl_typesupport_fastrtps_cpp/booster_interface/msg/detail/dds_fastrtps/motor_state__type_support.cpp.o] Error 1
make[2]: *** Waiting for unfinished jobs....
[ 14%] Building C object CMakeFiles/booster_interface__rosidl_generator_c.dir/rosidl_generator_c/booster_interface/msg/detail/booster_api_req_msg__functions.c.o
[ 15%] Building C object CMakeFiles/booster_interface__rosidl_generator_c.dir/rosidl_generator_c/booster_interface/msg/detail/motor_state__functions.c.o
[ 16%] Building C object CMakeFiles/booster_interface__rosidl_generator_c.dir/rosidl_generator_c/booster_interface/msg/detail/booster_api_resp_msg__functions.c.o
make[1]: *** [CMakeFiles/Makefile2:354: CMakeFiles/booster_interface__rosidl_typesupport_fastrtps_cpp.dir/all] Error 2
[ 17%] Building C object CMakeFiles/booster_interface__rosidl_generator_c.dir/rosidl_generator_c/booster_interface/msg/detail/low_cmd__functions.c.o
[ 18%] Building C object CMakeFiles/booster_interface__rosidl_generator_c.dir/rosidl_generator_c/booster_interface/msg/detail/imu_state__functions.c.o
[ 19%] Building C object CMakeFiles/booster_interface__rosidl_generator_c.dir/rosidl_generator_c/booster_interface/msg/detail/motor_cmd__functions.c.o
[ 19%] Building C object CMakeFiles/booster_interface__rosidl_generator_c.dir/rosidl_generator_c/booster_interface/msg/detail/raw_bytes_msg__functions.c.o
[ 20%] Building C object CMakeFiles/booster_interface__rosidl_generator_c.dir/rosidl_generator_c/booster_interface/msg/detail/low_state__functions.c.o
[ 21%] Building C object CMakeFiles/booster_interface__rosidl_generator_c.dir/rosidl_generator_c/booster_interface/msg/detail/odometer__functions.c.o
[ 22%] Building C object CMakeFiles/booster_interface__rosidl_generator_c.dir/rosidl_generator_c/booster_interface/msg/detail/remote_controller_state__functions.c.o
[ 23%] Building C object CMakeFiles/booster_interface__rosidl_generator_c.dir/rosidl_generator_c/booster_interface/srv/detail/rpc_service__functions.c.o
[ 24%] Linking C shared library libbooster_interface__rosidl_generator_c.so
[ 24%] Built target booster_interface__rosidl_generator_c
make: *** [Makefile:146: all] Error 2
