[0.005s] Invoking command in '/home/baro/Downloads/Football/K1_Football_Demo/build/vision_interface': DEBUGINFOD_URLS=https://debuginfod.archlinux.org _=/usr/bin/env /usr/bin/cmake /home/baro/Downloads/Football/K1_Football_Demo/src/robocup_ros2_interface/src/vision_interface -DCMAKE_INSTALL_PREFIX=/home/baro/Downloads/Football/K1_Football_Demo/install/vision_interface
[0.014s] CMake Deprecation Warning at CMakeLists.txt:1 (cmake_minimum_required):
[0.014s]   Compatibility with CMake < 3.10 will be removed from a future version of
[0.014s]   CMake.
[0.014s] 
[0.014s]   Update the VERSION argument <min> value.  Or, use the <min>...<max> syntax
[0.014s]   to tell CMake that the project requires at least <min> but has been updated
[0.014s]   to work with policies introduced by <max> or earlier.
[0.014s] 
[0.014s] 
[0.031s] CMake Error at CMakeLists.txt:9 (find_package):
[0.031s]   By not providing "Findament_cmake.cmake" in CMAKE_MODULE_PATH this project
[0.031s]   has asked CMake to find a package configuration file provided by
[0.031s]   "ament_cmake", but CMake did not find one.
[0.031s] 
[0.031s]   Could not find a package configuration file provided by "ament_cmake" with
[0.032s]   any of the following names:
[0.032s] 
[0.032s]     ament_cmake.cps
[0.032s]     ament_cmakeConfig.cmake
[0.032s]     ament_cmake-config.cmake
[0.032s] 
[0.032s]   Add the installation prefix of "ament_cmake" to CMAKE_PREFIX_PATH or set
[0.032s]   "ament_cmake_DIR" to a directory containing one of the above files.  If
[0.033s]   "ament_cmake" provides a separate development package or SDK, be sure it
[0.033s]   has been installed.
[0.033s] 
[0.033s] 
[0.033s] -- Configuring incomplete, errors occurred!
[0.041s] Invoked command in '/home/baro/Downloads/Football/K1_Football_Demo/build/vision_interface' returned '1': DEBUGINFOD_URLS=https://debuginfod.archlinux.org _=/usr/bin/env /usr/bin/cmake /home/baro/Downloads/Football/K1_Football_Demo/src/robocup_ros2_interface/src/vision_interface -DCMAKE_INSTALL_PREFIX=/home/baro/Downloads/Football/K1_Football_Demo/install/vision_interface
