[0.009s] Invoking command in '/home/baro/Downloads/Football/K1_Football_Demo/build/brain': DEBUGINFOD_URLS=https://debuginfod.archlinux.org _=/usr/bin/env /usr/bin/cmake /home/baro/Downloads/Football/K1_Football_Demo/src/brain -DCMAKE_INSTALL_PREFIX=/home/baro/Downloads/Football/K1_Football_Demo/install/brain
[0.058s] -- The C compiler identification is GNU 16.1.1
[0.151s] -- The CXX compiler identification is GNU 16.1.1
[0.156s] -- Detecting C compiler ABI info
[0.241s] -- Detecting C compiler ABI info - done
[0.263s] -- Check for working C compiler: /usr/bin/cc - skipped
[0.263s] -- Detecting C compile features
[0.263s] -- Detecting C compile features - done
[0.281s] -- Detecting CXX compiler ABI info
[0.414s] -- Detecting CXX compiler ABI info - done
[0.429s] -- Check for working CXX compiler: /usr/bin/c++ - skipped
[0.429s] -- Detecting CXX compile features
[0.430s] -- Detecting CXX compile features - done
[0.440s] -- Found ament_cmake: 1.3.11 (/opt/ros/humble/share/ament_cmake/cmake)
[0.548s] -- Found Python3: /usr/bin/python3 (found version "3.14.5") found components: Interpreter
[0.632s] -- Found rclcpp: 16.0.12 (/opt/ros/humble/share/rclcpp/cmake)
[0.676s] -- Found rosidl_generator_c: 3.1.6 (/opt/ros/humble/share/rosidl_generator_c/cmake)
[0.681s] -- Found rosidl_adapter: 3.1.6 (/opt/ros/humble/share/rosidl_adapter/cmake)
[0.689s] -- Found rosidl_generator_cpp: 3.1.6 (/opt/ros/humble/share/rosidl_generator_cpp/cmake)
[0.702s] -- Using all available rosidl_typesupport_c: rosidl_typesupport_fastrtps_c;rosidl_typesupport_introspection_c
[0.714s] -- Using all available rosidl_typesupport_cpp: rosidl_typesupport_fastrtps_cpp;rosidl_typesupport_introspection_cpp
[0.744s] -- Found rmw_implementation_cmake: 6.1.2 (/opt/ros/humble/share/rmw_implementation_cmake/cmake)
[0.746s] -- Found rmw_fastrtps_cpp: 6.2.7 (/opt/ros/humble/share/rmw_fastrtps_cpp/cmake)
[0.798s] -- Found OpenSSL: /usr/lib/libcrypto.so (found version "3.6.2")
[0.812s] -- Found FastRTPS: /opt/ros/humble/include
[0.828s] -- Using RMW implementation 'rmw_fastrtps_cpp' as default
[0.835s] -- Performing Test CMAKE_HAVE_LIBC_PTHREAD
[0.920s] -- Performing Test CMAKE_HAVE_LIBC_PTHREAD - Success
[0.921s] -- Found Threads: TRUE
[0.985s] -- Found sensor_msgs: 4.8.0 (/opt/ros/humble/share/sensor_msgs/cmake)
[1.043s] CMake Error at CMakeLists.txt:13 (find_package):
[1.043s]   By not providing "Findbehaviortree_cpp.cmake" in CMAKE_MODULE_PATH this
[1.043s]   project has asked CMake to find a package configuration file provided by
[1.043s]   "behaviortree_cpp", but CMake did not find one.
[1.043s] 
[1.043s]   Could not find a package configuration file provided by "behaviortree_cpp"
[1.043s]   with any of the following names:
[1.043s] 
[1.044s]     behaviortree_cpp.cps
[1.044s]     behaviortree_cppConfig.cmake
[1.044s]     behaviortree_cpp-config.cmake
[1.044s] 
[1.044s]   Add the installation prefix of "behaviortree_cpp" to CMAKE_PREFIX_PATH or
[1.044s]   set "behaviortree_cpp_DIR" to a directory containing one of the above
[1.044s]   files.  If "behaviortree_cpp" provides a separate development package or
[1.044s]   SDK, be sure it has been installed.
[1.044s] 
[1.044s] 
[1.044s] -- Configuring incomplete, errors occurred!
[1.053s] Invoked command in '/home/baro/Downloads/Football/K1_Football_Demo/build/brain' returned '1': DEBUGINFOD_URLS=https://debuginfod.archlinux.org _=/usr/bin/env /usr/bin/cmake /home/baro/Downloads/Football/K1_Football_Demo/src/brain -DCMAKE_INSTALL_PREFIX=/home/baro/Downloads/Football/K1_Football_Demo/install/brain
