[-1779296915770796032.000s] DEBUG:colcon:Command line arguments: ['/usr/bin/colcon', 'build', '--parallel-workers', '8']
[-1779296915770796032.000s] DEBUG:colcon:Parsed command line arguments: Namespace(log_base=None, log_level=None, verb_name='build', build_base='build', install_base='install', merge_install=False, symlink_install=False, test_result_base=None, continue_on_error=False, executor='parallel', parallel_workers=8, event_handlers=None, ignore_user_meta=False, metas=['./colcon.meta'], base_paths=['.'], packages_ignore=None, packages_ignore_regex=None, paths=None, packages_up_to=None, packages_up_to_regex=None, packages_above=None, packages_above_and_dependencies=None, packages_above_depth=None, packages_select_by_dep=None, packages_skip_by_dep=None, packages_skip_up_to=None, packages_select_build_failed=False, packages_skip_build_finished=False, packages_select_test_failures=False, packages_skip_test_passed=False, packages_select=None, packages_skip=None, packages_select_regex=None, packages_skip_regex=None, packages_start=None, packages_end=None, cmake_args=None, cmake_target=None, cmake_target_skip_unavailable=False, cmake_clean_cache=False, cmake_clean_first=False, cmake_force_configure=False, ament_cmake_args=None, catkin_cmake_args=None, catkin_skip_building_tests=False, verb_parser=<colcon_defaults.argument_parser.defaults.DefaultArgumentsDecorator object at 0x7f480f56ed50>, verb_extension=<colcon_core.verb.build.BuildVerb object at 0x7f480f57dfd0>, main=<bound method BuildVerb.main of <colcon_core.verb.build.BuildVerb object at 0x7f480f57dfd0>>)
[-1779296915770796032.000s] Level 1:colcon.colcon_core.package_discovery:discover_packages(colcon_meta) check parameters
[-1779296915770796032.000s] Level 1:colcon.colcon_core.package_discovery:discover_packages(recursive) check parameters
[-1779296915770796032.000s] Level 1:colcon.colcon_core.package_discovery:discover_packages(ignore) check parameters
[-1779296915770796032.000s] Level 1:colcon.colcon_core.package_discovery:discover_packages(path) check parameters
[-1779296915770796032.000s] Level 1:colcon.colcon_core.package_discovery:discover_packages(colcon_meta) discover
[-1779296915770796032.000s] Level 1:colcon.colcon_core.package_discovery:discover_packages(recursive) discover
[-1779296915770796032.000s] INFO:colcon.colcon_core.package_discovery:Crawling recursively for packages in '/home/baro/Downloads/Football/K1_Football_Demo'
[-1779296915770796032.000s] Level 1:colcon.colcon_core.package_identification:_identify(.) by extensions ['ignore', 'ignore_ament_install']
[-1779296915770796032.000s] Level 1:colcon.colcon_core.package_identification:_identify(.) by extension 'ignore'
[-1779296915770796032.000s] Level 1:colcon.colcon_core.package_identification:_identify(.) by extension 'ignore_ament_install'
[-1779296915770796032.000s] Level 1:colcon.colcon_core.package_identification:_identify(.) by extensions ['colcon_pkg']
[-1779296915770796032.000s] Level 1:colcon.colcon_core.package_identification:_identify(.) by extension 'colcon_pkg'
[-1779296915770796032.000s] Level 1:colcon.colcon_core.package_identification:_identify(.) by extensions ['colcon_meta']
[-1779296915770796032.000s] Level 1:colcon.colcon_core.package_identification:_identify(.) by extension 'colcon_meta'
[-1779296915770796032.000s] Level 1:colcon.colcon_core.package_identification:_identify(.) by extensions ['ros']
[-1779296915770796032.000s] Level 1:colcon.colcon_core.package_identification:_identify(.) by extension 'ros'
[-1779296915770796032.000s] Level 1:colcon.colcon_core.package_identification:_identify(.) by extensions ['cmake', 'python']
[-1779296915770796032.000s] Level 1:colcon.colcon_core.package_identification:_identify(.) by extension 'cmake'
[-1779296915770796032.000s] Level 1:colcon.colcon_core.package_identification:_identify(.) by extension 'python'
[-1779296915770796032.000s] Level 1:colcon.colcon_core.package_identification:_identify(.) by extensions ['python_setup_py']
[-1779296915770796032.000s] Level 1:colcon.colcon_core.package_identification:_identify(.) by extension 'python_setup_py'
[-1779296915770796032.000s] Level 1:colcon.colcon_core.package_identification:_identify(build) by extensions ['ignore', 'ignore_ament_install']
[-1779296915770796032.000s] Level 1:colcon.colcon_core.package_identification:_identify(build) by extension 'ignore'
[-1779296915770796032.000s] Level 1:colcon.colcon_core.package_identification:_identify(build) ignored
[-1779296915770796032.000s] Level 1:colcon.colcon_core.package_identification:_identify(configs) by extensions ['ignore', 'ignore_ament_install']
[-1779296915770796032.000s] Level 1:colcon.colcon_core.package_identification:_identify(configs) by extension 'ignore'
[-1779296915770796032.000s] Level 1:colcon.colcon_core.package_identification:_identify(configs) by extension 'ignore_ament_install'
[-1779296915770796032.000s] Level 1:colcon.colcon_core.package_identification:_identify(configs) by extensions ['colcon_pkg']
[-1779296915770796032.000s] Level 1:colcon.colcon_core.package_identification:_identify(configs) by extension 'colcon_pkg'
[-1779296915770796032.000s] Level 1:colcon.colcon_core.package_identification:_identify(configs) by extensions ['colcon_meta']
[-1779296915770796032.000s] Level 1:colcon.colcon_core.package_identification:_identify(configs) by extension 'colcon_meta'
[-1779296915770796032.000s] Level 1:colcon.colcon_core.package_identification:_identify(configs) by extensions ['ros']
[-1779296915770796032.000s] Level 1:colcon.colcon_core.package_identification:_identify(configs) by extension 'ros'
[-1779296915770796032.000s] Level 1:colcon.colcon_core.package_identification:_identify(configs) by extensions ['cmake', 'python']
[-1779296915770796032.000s] Level 1:colcon.colcon_core.package_identification:_identify(configs) by extension 'cmake'
[-1779296915770796032.000s] Level 1:colcon.colcon_core.package_identification:_identify(configs) by extension 'python'
[-1779296915770796032.000s] Level 1:colcon.colcon_core.package_identification:_identify(configs) by extensions ['python_setup_py']
[-1779296915770796032.000s] Level 1:colcon.colcon_core.package_identification:_identify(configs) by extension 'python_setup_py'
[-1779296915770796032.000s] Level 1:colcon.colcon_core.package_identification:_identify(distribution) by extensions ['ignore', 'ignore_ament_install']
[-1779296915770796032.000s] Level 1:colcon.colcon_core.package_identification:_identify(distribution) by extension 'ignore'
[-1779296915770796032.000s] Level 1:colcon.colcon_core.package_identification:_identify(distribution) by extension 'ignore_ament_install'
[-1779296915770796032.000s] Level 1:colcon.colcon_core.package_identification:_identify(distribution) by extensions ['colcon_pkg']
[-1779296915770796032.000s] Level 1:colcon.colcon_core.package_identification:_identify(distribution) by extension 'colcon_pkg'
[-1779296915770796032.000s] Level 1:colcon.colcon_core.package_identification:_identify(distribution) by extensions ['colcon_meta']
[-1779296915770796032.000s] Level 1:colcon.colcon_core.package_identification:_identify(distribution) by extension 'colcon_meta'
[-1779296915770796032.000s] Level 1:colcon.colcon_core.package_identification:_identify(distribution) by extensions ['ros']
[-1779296915770796032.000s] Level 1:colcon.colcon_core.package_identification:_identify(distribution) by extension 'ros'
[-1779296915770796032.000s] Level 1:colcon.colcon_core.package_identification:_identify(distribution) by extensions ['cmake', 'python']
[-1779296915770796032.000s] Level 1:colcon.colcon_core.package_identification:_identify(distribution) by extension 'cmake'
[-1779296915770796032.000s] Level 1:colcon.colcon_core.package_identification:_identify(distribution) by extension 'python'
[-1779296915770796032.000s] Level 1:colcon.colcon_core.package_identification:_identify(distribution) by extensions ['python_setup_py']
[-1779296915770796032.000s] Level 1:colcon.colcon_core.package_identification:_identify(distribution) by extension 'python_setup_py'
[-1779296915770796032.000s] Level 1:colcon.colcon_core.package_identification:_identify(install) by extensions ['ignore', 'ignore_ament_install']
[-1779296915770796032.000s] Level 1:colcon.colcon_core.package_identification:_identify(install) by extension 'ignore'
[-1779296915770796032.000s] Level 1:colcon.colcon_core.package_identification:_identify(install) ignored
[-1779296915770796032.000s] Level 1:colcon.colcon_core.package_identification:_identify(log) by extensions ['ignore', 'ignore_ament_install']
[-1779296915770796032.000s] Level 1:colcon.colcon_core.package_identification:_identify(log) by extension 'ignore'
[-1779296915770796032.000s] Level 1:colcon.colcon_core.package_identification:_identify(log) ignored
[-1779296915770796032.000s] Level 1:colcon.colcon_core.package_identification:_identify(scripts) by extensions ['ignore', 'ignore_ament_install']
[-1779296915770796032.000s] Level 1:colcon.colcon_core.package_identification:_identify(scripts) by extension 'ignore'
[-1779296915770796032.000s] Level 1:colcon.colcon_core.package_identification:_identify(scripts) by extension 'ignore_ament_install'
[-1779296915770796032.000s] Level 1:colcon.colcon_core.package_identification:_identify(scripts) by extensions ['colcon_pkg']
[-1779296915770796032.000s] Level 1:colcon.colcon_core.package_identification:_identify(scripts) by extension 'colcon_pkg'
[-1779296915770796032.000s] Level 1:colcon.colcon_core.package_identification:_identify(scripts) by extensions ['colcon_meta']
[-1779296915770796032.000s] Level 1:colcon.colcon_core.package_identification:_identify(scripts) by extension 'colcon_meta'
[-1779296915770796032.000s] Level 1:colcon.colcon_core.package_identification:_identify(scripts) by extensions ['ros']
[-1779296915770796032.000s] Level 1:colcon.colcon_core.package_identification:_identify(scripts) by extension 'ros'
[-1779296915770796032.000s] Level 1:colcon.colcon_core.package_identification:_identify(scripts) by extensions ['cmake', 'python']
[-1779296915770796032.000s] Level 1:colcon.colcon_core.package_identification:_identify(scripts) by extension 'cmake'
[-1779296915770796032.000s] Level 1:colcon.colcon_core.package_identification:_identify(scripts) by extension 'python'
[-1779296915770796032.000s] Level 1:colcon.colcon_core.package_identification:_identify(scripts) by extensions ['python_setup_py']
[-1779296915770796032.000s] Level 1:colcon.colcon_core.package_identification:_identify(scripts) by extension 'python_setup_py'
[-1779296915770796032.000s] Level 1:colcon.colcon_core.package_identification:_identify(src) by extensions ['ignore', 'ignore_ament_install']
[-1779296915770796032.000s] Level 1:colcon.colcon_core.package_identification:_identify(src) by extension 'ignore'
[-1779296915770796032.000s] Level 1:colcon.colcon_core.package_identification:_identify(src) by extension 'ignore_ament_install'
[-1779296915770796032.000s] Level 1:colcon.colcon_core.package_identification:_identify(src) by extensions ['colcon_pkg']
[-1779296915770796032.000s] Level 1:colcon.colcon_core.package_identification:_identify(src) by extension 'colcon_pkg'
[-1779296915770796032.000s] Level 1:colcon.colcon_core.package_identification:_identify(src) by extensions ['colcon_meta']
[-1779296915770796032.000s] Level 1:colcon.colcon_core.package_identification:_identify(src) by extension 'colcon_meta'
[-1779296915770796032.000s] Level 1:colcon.colcon_core.package_identification:_identify(src) by extensions ['ros']
[-1779296915770796032.000s] Level 1:colcon.colcon_core.package_identification:_identify(src) by extension 'ros'
[-1779296915770796032.000s] Level 1:colcon.colcon_core.package_identification:_identify(src) by extensions ['cmake', 'python']
[-1779296915770796032.000s] Level 1:colcon.colcon_core.package_identification:_identify(src) by extension 'cmake'
[-1779296915770796032.000s] Level 1:colcon.colcon_core.package_identification:_identify(src) by extension 'python'
[-1779296915770796032.000s] Level 1:colcon.colcon_core.package_identification:_identify(src) by extensions ['python_setup_py']
[-1779296915770796032.000s] Level 1:colcon.colcon_core.package_identification:_identify(src) by extension 'python_setup_py'
[-1779296915770796032.000s] Level 1:colcon.colcon_core.package_identification:_identify(src/booster_msgs) by extensions ['ignore', 'ignore_ament_install']
[-1779296915770796032.000s] Level 1:colcon.colcon_core.package_identification:_identify(src/booster_msgs) by extension 'ignore'
[-1779296915770796032.000s] Level 1:colcon.colcon_core.package_identification:_identify(src/booster_msgs) by extension 'ignore_ament_install'
[-1779296915770796032.000s] Level 1:colcon.colcon_core.package_identification:_identify(src/booster_msgs) by extensions ['colcon_pkg']
[-1779296915770796032.000s] Level 1:colcon.colcon_core.package_identification:_identify(src/booster_msgs) by extension 'colcon_pkg'
[-1779296915770796032.000s] Level 1:colcon.colcon_core.package_identification:_identify(src/booster_msgs) by extensions ['colcon_meta']
[-1779296915770796032.000s] Level 1:colcon.colcon_core.package_identification:_identify(src/booster_msgs) by extension 'colcon_meta'
[-1779296915770796032.000s] Level 1:colcon.colcon_core.package_identification:_identify(src/booster_msgs) by extensions ['ros']
[-1779296915770796032.000s] Level 1:colcon.colcon_core.package_identification:_identify(src/booster_msgs) by extension 'ros'
[-1779296915770796032.000s] DEBUG:colcon.colcon_core.package_identification:Package 'src/booster_msgs' with type 'ros.ament_cmake' and name 'booster_msgs'
[-1779296915770796032.000s] Level 1:colcon.colcon_core.package_identification:_identify(src/booster_ros2_interface) by extensions ['ignore', 'ignore_ament_install']
[-1779296915770796032.000s] Level 1:colcon.colcon_core.package_identification:_identify(src/booster_ros2_interface) by extension 'ignore'
[-1779296915770796032.000s] Level 1:colcon.colcon_core.package_identification:_identify(src/booster_ros2_interface) by extension 'ignore_ament_install'
[-1779296915770796032.000s] Level 1:colcon.colcon_core.package_identification:_identify(src/booster_ros2_interface) by extensions ['colcon_pkg']
[-1779296915770796032.000s] Level 1:colcon.colcon_core.package_identification:_identify(src/booster_ros2_interface) by extension 'colcon_pkg'
[-1779296915770796032.000s] Level 1:colcon.colcon_core.package_identification:_identify(src/booster_ros2_interface) by extensions ['colcon_meta']
[-1779296915770796032.000s] Level 1:colcon.colcon_core.package_identification:_identify(src/booster_ros2_interface) by extension 'colcon_meta'
[-1779296915770796032.000s] Level 1:colcon.colcon_core.package_identification:_identify(src/booster_ros2_interface) by extensions ['ros']
[-1779296915770796032.000s] Level 1:colcon.colcon_core.package_identification:_identify(src/booster_ros2_interface) by extension 'ros'
[-1779296915770796032.000s] DEBUG:colcon.colcon_core.package_identification:Package 'src/booster_ros2_interface' with type 'ros.ament_cmake' and name 'booster_interface'
[-1779296915770796032.000s] Level 1:colcon.colcon_core.package_identification:_identify(src/brain) by extensions ['ignore', 'ignore_ament_install']
[-1779296915770796032.000s] Level 1:colcon.colcon_core.package_identification:_identify(src/brain) by extension 'ignore'
[-1779296915770796032.000s] Level 1:colcon.colcon_core.package_identification:_identify(src/brain) by extension 'ignore_ament_install'
[-1779296915770796032.000s] Level 1:colcon.colcon_core.package_identification:_identify(src/brain) by extensions ['colcon_pkg']
[-1779296915770796032.000s] Level 1:colcon.colcon_core.package_identification:_identify(src/brain) by extension 'colcon_pkg'
[-1779296915770796032.000s] Level 1:colcon.colcon_core.package_identification:_identify(src/brain) by extensions ['colcon_meta']
[-1779296915770796032.000s] Level 1:colcon.colcon_core.package_identification:_identify(src/brain) by extension 'colcon_meta'
[-1779296915770796032.000s] Level 1:colcon.colcon_core.package_identification:_identify(src/brain) by extensions ['ros']
[-1779296915770796032.000s] Level 1:colcon.colcon_core.package_identification:_identify(src/brain) by extension 'ros'
[-1779296915770796032.000s] DEBUG:colcon.colcon_core.package_identification:Package 'src/brain' with type 'ros.ament_cmake' and name 'brain'
[-1779296915770796032.000s] Level 1:colcon.colcon_core.package_identification:_identify(src/game_controller) by extensions ['ignore', 'ignore_ament_install']
[-1779296915770796032.000s] Level 1:colcon.colcon_core.package_identification:_identify(src/game_controller) by extension 'ignore'
[-1779296915770796032.000s] Level 1:colcon.colcon_core.package_identification:_identify(src/game_controller) by extension 'ignore_ament_install'
[-1779296915770796032.000s] Level 1:colcon.colcon_core.package_identification:_identify(src/game_controller) by extensions ['colcon_pkg']
[-1779296915770796032.000s] Level 1:colcon.colcon_core.package_identification:_identify(src/game_controller) by extension 'colcon_pkg'
[-1779296915770796032.000s] Level 1:colcon.colcon_core.package_identification:_identify(src/game_controller) by extensions ['colcon_meta']
[-1779296915770796032.000s] Level 1:colcon.colcon_core.package_identification:_identify(src/game_controller) by extension 'colcon_meta'
[-1779296915770796032.000s] Level 1:colcon.colcon_core.package_identification:_identify(src/game_controller) by extensions ['ros']
[-1779296915770796032.000s] Level 1:colcon.colcon_core.package_identification:_identify(src/game_controller) by extension 'ros'
[-1779296915770796032.000s] DEBUG:colcon.colcon_core.package_identification:Package 'src/game_controller' with type 'ros.ament_cmake' and name 'game_controller'
[-1779296915770796032.000s] Level 1:colcon.colcon_core.package_identification:_identify(src/robocup_ros2_interface) by extensions ['ignore', 'ignore_ament_install']
[-1779296915770796032.000s] Level 1:colcon.colcon_core.package_identification:_identify(src/robocup_ros2_interface) by extension 'ignore'
[-1779296915770796032.000s] Level 1:colcon.colcon_core.package_identification:_identify(src/robocup_ros2_interface) by extension 'ignore_ament_install'
[-1779296915770796032.000s] Level 1:colcon.colcon_core.package_identification:_identify(src/robocup_ros2_interface) by extensions ['colcon_pkg']
[-1779296915770796032.000s] Level 1:colcon.colcon_core.package_identification:_identify(src/robocup_ros2_interface) by extension 'colcon_pkg'
[-1779296915770796032.000s] Level 1:colcon.colcon_core.package_identification:_identify(src/robocup_ros2_interface) by extensions ['colcon_meta']
[-1779296915770796032.000s] Level 1:colcon.colcon_core.package_identification:_identify(src/robocup_ros2_interface) by extension 'colcon_meta'
[-1779296915770796032.000s] Level 1:colcon.colcon_core.package_identification:_identify(src/robocup_ros2_interface) by extensions ['ros']
[-1779296915770796032.000s] Level 1:colcon.colcon_core.package_identification:_identify(src/robocup_ros2_interface) by extension 'ros'
[-1779296915770796032.000s] Level 1:colcon.colcon_core.package_identification:_identify(src/robocup_ros2_interface) by extensions ['cmake', 'python']
[-1779296915770796032.000s] Level 1:colcon.colcon_core.package_identification:_identify(src/robocup_ros2_interface) by extension 'cmake'
[-1779296915770796032.000s] Level 1:colcon.colcon_core.package_identification:_identify(src/robocup_ros2_interface) by extension 'python'
[-1779296915770796032.000s] Level 1:colcon.colcon_core.package_identification:_identify(src/robocup_ros2_interface) by extensions ['python_setup_py']
[-1779296915770796032.000s] Level 1:colcon.colcon_core.package_identification:_identify(src/robocup_ros2_interface) by extension 'python_setup_py'
[-1779296915770796032.000s] Level 1:colcon.colcon_core.package_identification:_identify(src/robocup_ros2_interface/src) by extensions ['ignore', 'ignore_ament_install']
[-1779296915770796032.000s] Level 1:colcon.colcon_core.package_identification:_identify(src/robocup_ros2_interface/src) by extension 'ignore'
[-1779296915770796032.000s] Level 1:colcon.colcon_core.package_identification:_identify(src/robocup_ros2_interface/src) by extension 'ignore_ament_install'
[-1779296915770796032.000s] Level 1:colcon.colcon_core.package_identification:_identify(src/robocup_ros2_interface/src) by extensions ['colcon_pkg']
[-1779296915770796032.000s] Level 1:colcon.colcon_core.package_identification:_identify(src/robocup_ros2_interface/src) by extension 'colcon_pkg'
[-1779296915770796032.000s] Level 1:colcon.colcon_core.package_identification:_identify(src/robocup_ros2_interface/src) by extensions ['colcon_meta']
[-1779296915770796032.000s] Level 1:colcon.colcon_core.package_identification:_identify(src/robocup_ros2_interface/src) by extension 'colcon_meta'
[-1779296915770796032.000s] Level 1:colcon.colcon_core.package_identification:_identify(src/robocup_ros2_interface/src) by extensions ['ros']
[-1779296915770796032.000s] Level 1:colcon.colcon_core.package_identification:_identify(src/robocup_ros2_interface/src) by extension 'ros'
[-1779296915770796032.000s] Level 1:colcon.colcon_core.package_identification:_identify(src/robocup_ros2_interface/src) by extensions ['cmake', 'python']
[-1779296915770796032.000s] Level 1:colcon.colcon_core.package_identification:_identify(src/robocup_ros2_interface/src) by extension 'cmake'
[-1779296915770796032.000s] Level 1:colcon.colcon_core.package_identification:_identify(src/robocup_ros2_interface/src) by extension 'python'
[-1779296915770796032.000s] Level 1:colcon.colcon_core.package_identification:_identify(src/robocup_ros2_interface/src) by extensions ['python_setup_py']
[-1779296915770796032.000s] Level 1:colcon.colcon_core.package_identification:_identify(src/robocup_ros2_interface/src) by extension 'python_setup_py'
[-1779296915770796032.000s] Level 1:colcon.colcon_core.package_identification:_identify(src/robocup_ros2_interface/src/game_controller_interface) by extensions ['ignore', 'ignore_ament_install']
[-1779296915770796032.000s] Level 1:colcon.colcon_core.package_identification:_identify(src/robocup_ros2_interface/src/game_controller_interface) by extension 'ignore'
[-1779296915770796032.000s] Level 1:colcon.colcon_core.package_identification:_identify(src/robocup_ros2_interface/src/game_controller_interface) by extension 'ignore_ament_install'
[-1779296915770796032.000s] Level 1:colcon.colcon_core.package_identification:_identify(src/robocup_ros2_interface/src/game_controller_interface) by extensions ['colcon_pkg']
[-1779296915770796032.000s] Level 1:colcon.colcon_core.package_identification:_identify(src/robocup_ros2_interface/src/game_controller_interface) by extension 'colcon_pkg'
[-1779296915770796032.000s] Level 1:colcon.colcon_core.package_identification:_identify(src/robocup_ros2_interface/src/game_controller_interface) by extensions ['colcon_meta']
[-1779296915770796032.000s] Level 1:colcon.colcon_core.package_identification:_identify(src/robocup_ros2_interface/src/game_controller_interface) by extension 'colcon_meta'
[-1779296915770796032.000s] Level 1:colcon.colcon_core.package_identification:_identify(src/robocup_ros2_interface/src/game_controller_interface) by extensions ['ros']
[-1779296915770796032.000s] Level 1:colcon.colcon_core.package_identification:_identify(src/robocup_ros2_interface/src/game_controller_interface) by extension 'ros'
[-1779296915770796032.000s] DEBUG:colcon.colcon_core.package_identification:Package 'src/robocup_ros2_interface/src/game_controller_interface' with type 'ros.ament_cmake' and name 'game_controller_interface'
[-1779296915770796032.000s] Level 1:colcon.colcon_core.package_identification:_identify(src/robocup_ros2_interface/src/vision_interface) by extensions ['ignore', 'ignore_ament_install']
[-1779296915770796032.000s] Level 1:colcon.colcon_core.package_identification:_identify(src/robocup_ros2_interface/src/vision_interface) by extension 'ignore'
[-1779296915770796032.000s] Level 1:colcon.colcon_core.package_identification:_identify(src/robocup_ros2_interface/src/vision_interface) by extension 'ignore_ament_install'
[-1779296915770796032.000s] Level 1:colcon.colcon_core.package_identification:_identify(src/robocup_ros2_interface/src/vision_interface) by extensions ['colcon_pkg']
[-1779296915770796032.000s] Level 1:colcon.colcon_core.package_identification:_identify(src/robocup_ros2_interface/src/vision_interface) by extension 'colcon_pkg'
[-1779296915770796032.000s] Level 1:colcon.colcon_core.package_identification:_identify(src/robocup_ros2_interface/src/vision_interface) by extensions ['colcon_meta']
[-1779296915770796032.000s] Level 1:colcon.colcon_core.package_identification:_identify(src/robocup_ros2_interface/src/vision_interface) by extension 'colcon_meta'
[-1779296915770796032.000s] Level 1:colcon.colcon_core.package_identification:_identify(src/robocup_ros2_interface/src/vision_interface) by extensions ['ros']
[-1779296915770796032.000s] Level 1:colcon.colcon_core.package_identification:_identify(src/robocup_ros2_interface/src/vision_interface) by extension 'ros'
[-1779296915770796032.000s] DEBUG:colcon.colcon_core.package_identification:Package 'src/robocup_ros2_interface/src/vision_interface' with type 'ros.ament_cmake' and name 'vision_interface'
[-1779296915770796032.000s] Level 1:colcon.colcon_core.package_identification:_identify(src/vision) by extensions ['ignore', 'ignore_ament_install']
[-1779296915770796032.000s] Level 1:colcon.colcon_core.package_identification:_identify(src/vision) by extension 'ignore'
[-1779296915770796032.000s] Level 1:colcon.colcon_core.package_identification:_identify(src/vision) by extension 'ignore_ament_install'
[-1779296915770796032.000s] Level 1:colcon.colcon_core.package_identification:_identify(src/vision) by extensions ['colcon_pkg']
[-1779296915770796032.000s] Level 1:colcon.colcon_core.package_identification:_identify(src/vision) by extension 'colcon_pkg'
[-1779296915770796032.000s] Level 1:colcon.colcon_core.package_identification:_identify(src/vision) by extensions ['colcon_meta']
[-1779296915770796032.000s] Level 1:colcon.colcon_core.package_identification:_identify(src/vision) by extension 'colcon_meta'
[-1779296915770796032.000s] Level 1:colcon.colcon_core.package_identification:_identify(src/vision) by extensions ['ros']
[-1779296915770796032.000s] Level 1:colcon.colcon_core.package_identification:_identify(src/vision) by extension 'ros'
[-1779296915770796032.000s] DEBUG:colcon.colcon_core.package_identification:Package 'src/vision' with type 'ros.ament_cmake' and name 'vision'
[-1779296915770796032.000s] Level 1:colcon.colcon_core.package_identification:_identify(utils) by extensions ['ignore', 'ignore_ament_install']
[-1779296915770796032.000s] Level 1:colcon.colcon_core.package_identification:_identify(utils) by extension 'ignore'
[-1779296915770796032.000s] Level 1:colcon.colcon_core.package_identification:_identify(utils) by extension 'ignore_ament_install'
[-1779296915770796032.000s] Level 1:colcon.colcon_core.package_identification:_identify(utils) by extensions ['colcon_pkg']
[-1779296915770796032.000s] Level 1:colcon.colcon_core.package_identification:_identify(utils) by extension 'colcon_pkg'
[-1779296915770796032.000s] Level 1:colcon.colcon_core.package_identification:_identify(utils) by extensions ['colcon_meta']
[-1779296915770796032.000s] Level 1:colcon.colcon_core.package_identification:_identify(utils) by extension 'colcon_meta'
[-1779296915770796032.000s] Level 1:colcon.colcon_core.package_identification:_identify(utils) by extensions ['ros']
[-1779296915770796032.000s] Level 1:colcon.colcon_core.package_identification:_identify(utils) by extension 'ros'
[-1779296915770796032.000s] Level 1:colcon.colcon_core.package_identification:_identify(utils) by extensions ['cmake', 'python']
[-1779296915770796032.000s] Level 1:colcon.colcon_core.package_identification:_identify(utils) by extension 'cmake'
[-1779296915770796032.000s] Level 1:colcon.colcon_core.package_identification:_identify(utils) by extension 'python'
[-1779296915770796032.000s] Level 1:colcon.colcon_core.package_identification:_identify(utils) by extensions ['python_setup_py']
[-1779296915770796032.000s] Level 1:colcon.colcon_core.package_identification:_identify(utils) by extension 'python_setup_py'
[-1779296915770796032.000s] Level 1:colcon.colcon_core.package_identification:_identify(utils/service) by extensions ['ignore', 'ignore_ament_install']
[-1779296915770796032.000s] Level 1:colcon.colcon_core.package_identification:_identify(utils/service) by extension 'ignore'
[-1779296915770796032.000s] Level 1:colcon.colcon_core.package_identification:_identify(utils/service) by extension 'ignore_ament_install'
[-1779296915770796032.000s] Level 1:colcon.colcon_core.package_identification:_identify(utils/service) by extensions ['colcon_pkg']
[-1779296915770796032.000s] Level 1:colcon.colcon_core.package_identification:_identify(utils/service) by extension 'colcon_pkg'
[-1779296915770796032.000s] Level 1:colcon.colcon_core.package_identification:_identify(utils/service) by extensions ['colcon_meta']
[-1779296915770796032.000s] Level 1:colcon.colcon_core.package_identification:_identify(utils/service) by extension 'colcon_meta'
[-1779296915770796032.000s] Level 1:colcon.colcon_core.package_identification:_identify(utils/service) by extensions ['ros']
[-1779296915770796032.000s] Level 1:colcon.colcon_core.package_identification:_identify(utils/service) by extension 'ros'
[-1779296915770796032.000s] Level 1:colcon.colcon_core.package_identification:_identify(utils/service) by extensions ['cmake', 'python']
[-1779296915770796032.000s] Level 1:colcon.colcon_core.package_identification:_identify(utils/service) by extension 'cmake'
[-1779296915770796032.000s] Level 1:colcon.colcon_core.package_identification:_identify(utils/service) by extension 'python'
[-1779296915770796032.000s] Level 1:colcon.colcon_core.package_identification:_identify(utils/service) by extensions ['python_setup_py']
[-1779296915770796032.000s] Level 1:colcon.colcon_core.package_identification:_identify(utils/service) by extension 'python_setup_py'
[-1779296915770796032.000s] Level 1:colcon.colcon_core.package_discovery:discover_packages(recursive) using defaults
[-1779296915770796032.000s] Level 1:colcon.colcon_core.package_discovery:discover_packages(ignore) discover
[-1779296915770796032.000s] Level 1:colcon.colcon_core.package_discovery:discover_packages(ignore) using defaults
[-1779296915770796032.000s] Level 1:colcon.colcon_core.package_discovery:discover_packages(path) discover
[-1779296915770796032.000s] Level 1:colcon.colcon_core.package_discovery:discover_packages(path) using defaults
[-1779296915770796032.000s] Level 5:colcon.colcon_core.verb:set package 'booster_interface' build argument 'cmake_args' from command line to 'None'
[-1779296915770796032.000s] Level 5:colcon.colcon_core.verb:set package 'booster_interface' build argument 'cmake_target' from command line to 'None'
[-1779296915770796032.000s] Level 5:colcon.colcon_core.verb:set package 'booster_interface' build argument 'cmake_target_skip_unavailable' from command line to 'False'
[-1779296915770796032.000s] Level 5:colcon.colcon_core.verb:set package 'booster_interface' build argument 'cmake_clean_cache' from command line to 'False'
[-1779296915770796032.000s] Level 5:colcon.colcon_core.verb:set package 'booster_interface' build argument 'cmake_clean_first' from command line to 'False'
[-1779296915770796032.000s] Level 5:colcon.colcon_core.verb:set package 'booster_interface' build argument 'cmake_force_configure' from command line to 'False'
[-1779296915770796032.000s] Level 5:colcon.colcon_core.verb:set package 'booster_interface' build argument 'ament_cmake_args' from command line to 'None'
[-1779296915770796032.000s] Level 5:colcon.colcon_core.verb:set package 'booster_interface' build argument 'catkin_cmake_args' from command line to 'None'
[-1779296915770796032.000s] Level 5:colcon.colcon_core.verb:set package 'booster_interface' build argument 'catkin_skip_building_tests' from command line to 'False'
[-1779296915770796032.000s] DEBUG:colcon.colcon_core.verb:Building package 'booster_interface' with the following arguments: {'ament_cmake_args': None, 'build_base': '/home/baro/Downloads/Football/K1_Football_Demo/build/booster_interface', 'catkin_cmake_args': None, 'catkin_skip_building_tests': False, 'cmake_args': None, 'cmake_clean_cache': False, 'cmake_clean_first': False, 'cmake_force_configure': False, 'cmake_target': None, 'cmake_target_skip_unavailable': False, 'install_base': '/home/baro/Downloads/Football/K1_Football_Demo/install/booster_interface', 'merge_install': False, 'path': '/home/baro/Downloads/Football/K1_Football_Demo/src/booster_ros2_interface', 'symlink_install': False, 'test_result_base': None}
[-1779296915770796032.000s] Level 5:colcon.colcon_core.verb:set package 'booster_msgs' build argument 'cmake_args' from command line to 'None'
[-1779296915770796032.000s] Level 5:colcon.colcon_core.verb:set package 'booster_msgs' build argument 'cmake_target' from command line to 'None'
[-1779296915770796032.000s] Level 5:colcon.colcon_core.verb:set package 'booster_msgs' build argument 'cmake_target_skip_unavailable' from command line to 'False'
[-1779296915770796032.000s] Level 5:colcon.colcon_core.verb:set package 'booster_msgs' build argument 'cmake_clean_cache' from command line to 'False'
[-1779296915770796032.000s] Level 5:colcon.colcon_core.verb:set package 'booster_msgs' build argument 'cmake_clean_first' from command line to 'False'
[-1779296915770796032.000s] Level 5:colcon.colcon_core.verb:set package 'booster_msgs' build argument 'cmake_force_configure' from command line to 'False'
[-1779296915770796032.000s] Level 5:colcon.colcon_core.verb:set package 'booster_msgs' build argument 'ament_cmake_args' from command line to 'None'
[-1779296915770796032.000s] Level 5:colcon.colcon_core.verb:set package 'booster_msgs' build argument 'catkin_cmake_args' from command line to 'None'
[-1779296915770796032.000s] Level 5:colcon.colcon_core.verb:set package 'booster_msgs' build argument 'catkin_skip_building_tests' from command line to 'False'
[-1779296915770796032.000s] DEBUG:colcon.colcon_core.verb:Building package 'booster_msgs' with the following arguments: {'ament_cmake_args': None, 'build_base': '/home/baro/Downloads/Football/K1_Football_Demo/build/booster_msgs', 'catkin_cmake_args': None, 'catkin_skip_building_tests': False, 'cmake_args': None, 'cmake_clean_cache': False, 'cmake_clean_first': False, 'cmake_force_configure': False, 'cmake_target': None, 'cmake_target_skip_unavailable': False, 'install_base': '/home/baro/Downloads/Football/K1_Football_Demo/install/booster_msgs', 'merge_install': False, 'path': '/home/baro/Downloads/Football/K1_Football_Demo/src/booster_msgs', 'symlink_install': False, 'test_result_base': None}
[-1779296915770796032.000s] Level 5:colcon.colcon_core.verb:set package 'game_controller_interface' build argument 'cmake_args' from command line to 'None'
[-1779296915770796032.000s] Level 5:colcon.colcon_core.verb:set package 'game_controller_interface' build argument 'cmake_target' from command line to 'None'
[-1779296915770796032.000s] Level 5:colcon.colcon_core.verb:set package 'game_controller_interface' build argument 'cmake_target_skip_unavailable' from command line to 'False'
[-1779296915770796032.000s] Level 5:colcon.colcon_core.verb:set package 'game_controller_interface' build argument 'cmake_clean_cache' from command line to 'False'
[-1779296915770796032.000s] Level 5:colcon.colcon_core.verb:set package 'game_controller_interface' build argument 'cmake_clean_first' from command line to 'False'
[-1779296915770796032.000s] Level 5:colcon.colcon_core.verb:set package 'game_controller_interface' build argument 'cmake_force_configure' from command line to 'False'
[-1779296915770796032.000s] Level 5:colcon.colcon_core.verb:set package 'game_controller_interface' build argument 'ament_cmake_args' from command line to 'None'
[-1779296915770796032.000s] Level 5:colcon.colcon_core.verb:set package 'game_controller_interface' build argument 'catkin_cmake_args' from command line to 'None'
[-1779296915770796032.000s] Level 5:colcon.colcon_core.verb:set package 'game_controller_interface' build argument 'catkin_skip_building_tests' from command line to 'False'
[-1779296915770796032.000s] DEBUG:colcon.colcon_core.verb:Building package 'game_controller_interface' with the following arguments: {'ament_cmake_args': None, 'build_base': '/home/baro/Downloads/Football/K1_Football_Demo/build/game_controller_interface', 'catkin_cmake_args': None, 'catkin_skip_building_tests': False, 'cmake_args': None, 'cmake_clean_cache': False, 'cmake_clean_first': False, 'cmake_force_configure': False, 'cmake_target': None, 'cmake_target_skip_unavailable': False, 'install_base': '/home/baro/Downloads/Football/K1_Football_Demo/install/game_controller_interface', 'merge_install': False, 'path': '/home/baro/Downloads/Football/K1_Football_Demo/src/robocup_ros2_interface/src/game_controller_interface', 'symlink_install': False, 'test_result_base': None}
[-1779296915770796032.000s] Level 5:colcon.colcon_core.verb:set package 'vision_interface' build argument 'cmake_args' from command line to 'None'
[-1779296915770796032.000s] Level 5:colcon.colcon_core.verb:set package 'vision_interface' build argument 'cmake_target' from command line to 'None'
[-1779296915770796032.000s] Level 5:colcon.colcon_core.verb:set package 'vision_interface' build argument 'cmake_target_skip_unavailable' from command line to 'False'
[-1779296915770796032.000s] Level 5:colcon.colcon_core.verb:set package 'vision_interface' build argument 'cmake_clean_cache' from command line to 'False'
[-1779296915770796032.000s] Level 5:colcon.colcon_core.verb:set package 'vision_interface' build argument 'cmake_clean_first' from command line to 'False'
[-1779296915770796032.000s] Level 5:colcon.colcon_core.verb:set package 'vision_interface' build argument 'cmake_force_configure' from command line to 'False'
[-1779296915770796032.000s] Level 5:colcon.colcon_core.verb:set package 'vision_interface' build argument 'ament_cmake_args' from command line to 'None'
[-1779296915770796032.000s] Level 5:colcon.colcon_core.verb:set package 'vision_interface' build argument 'catkin_cmake_args' from command line to 'None'
[-1779296915770796032.000s] Level 5:colcon.colcon_core.verb:set package 'vision_interface' build argument 'catkin_skip_building_tests' from command line to 'False'
[-1779296915770796032.000s] DEBUG:colcon.colcon_core.verb:Building package 'vision_interface' with the following arguments: {'ament_cmake_args': None, 'build_base': '/home/baro/Downloads/Football/K1_Football_Demo/build/vision_interface', 'catkin_cmake_args': None, 'catkin_skip_building_tests': False, 'cmake_args': None, 'cmake_clean_cache': False, 'cmake_clean_first': False, 'cmake_force_configure': False, 'cmake_target': None, 'cmake_target_skip_unavailable': False, 'install_base': '/home/baro/Downloads/Football/K1_Football_Demo/install/vision_interface', 'merge_install': False, 'path': '/home/baro/Downloads/Football/K1_Football_Demo/src/robocup_ros2_interface/src/vision_interface', 'symlink_install': False, 'test_result_base': None}
[-1779296915770796032.000s] Level 5:colcon.colcon_core.verb:set package 'brain' build argument 'cmake_args' from command line to 'None'
[-1779296915770796032.000s] Level 5:colcon.colcon_core.verb:set package 'brain' build argument 'cmake_target' from command line to 'None'
[-1779296915770796032.000s] Level 5:colcon.colcon_core.verb:set package 'brain' build argument 'cmake_target_skip_unavailable' from command line to 'False'
[-1779296915770796032.000s] Level 5:colcon.colcon_core.verb:set package 'brain' build argument 'cmake_clean_cache' from command line to 'False'
[-1779296915770796032.000s] Level 5:colcon.colcon_core.verb:set package 'brain' build argument 'cmake_clean_first' from command line to 'False'
[-1779296915770796032.000s] Level 5:colcon.colcon_core.verb:set package 'brain' build argument 'cmake_force_configure' from command line to 'False'
[-1779296915770796032.000s] Level 5:colcon.colcon_core.verb:set package 'brain' build argument 'ament_cmake_args' from command line to 'None'
[-1779296915770796032.000s] Level 5:colcon.colcon_core.verb:set package 'brain' build argument 'catkin_cmake_args' from command line to 'None'
[-1779296915770796032.000s] Level 5:colcon.colcon_core.verb:set package 'brain' build argument 'catkin_skip_building_tests' from command line to 'False'
[-1779296915770796032.000s] DEBUG:colcon.colcon_core.verb:Building package 'brain' with the following arguments: {'ament_cmake_args': None, 'build_base': '/home/baro/Downloads/Football/K1_Football_Demo/build/brain', 'catkin_cmake_args': None, 'catkin_skip_building_tests': False, 'cmake_args': None, 'cmake_clean_cache': False, 'cmake_clean_first': False, 'cmake_force_configure': False, 'cmake_target': None, 'cmake_target_skip_unavailable': False, 'install_base': '/home/baro/Downloads/Football/K1_Football_Demo/install/brain', 'merge_install': False, 'path': '/home/baro/Downloads/Football/K1_Football_Demo/src/brain', 'symlink_install': False, 'test_result_base': None}
[-1779296915770796032.000s] Level 5:colcon.colcon_core.verb:set package 'game_controller' build argument 'cmake_args' from command line to 'None'
[-1779296915770796032.000s] Level 5:colcon.colcon_core.verb:set package 'game_controller' build argument 'cmake_target' from command line to 'None'
[-1779296915770796032.000s] Level 5:colcon.colcon_core.verb:set package 'game_controller' build argument 'cmake_target_skip_unavailable' from command line to 'False'
[-1779296915770796032.000s] Level 5:colcon.colcon_core.verb:set package 'game_controller' build argument 'cmake_clean_cache' from command line to 'False'
[-1779296915770796032.000s] Level 5:colcon.colcon_core.verb:set package 'game_controller' build argument 'cmake_clean_first' from command line to 'False'
[-1779296915770796032.000s] Level 5:colcon.colcon_core.verb:set package 'game_controller' build argument 'cmake_force_configure' from command line to 'False'
[-1779296915770796032.000s] Level 5:colcon.colcon_core.verb:set package 'game_controller' build argument 'ament_cmake_args' from command line to 'None'
[-1779296915770796032.000s] Level 5:colcon.colcon_core.verb:set package 'game_controller' build argument 'catkin_cmake_args' from command line to 'None'
[-1779296915770796032.000s] Level 5:colcon.colcon_core.verb:set package 'game_controller' build argument 'catkin_skip_building_tests' from command line to 'False'
[-1779296915770796032.000s] DEBUG:colcon.colcon_core.verb:Building package 'game_controller' with the following arguments: {'ament_cmake_args': None, 'build_base': '/home/baro/Downloads/Football/K1_Football_Demo/build/game_controller', 'catkin_cmake_args': None, 'catkin_skip_building_tests': False, 'cmake_args': None, 'cmake_clean_cache': False, 'cmake_clean_first': False, 'cmake_force_configure': False, 'cmake_target': None, 'cmake_target_skip_unavailable': False, 'install_base': '/home/baro/Downloads/Football/K1_Football_Demo/install/game_controller', 'merge_install': False, 'path': '/home/baro/Downloads/Football/K1_Football_Demo/src/game_controller', 'symlink_install': False, 'test_result_base': None}
[-1779296915770796032.000s] Level 5:colcon.colcon_core.verb:set package 'vision' build argument 'cmake_args' from command line to 'None'
[-1779296915770796032.000s] Level 5:colcon.colcon_core.verb:set package 'vision' build argument 'cmake_target' from command line to 'None'
[-1779296915770796032.000s] Level 5:colcon.colcon_core.verb:set package 'vision' build argument 'cmake_target_skip_unavailable' from command line to 'False'
[-1779296915770796032.000s] Level 5:colcon.colcon_core.verb:set package 'vision' build argument 'cmake_clean_cache' from command line to 'False'
[-1779296915770796032.000s] Level 5:colcon.colcon_core.verb:set package 'vision' build argument 'cmake_clean_first' from command line to 'False'
[-1779296915770796032.000s] Level 5:colcon.colcon_core.verb:set package 'vision' build argument 'cmake_force_configure' from command line to 'False'
[-1779296915770796032.000s] Level 5:colcon.colcon_core.verb:set package 'vision' build argument 'ament_cmake_args' from command line to 'None'
[-1779296915770796032.000s] Level 5:colcon.colcon_core.verb:set package 'vision' build argument 'catkin_cmake_args' from command line to 'None'
[-1779296915770796032.000s] Level 5:colcon.colcon_core.verb:set package 'vision' build argument 'catkin_skip_building_tests' from command line to 'False'
[-1779296915770796032.000s] DEBUG:colcon.colcon_core.verb:Building package 'vision' with the following arguments: {'ament_cmake_args': None, 'build_base': '/home/baro/Downloads/Football/K1_Football_Demo/build/vision', 'catkin_cmake_args': None, 'catkin_skip_building_tests': False, 'cmake_args': None, 'cmake_clean_cache': False, 'cmake_clean_first': False, 'cmake_force_configure': False, 'cmake_target': None, 'cmake_target_skip_unavailable': False, 'install_base': '/home/baro/Downloads/Football/K1_Football_Demo/install/vision', 'merge_install': False, 'path': '/home/baro/Downloads/Football/K1_Football_Demo/src/vision', 'symlink_install': False, 'test_result_base': None}
[-1779296915770796032.000s] INFO:colcon.colcon_core.executor:Executing jobs using 'parallel' executor
[-1779296915770796032.000s] DEBUG:colcon.colcon_parallel_executor.executor.parallel:run_until_complete
[-1779296915770796032.000s] INFO:colcon.colcon_ros.task.ament_cmake.build:Building ROS package in '/home/baro/Downloads/Football/K1_Football_Demo/src/robocup_ros2_interface/src/game_controller_interface' with build type 'ament_cmake'
[-1779296915770796032.000s] INFO:colcon.colcon_cmake.task.cmake.build:Building CMake package in '/home/baro/Downloads/Football/K1_Football_Demo/src/robocup_ros2_interface/src/game_controller_interface'
[-1779296915770796032.000s] INFO:colcon.colcon_core.plugin_system:Skipping extension 'colcon_core.shell.bat': Not used on non-Windows systems
[-1779296915770796032.000s] INFO:colcon.colcon_core.shell:Skip shell extension 'powershell' for command environment: Not usable outside of PowerShell
[-1779296915770796032.000s] DEBUG:colcon.colcon_core.shell:Skip shell extension 'dsv' for command environment
[-1779296915770796032.000s] INFO:colcon.colcon_ros.task.ament_cmake.build:Building ROS package in '/home/baro/Downloads/Football/K1_Football_Demo/src/robocup_ros2_interface/src/vision_interface' with build type 'ament_cmake'
[-1779296915770796032.000s] INFO:colcon.colcon_cmake.task.cmake.build:Building CMake package in '/home/baro/Downloads/Football/K1_Football_Demo/src/robocup_ros2_interface/src/vision_interface'
[-1779296915770796032.000s] INFO:colcon.colcon_core.shell:Skip shell extension 'powershell' for command environment: Not usable outside of PowerShell
[-1779296915770796032.000s] DEBUG:colcon.colcon_core.shell:Skip shell extension 'dsv' for command environment
[-1779296915770796032.000s] INFO:colcon.colcon_ros.task.ament_cmake.build:Building ROS package in '/home/baro/Downloads/Football/K1_Football_Demo/src/booster_ros2_interface' with build type 'ament_cmake'
[-1779296915770796032.000s] INFO:colcon.colcon_cmake.task.cmake.build:Building CMake package in '/home/baro/Downloads/Football/K1_Football_Demo/src/booster_ros2_interface'
[-1779296915770796032.000s] INFO:colcon.colcon_core.shell:Skip shell extension 'powershell' for command environment: Not usable outside of PowerShell
[-1779296915770796032.000s] DEBUG:colcon.colcon_core.shell:Skip shell extension 'dsv' for command environment
[-1779296915770796032.000s] INFO:colcon.colcon_ros.task.ament_cmake.build:Building ROS package in '/home/baro/Downloads/Football/K1_Football_Demo/src/booster_msgs' with build type 'ament_cmake'
[-1779296915770796032.000s] INFO:colcon.colcon_cmake.task.cmake.build:Building CMake package in '/home/baro/Downloads/Football/K1_Football_Demo/src/booster_msgs'
[-1779296915770796032.000s] INFO:colcon.colcon_core.shell:Skip shell extension 'powershell' for command environment: Not usable outside of PowerShell
[-1779296915770796032.000s] DEBUG:colcon.colcon_core.shell:Skip shell extension 'dsv' for command environment
[-1779296915770796032.000s] DEBUG:colcon.colcon_core.event_handler.log_command:Invoking command in '/home/baro/Downloads/Football/K1_Football_Demo/build/game_controller_interface': DEBUGINFOD_URLS=https://debuginfod.archlinux.org _=/usr/bin/env /usr/bin/cmake /home/baro/Downloads/Football/K1_Football_Demo/src/robocup_ros2_interface/src/game_controller_interface -DCMAKE_INSTALL_PREFIX=/home/baro/Downloads/Football/K1_Football_Demo/install/game_controller_interface
[-1779296915770796032.000s] DEBUG:colcon.colcon_core.event_handler.log_command:Invoking command in '/home/baro/Downloads/Football/K1_Football_Demo/build/vision_interface': DEBUGINFOD_URLS=https://debuginfod.archlinux.org _=/usr/bin/env /usr/bin/cmake /home/baro/Downloads/Football/K1_Football_Demo/src/robocup_ros2_interface/src/vision_interface -DCMAKE_INSTALL_PREFIX=/home/baro/Downloads/Football/K1_Football_Demo/install/vision_interface
[-1779296915770796032.000s] DEBUG:colcon.colcon_core.event_handler.log_command:Invoking command in '/home/baro/Downloads/Football/K1_Football_Demo/build/booster_interface': DEBUGINFOD_URLS=https://debuginfod.archlinux.org _=/usr/bin/env /usr/bin/cmake /home/baro/Downloads/Football/K1_Football_Demo/src/booster_ros2_interface -DCMAKE_INSTALL_PREFIX=/home/baro/Downloads/Football/K1_Football_Demo/install/booster_interface
[-1779296915770796032.000s] DEBUG:colcon.colcon_core.event_handler.log_command:Invoking command in '/home/baro/Downloads/Football/K1_Football_Demo/build/booster_msgs': DEBUGINFOD_URLS=https://debuginfod.archlinux.org _=/usr/bin/env /usr/bin/cmake /home/baro/Downloads/Football/K1_Football_Demo/src/booster_msgs -DCMAKE_INSTALL_PREFIX=/home/baro/Downloads/Football/K1_Football_Demo/install/booster_msgs
[-1779296915770796032.000s] DEBUG:colcon.colcon_core.event_handler.log_command:Invoked command in '/home/baro/Downloads/Football/K1_Football_Demo/build/game_controller_interface' returned '1': DEBUGINFOD_URLS=https://debuginfod.archlinux.org _=/usr/bin/env /usr/bin/cmake /home/baro/Downloads/Football/K1_Football_Demo/src/robocup_ros2_interface/src/game_controller_interface -DCMAKE_INSTALL_PREFIX=/home/baro/Downloads/Football/K1_Football_Demo/install/game_controller_interface
[-1779296915770796032.000s] DEBUG:colcon.colcon_core.event_handler.log_command:Invoked command in '/home/baro/Downloads/Football/K1_Football_Demo/build/vision_interface' returned '1': DEBUGINFOD_URLS=https://debuginfod.archlinux.org _=/usr/bin/env /usr/bin/cmake /home/baro/Downloads/Football/K1_Football_Demo/src/robocup_ros2_interface/src/vision_interface -DCMAKE_INSTALL_PREFIX=/home/baro/Downloads/Football/K1_Football_Demo/install/vision_interface
[-1779296915770796032.000s] DEBUG:colcon.colcon_core.event_handler.log_command:Invoked command in '/home/baro/Downloads/Football/K1_Football_Demo/build/booster_interface' returned '1': DEBUGINFOD_URLS=https://debuginfod.archlinux.org _=/usr/bin/env /usr/bin/cmake /home/baro/Downloads/Football/K1_Football_Demo/src/booster_ros2_interface -DCMAKE_INSTALL_PREFIX=/home/baro/Downloads/Football/K1_Football_Demo/install/booster_interface
[-1779296915770796032.000s] DEBUG:colcon.colcon_core.event_handler.log_command:Invoked command in '/home/baro/Downloads/Football/K1_Football_Demo/build/booster_msgs' returned '1': DEBUGINFOD_URLS=https://debuginfod.archlinux.org _=/usr/bin/env /usr/bin/cmake /home/baro/Downloads/Football/K1_Football_Demo/src/booster_msgs -DCMAKE_INSTALL_PREFIX=/home/baro/Downloads/Football/K1_Football_Demo/install/booster_msgs
[-1779296915770796032.000s] Level 1:colcon.colcon_core.environment:create_environment_scripts_only(game_controller_interface)
[-1779296915770796032.000s] Level 1:colcon.colcon_core.environment:checking '/home/baro/Downloads/Football/K1_Football_Demo/install/game_controller_interface' for CMake module files
[-1779296915770796032.000s] Level 1:colcon.colcon_core.environment:checking '/home/baro/Downloads/Football/K1_Football_Demo/install/game_controller_interface' for CMake config files
[-1779296915770796032.000s] Level 1:colcon.colcon_core.environment:checking '/home/baro/Downloads/Football/K1_Football_Demo/install/game_controller_interface/bin'
[-1779296915770796032.000s] Level 1:colcon.colcon_core.environment:checking '/home/baro/Downloads/Football/K1_Football_Demo/install/game_controller_interface/lib/pkgconfig/game_controller_interface.pc'
[-1779296915770796032.000s] Level 1:colcon.colcon_core.environment:checking '/home/baro/Downloads/Football/K1_Football_Demo/install/game_controller_interface/lib/python3.14/site-packages'
[-1779296915770796032.000s] Level 1:colcon.colcon_core.environment:checking '/home/baro/Downloads/Football/K1_Football_Demo/install/game_controller_interface/bin'
[-1779296915770796032.000s] INFO:colcon.colcon_core.shell:Creating package script '/home/baro/Downloads/Football/K1_Football_Demo/install/game_controller_interface/share/game_controller_interface/package.ps1'
[-1779296915770796032.000s] INFO:colcon.colcon_core.shell:Creating package descriptor '/home/baro/Downloads/Football/K1_Football_Demo/install/game_controller_interface/share/game_controller_interface/package.dsv'
[-1779296915770796032.000s] INFO:colcon.colcon_core.shell:Creating package script '/home/baro/Downloads/Football/K1_Football_Demo/install/game_controller_interface/share/game_controller_interface/package.sh'
[-1779296915770796032.000s] INFO:colcon.colcon_core.shell:Creating package script '/home/baro/Downloads/Football/K1_Football_Demo/install/game_controller_interface/share/game_controller_interface/package.bash'
[-1779296915770796032.000s] INFO:colcon.colcon_core.shell:Creating package script '/home/baro/Downloads/Football/K1_Football_Demo/install/game_controller_interface/share/game_controller_interface/package.zsh'
[-1779296915770796032.000s] Level 1:colcon.colcon_core.environment:create_file_with_runtime_dependencies(/home/baro/Downloads/Football/K1_Football_Demo/install/game_controller_interface/share/colcon-core/packages/game_controller_interface)
[-1779296915770796032.000s] DEBUG:colcon.colcon_parallel_executor.executor.parallel:closing loop
[-1779296915770796032.000s] DEBUG:colcon.colcon_parallel_executor.executor.parallel:loop closed
[-1779296915770796032.000s] DEBUG:colcon.colcon_parallel_executor.executor.parallel:run_until_complete finished with '1'
[-1779296915770796032.000s] DEBUG:colcon.colcon_core.event_reactor:joining thread
[-1779296915770796032.000s] INFO:colcon.colcon_core.plugin_system:Skipping extension 'colcon_notification.desktop_notification.terminal_notifier': Not used on non-Darwin systems
[-1779296915770796032.000s] INFO:colcon.colcon_core.plugin_system:Skipping extension 'colcon_notification.desktop_notification.win32': Not used on non-Windows systems
[-1779296915770796032.000s] INFO:colcon.colcon_notification.desktop_notification:Sending desktop notification using 'notify2'
[-1779296915770796032.000s] DEBUG:colcon.colcon_core.event_reactor:joined thread
[-1779296915770796032.000s] INFO:colcon.colcon_core.shell:Creating prefix script '/home/baro/Downloads/Football/K1_Football_Demo/install/local_setup.ps1'
[-1779296915770796032.000s] INFO:colcon.colcon_core.shell:Creating prefix util module '/home/baro/Downloads/Football/K1_Football_Demo/install/_local_setup_util_ps1.py'
[-1779296915770796032.000s] INFO:colcon.colcon_core.shell:Creating prefix chain script '/home/baro/Downloads/Football/K1_Football_Demo/install/setup.ps1'
[-1779296915770796032.000s] INFO:colcon.colcon_core.shell:Creating prefix script '/home/baro/Downloads/Football/K1_Football_Demo/install/local_setup.sh'
[-1779296915770796032.000s] INFO:colcon.colcon_core.shell:Creating prefix util module '/home/baro/Downloads/Football/K1_Football_Demo/install/_local_setup_util_sh.py'
[-1779296915770796032.000s] INFO:colcon.colcon_core.shell:Creating prefix chain script '/home/baro/Downloads/Football/K1_Football_Demo/install/setup.sh'
[-1779296915770796032.000s] INFO:colcon.colcon_core.shell:Creating prefix script '/home/baro/Downloads/Football/K1_Football_Demo/install/local_setup.bash'
[-1779296915770796032.000s] INFO:colcon.colcon_core.shell:Creating prefix chain script '/home/baro/Downloads/Football/K1_Football_Demo/install/setup.bash'
[-1779296915770796032.000s] INFO:colcon.colcon_core.shell:Creating prefix script '/home/baro/Downloads/Football/K1_Football_Demo/install/local_setup.zsh'
[-1779296915770796032.000s] INFO:colcon.colcon_core.shell:Creating prefix chain script '/home/baro/Downloads/Football/K1_Football_Demo/install/setup.zsh'
