-- Found ament_cmake: 1.3.11 (/opt/ros/humble/share/ament_cmake/cmake)
-- Found Python3: /usr/bin/python3 (found version "3.14.5") found components: Interpreter
-- Found rosidl_default_generators: 1.2.0 (/opt/ros/humble/share/rosidl_default_generators/cmake)
-- Using all available rosidl_typesupport_c: rosidl_typesupport_fastrtps_c;rosidl_typesupport_introspection_c
-- Found rosidl_adapter: 3.1.6 (/opt/ros/humble/share/rosidl_adapter/cmake)
-- Using all available rosidl_typesupport_cpp: rosidl_typesupport_fastrtps_cpp;rosidl_typesupport_introspection_cpp
-- Found ament_cmake_ros: 0.10.0 (/opt/ros/humble/share/ament_cmake_ros/cmake)
-- Using all available rosidl_typesupport_c: rosidl_typesupport_fastrtps_c;rosidl_typesupport_introspection_c
-- Using all available rosidl_typesupport_cpp: rosidl_typesupport_fastrtps_cpp;rosidl_typesupport_introspection_cpp
-- Found PythonInterp: /usr/bin/python3 (found suitable version "3.14.5", minimum required is "3.6")
-- Found python_cmake_module: 0.10.0 (/opt/ros/humble/share/python_cmake_module/cmake)
-- Found PythonLibs: /usr/lib/libpython3.14.so (found suitable version "3.14.5", minimum required is "3.5")
-- Using PYTHON_EXECUTABLE: /usr/bin/python3
-- Using PYTHON_INCLUDE_DIRS: /usr/include/python3.14
-- Using PYTHON_LIBRARIES: /usr/lib/libpython3.14.so
-- Found PythonExtra: .so
-- Using numpy include directory: /usr/lib/python3.14/site-packages/numpy/_core/include
-- Configuring done (3.7s)
-- Generating done (0.0s)
-- Build files have been written to: /home/baro/Downloads/Football/K1_Football_Demo/build/booster_msgs
[  2%] Generating C code for ROS interfaces
[  4%] Generating C++ code for ROS interfaces
[  4%] Built target ament_cmake_python_copy_booster_msgs
running egg_info
creating booster_msgs.egg-info
writing booster_msgs.egg-info/PKG-INFO
writing dependency_links to booster_msgs.egg-info/dependency_links.txt
writing top-level names to booster_msgs.egg-info/top_level.txt
writing manifest file 'booster_msgs.egg-info/SOURCES.txt'
reading manifest file 'booster_msgs.egg-info/SOURCES.txt'
writing manifest file 'booster_msgs.egg-info/SOURCES.txt'
[  4%] Built target booster_msgs__cpp
[  6%] Generating C++ introspection for ROS interfaces
[  6%] Built target ament_cmake_python_build_booster_msgs_egg
[  8%] Generating C++ type support for eProsima Fast-RTPS
[ 10%] Generating C++ type support dispatch for ROS interfaces
[ 12%] Building C object CMakeFiles/booster_msgs__rosidl_generator_c.dir/rosidl_generator_c/booster_msgs/msg/detail/binary_data__functions.c.o
[ 14%] Building C object CMakeFiles/booster_msgs__rosidl_generator_c.dir/rosidl_generator_c/booster_msgs/msg/detail/rpc_resp_msg__functions.c.o
[ 17%] Building C object CMakeFiles/booster_msgs__rosidl_generator_c.dir/rosidl_generator_c/booster_msgs/msg/detail/rpc_req_msg__functions.c.o
[ 19%] Linking C shared library libbooster_msgs__rosidl_generator_c.so
[ 19%] Built target booster_msgs__rosidl_generator_c
[ 21%] Building CXX object CMakeFiles/booster_msgs__rosidl_typesupport_cpp.dir/rosidl_typesupport_cpp/booster_msgs/msg/rpc_resp_msg__type_support.cpp.o
[ 23%] Building CXX object CMakeFiles/booster_msgs__rosidl_typesupport_cpp.dir/rosidl_typesupport_cpp/booster_msgs/msg/rpc_req_msg__type_support.cpp.o
[ 25%] Building CXX object CMakeFiles/booster_msgs__rosidl_typesupport_cpp.dir/rosidl_typesupport_cpp/booster_msgs/msg/binary_data__type_support.cpp.o
[ 27%] Building CXX object CMakeFiles/booster_msgs__rosidl_typesupport_introspection_cpp.dir/rosidl_typesupport_introspection_cpp/booster_msgs/msg/detail/binary_data__type_support.cpp.o
[ 29%] Building CXX object CMakeFiles/booster_msgs__rosidl_typesupport_fastrtps_cpp.dir/rosidl_typesupport_fastrtps_cpp/booster_msgs/msg/detail/dds_fastrtps/binary_data__type_support.cpp.o
