[0.011s] Invoking command in '/home/baro/Downloads/Football/K1_Football_Demo/build/booster_msgs': DEBUGINFOD_URLS=https://debuginfod.archlinux.org _=/usr/bin/env /usr/bin/cmake /home/baro/Downloads/Football/K1_Football_Demo/src/booster_msgs -DCMAKE_INSTALL_PREFIX=/home/baro/Downloads/Football/K1_Football_Demo/install/booster_msgs
[0.020s] CMake Deprecation Warning at CMakeLists.txt:1 (cmake_minimum_required):
[0.020s]   Compatibility with CMake < 3.10 will be removed from a future version of
[0.021s]   CMake.
[0.021s] 
[0.021s]   Update the VERSION argument <min> value.  Or, use the <min>...<max> syntax
[0.021s]   to tell CMake that the project requires at least <min> but has been updated
[0.021s]   to work with policies introduced by <max> or earlier.
[0.021s] 
[0.022s] 
[0.031s] -- Found ament_cmake: 1.3.11 (/opt/ros/humble/share/ament_cmake/cmake)
[0.230s] -- Found Python3: /usr/bin/python3 (found version "3.14.5") found components: Interpreter
[0.390s] -- Found rosidl_default_generators: 1.2.0 (/opt/ros/humble/share/rosidl_default_generators/cmake)
[0.393s] -- Using all available rosidl_typesupport_c: rosidl_typesupport_fastrtps_c;rosidl_typesupport_introspection_c
[0.400s] -- Found rosidl_adapter: 3.1.6 (/opt/ros/humble/share/rosidl_adapter/cmake)
[0.480s] -- Using all available rosidl_typesupport_cpp: rosidl_typesupport_fastrtps_cpp;rosidl_typesupport_introspection_cpp
[1.562s] -- Found ament_cmake_ros: 0.10.0 (/opt/ros/humble/share/ament_cmake_ros/cmake)
[2.260s] -- Using all available rosidl_typesupport_c: rosidl_typesupport_fastrtps_c;rosidl_typesupport_introspection_c
[3.246s] -- Using all available rosidl_typesupport_cpp: rosidl_typesupport_fastrtps_cpp;rosidl_typesupport_introspection_cpp
[3.250s] CMake Warning (dev) at /opt/ros/humble/share/rosidl_generator_py/cmake/rosidl_generator_py_generate_interfaces.cmake:20 (find_package):
[3.250s]   Policy CMP0148 is not set: The FindPythonInterp and FindPythonLibs modules
[3.250s]   are removed.  Run "cmake --help-policy CMP0148" for policy details.  Use
[3.250s]   the cmake_policy command to set the policy and suppress this warning.
[3.251s] 
[3.251s] Call Stack (most recent call first):
[3.251s]   /opt/ros/humble/share/ament_cmake_core/cmake/core/ament_execute_extensions.cmake:48 (include)
[3.251s]   /opt/ros/humble/share/rosidl_cmake/cmake/rosidl_generate_interfaces.cmake:286 (ament_execute_extensions)
[3.251s]   CMakeLists.txt:11 (rosidl_generate_interfaces)
[3.251s] This warning is for project developers.  Use -Wno-dev to suppress it.
[3.251s] 
[3.280s] -- Found PythonInterp: /usr/bin/python3 (found suitable version "3.14.5", minimum required is "3.6")
[3.281s] -- Found python_cmake_module: 0.10.0 (/opt/ros/humble/share/python_cmake_module/cmake)
[3.282s] CMake Warning (dev) at /opt/ros/humble/share/python_cmake_module/cmake/Modules/FindPythonExtra.cmake:52 (find_package):
[3.282s]   Policy CMP0148 is not set: The FindPythonInterp and FindPythonLibs modules
[3.282s]   are removed.  Run "cmake --help-policy CMP0148" for policy details.  Use
[3.283s]   the cmake_policy command to set the policy and suppress this warning.
[3.283s] 
[3.283s] Call Stack (most recent call first):
[3.283s]   /opt/ros/humble/share/rosidl_generator_py/cmake/rosidl_generator_py_generate_interfaces.cmake:23 (find_package)
[3.283s]   /opt/ros/humble/share/ament_cmake_core/cmake/core/ament_execute_extensions.cmake:48 (include)
[3.283s]   /opt/ros/humble/share/rosidl_cmake/cmake/rosidl_generate_interfaces.cmake:286 (ament_execute_extensions)
[3.283s]   CMakeLists.txt:11 (rosidl_generate_interfaces)
[3.284s] This warning is for project developers.  Use -Wno-dev to suppress it.
[3.284s] 
[3.309s] CMake Warning (dev) at /opt/ros/humble/share/python_cmake_module/cmake/Modules/FindPythonExtra.cmake:140 (find_package):
[3.309s]   Policy CMP0148 is not set: The FindPythonInterp and FindPythonLibs modules
[3.309s]   are removed.  Run "cmake --help-policy CMP0148" for policy details.  Use
[3.310s]   the cmake_policy command to set the policy and suppress this warning.
[3.310s] 
[3.310s] Call Stack (most recent call first):
[3.310s]   /opt/ros/humble/share/rosidl_generator_py/cmake/rosidl_generator_py_generate_interfaces.cmake:23 (find_package)
[3.310s]   /opt/ros/humble/share/ament_cmake_core/cmake/core/ament_execute_extensions.cmake:48 (include)
[3.310s]   /opt/ros/humble/share/rosidl_cmake/cmake/rosidl_generate_interfaces.cmake:286 (ament_execute_extensions)
[3.311s]   CMakeLists.txt:11 (rosidl_generate_interfaces)
[3.311s] This warning is for project developers.  Use -Wno-dev to suppress it.
[3.311s] 
[3.317s] -- Found PythonLibs: /usr/lib/libpython3.14.so (found suitable version "3.14.5", minimum required is "3.5")
[3.317s] -- Using PYTHON_EXECUTABLE: /usr/bin/python3
[3.317s] -- Using PYTHON_INCLUDE_DIRS: /usr/include/python3.14
[3.317s] -- Using PYTHON_LIBRARIES: /usr/lib/libpython3.14.so
[3.356s] -- Found PythonExtra: .so
[3.661s] -- Using numpy include directory: /usr/lib/python3.14/site-packages/numpy/_core/include
[3.677s] -- Configuring done (3.7s)
[3.727s] -- Generating done (0.0s)
[3.745s] -- Build files have been written to: /home/baro/Downloads/Football/K1_Football_Demo/build/booster_msgs
[3.753s] Invoked command in '/home/baro/Downloads/Football/K1_Football_Demo/build/booster_msgs' returned '0': DEBUGINFOD_URLS=https://debuginfod.archlinux.org _=/usr/bin/env /usr/bin/cmake /home/baro/Downloads/Football/K1_Football_Demo/src/booster_msgs -DCMAKE_INSTALL_PREFIX=/home/baro/Downloads/Football/K1_Football_Demo/install/booster_msgs
[3.755s] Invoking command in '/home/baro/Downloads/Football/K1_Football_Demo/build/booster_msgs': DEBUGINFOD_URLS=https://debuginfod.archlinux.org _=/usr/bin/env /usr/bin/cmake --build /home/baro/Downloads/Football/K1_Football_Demo/build/booster_msgs -- -j8 -l8
[3.824s] [  2%] Generating C code for ROS interfaces
[3.845s] [  4%] Generating C++ code for ROS interfaces
[3.860s] [  4%] Built target ament_cmake_python_copy_booster_msgs
[4.389s] running egg_info
[4.437s] creating booster_msgs.egg-info
[4.437s] writing booster_msgs.egg-info/PKG-INFO
[4.438s] writing dependency_links to booster_msgs.egg-info/dependency_links.txt
[4.438s] writing top-level names to booster_msgs.egg-info/top_level.txt
[4.438s] writing manifest file 'booster_msgs.egg-info/SOURCES.txt'
[4.581s] reading manifest file 'booster_msgs.egg-info/SOURCES.txt'
[4.584s] writing manifest file 'booster_msgs.egg-info/SOURCES.txt'
[4.592s] [  4%] Built target booster_msgs__cpp
[4.641s] [  6%] Generating C++ introspection for ROS interfaces
[4.666s] [  6%] Built target ament_cmake_python_build_booster_msgs_egg
[4.690s] [  8%] Generating C++ type support for eProsima Fast-RTPS
[4.694s] [ 10%] Generating C++ type support dispatch for ROS interfaces
[4.709s] [ 12%] Building C object CMakeFiles/booster_msgs__rosidl_generator_c.dir/rosidl_generator_c/booster_msgs/msg/detail/binary_data__functions.c.o
[4.836s] [ 14%] Building C object CMakeFiles/booster_msgs__rosidl_generator_c.dir/rosidl_generator_c/booster_msgs/msg/detail/rpc_resp_msg__functions.c.o
[4.960s] [ 17%] Building C object CMakeFiles/booster_msgs__rosidl_generator_c.dir/rosidl_generator_c/booster_msgs/msg/detail/rpc_req_msg__functions.c.o
[5.104s] [ 19%] Linking C shared library libbooster_msgs__rosidl_generator_c.so
[5.205s] [ 19%] Built target booster_msgs__rosidl_generator_c
[5.423s] [ 21%] Building CXX object CMakeFiles/booster_msgs__rosidl_typesupport_cpp.dir/rosidl_typesupport_cpp/booster_msgs/msg/rpc_resp_msg__type_support.cpp.o
[5.423s] [ 23%] Building CXX object CMakeFiles/booster_msgs__rosidl_typesupport_cpp.dir/rosidl_typesupport_cpp/booster_msgs/msg/rpc_req_msg__type_support.cpp.o
[5.425s] [ 25%] Building CXX object CMakeFiles/booster_msgs__rosidl_typesupport_cpp.dir/rosidl_typesupport_cpp/booster_msgs/msg/binary_data__type_support.cpp.o
[5.458s] [ 27%] Building CXX object CMakeFiles/booster_msgs__rosidl_typesupport_introspection_cpp.dir/rosidl_typesupport_introspection_cpp/booster_msgs/msg/detail/binary_data__type_support.cpp.o
[5.603s] [ 29%] Building CXX object CMakeFiles/booster_msgs__rosidl_typesupport_fastrtps_cpp.dir/rosidl_typesupport_fastrtps_cpp/booster_msgs/msg/detail/dds_fastrtps/binary_data__type_support.cpp.o
[6.218s] In file included from /home/baro/Downloads/Football/K1_Football_Demo/build/booster_msgs/rosidl_typesupport_cpp/booster_msgs/msg/binary_data__type_support.cpp:7:
[6.218s] /home/baro/Downloads/Football/K1_Football_Demo/build/booster_msgs/rosidl_generator_cpp/booster_msgs/msg/detail/binary_data__struct.hpp:49:17: error: ‘uint8_t’ was not declared in this scope [-Wtemplate-body]
[6.218s]    49 |     std::vector<uint8_t, typename std::allocator_traits<ContainerAllocator>::template rebind_alloc<uint8_t>>;
[6.218s]       |                 ^~~~~~~
[6.219s] /home/baro/Downloads/Football/K1_Football_Demo/build/booster_msgs/rosidl_generator_cpp/booster_msgs/msg/detail/binary_data__struct.hpp:16:1: note: ‘uint8_t’ is defined in header ‘<cstdint>’; this is probably fixable by adding ‘#include <cstdint>’
[6.219s]    15 | #include "rosidl_runtime_cpp/message_initialization.hpp"
[6.219s]   +++ |+#include <cstdint>
[6.219s]    16 | 
[6.220s] /home/baro/Downloads/Football/K1_Football_Demo/build/booster_msgs/rosidl_generator_cpp/booster_msgs/msg/detail/binary_data__struct.hpp:49:100: error: ‘uint8_t’ was not declared in this scope [-Wtemplate-body]
[6.220s]    49 |     std::vector<uint8_t, typename std::allocator_traits<ContainerAllocator>::template rebind_alloc<uint8_t>>;
[6.220s]       |                                                                                                    ^~~~~~~
[6.220s] /home/baro/Downloads/Football/K1_Football_Demo/build/booster_msgs/rosidl_generator_cpp/booster_msgs/msg/detail/binary_data__struct.hpp:49:100: note: ‘uint8_t’ is defined in header ‘<cstdint>’; this is probably fixable by adding ‘#include <cstdint>’
[6.220s] /home/baro/Downloads/Football/K1_Football_Demo/build/booster_msgs/rosidl_generator_cpp/booster_msgs/msg/detail/binary_data__struct.hpp:49:107: error: template argument 1 is invalid [-Wtemplate-body]
[6.221s]    49 |     std::vector<uint8_t, typename std::allocator_traits<ContainerAllocator>::template rebind_alloc<uint8_t>>;
[6.221s]       |                                                                                                           ^~
[6.221s] /home/baro/Downloads/Football/K1_Football_Demo/build/booster_msgs/rosidl_generator_cpp/booster_msgs/msg/detail/binary_data__struct.hpp:50:3: error: ‘_data_type’ does not name a type [-Wtemplate-body]
[6.221s]    50 |   _data_type data;
[6.221s]       |   ^~~~~~~~~~
[6.221s] /home/baro/Downloads/Football/K1_Football_Demo/build/booster_msgs/rosidl_generator_cpp/booster_msgs/msg/detail/binary_data__struct.hpp:54:23: error: ‘uint8_t’ was not declared in this scope [-Wtemplate-body]
[6.222s]    54 |     const std::vector<uint8_t, typename std::allocator_traits<ContainerAllocator>::template rebind_alloc<uint8_t>> & _arg)
[6.222s]       |                       ^~~~~~~
[6.222s] /home/baro/Downloads/Football/K1_Football_Demo/build/booster_msgs/rosidl_generator_cpp/booster_msgs/msg/detail/binary_data__struct.hpp:54:23: note: ‘uint8_t’ is defined in header ‘<cstdint>’; this is probably fixable by adding ‘#include <cstdint>’
[6.222s] /home/baro/Downloads/Football/K1_Football_Demo/build/booster_msgs/rosidl_generator_cpp/booster_msgs/msg/detail/binary_data__struct.hpp:54:106: error: ‘uint8_t’ was not declared in this scope [-Wtemplate-body]
[6.222s]    54 |     const std::vector<uint8_t, typename std::allocator_traits<ContainerAllocator>::template rebind_alloc<uint8_t>> & _arg)
[6.227s]       |                                                                                                          ^~~~~~~
[6.227s] /home/baro/Downloads/Football/K1_Football_Demo/build/booster_msgs/rosidl_generator_cpp/booster_msgs/msg/detail/binary_data__struct.hpp:54:106: note: ‘uint8_t’ is defined in header ‘<cstdint>’; this is probably fixable by adding ‘#include <cstdint>’
[6.227s] /home/baro/Downloads/Football/K1_Football_Demo/build/booster_msgs/rosidl_generator_cpp/booster_msgs/msg/detail/binary_data__struct.hpp:54:113: error: template argument 1 is invalid [-Wtemplate-body]
[6.227s]    54 |     const std::vector<uint8_t, typename std::allocator_traits<ContainerAllocator>::template rebind_alloc<uint8_t>> & _arg)
[6.227s]       |                                                                                                                 ^~
[6.228s] /home/baro/Downloads/Football/K1_Football_Demo/build/booster_msgs/rosidl_generator_cpp/booster_msgs/msg/detail/binary_data__struct.hpp: In member function ‘booster_msgs::msg::BinaryData_<ContainerAllocator>::Type& booster_msgs::msg::BinaryData_<ContainerAllocator>::set__data(const int&)’:
[6.228s] /home/baro/Downloads/Football/K1_Football_Demo/build/booster_msgs/rosidl_generator_cpp/booster_msgs/msg/detail/binary_data__struct.hpp:56:11: error: ‘struct booster_msgs::msg::BinaryData_<ContainerAllocator>’ has no member named ‘data’ [-Wtemplate-body]
[6.228s]    56 |     this->data = _arg;
[6.228s]       |           ^~~~
[6.229s] /home/baro/Downloads/Football/K1_Football_Demo/build/booster_msgs/rosidl_generator_cpp/booster_msgs/msg/detail/binary_data__struct.hpp: In member function ‘bool booster_msgs::msg::BinaryData_<ContainerAllocator>::operator==(const booster_msgs::msg::BinaryData_<ContainerAllocator>&) const’:
[6.229s] /home/baro/Downloads/Football/K1_Football_Demo/build/booster_msgs/rosidl_generator_cpp/booster_msgs/msg/detail/binary_data__struct.hpp:102:15: error: ‘const struct booster_msgs::msg::BinaryData_<ContainerAllocator>’ has no member named ‘data’ [-Wtemplate-body]
[6.229s]   102 |     if (this->data != other.data) {
[6.229s]       |               ^~~~
[6.229s] /home/baro/Downloads/Football/K1_Football_Demo/build/booster_msgs/rosidl_generator_cpp/booster_msgs/msg/detail/binary_data__struct.hpp:102:29: error: ‘const struct booster_msgs::msg::BinaryData_<ContainerAllocator>’ has no member named ‘data’ [-Wtemplate-body]
[6.230s]   102 |     if (this->data != other.data) {
[6.230s]       |                             ^~~~
[6.326s] make[2]: *** [CMakeFiles/booster_msgs__rosidl_typesupport_cpp.dir/build.make:97: CMakeFiles/booster_msgs__rosidl_typesupport_cpp.dir/rosidl_typesupport_cpp/booster_msgs/msg/binary_data__type_support.cpp.o] Error 1
[6.326s] make[2]: *** Waiting for unfinished jobs....
[6.344s] In file included from /home/baro/Downloads/Football/K1_Football_Demo/build/booster_msgs/rosidl_typesupport_introspection_cpp/booster_msgs/msg/detail/binary_data__type_support.cpp:12:
[6.344s] /home/baro/Downloads/Football/K1_Football_Demo/build/booster_msgs/rosidl_generator_cpp/booster_msgs/msg/detail/binary_data__struct.hpp:49:17: error: ‘uint8_t’ was not declared in this scope [-Wtemplate-body]
[6.344s]    49 |     std::vector<uint8_t, typename std::allocator_traits<ContainerAllocator>::template rebind_alloc<uint8_t>>;
[6.344s]       |                 ^~~~~~~
[6.345s] /home/baro/Downloads/Football/K1_Football_Demo/build/booster_msgs/rosidl_generator_cpp/booster_msgs/msg/detail/binary_data__struct.hpp:16:1: note: ‘uint8_t’ is defined in header ‘<cstdint>’; this is probably fixable by adding ‘#include <cstdint>’
[6.345s]    15 | #include "rosidl_runtime_cpp/message_initialization.hpp"
[6.345s]   +++ |+#include <cstdint>
[6.345s]    16 | 
[6.346s] /home/baro/Downloads/Football/K1_Football_Demo/build/booster_msgs/rosidl_generator_cpp/booster_msgs/msg/detail/binary_data__struct.hpp:49:100: error: ‘uint8_t’ was not declared in this scope [-Wtemplate-body]
[6.346s]    49 |     std::vector<uint8_t, typename std::allocator_traits<ContainerAllocator>::template rebind_alloc<uint8_t>>;
[6.346s]       |                                                                                                    ^~~~~~~
[6.346s] /home/baro/Downloads/Football/K1_Football_Demo/build/booster_msgs/rosidl_generator_cpp/booster_msgs/msg/detail/binary_data__struct.hpp:49:100: note: ‘uint8_t’ is defined in header ‘<cstdint>’; this is probably fixable by adding ‘#include <cstdint>’
[6.346s] /home/baro/Downloads/Football/K1_Football_Demo/build/booster_msgs/rosidl_generator_cpp/booster_msgs/msg/detail/binary_data__struct.hpp:49:107: error: template argument 1 is invalid [-Wtemplate-body]
[6.346s]    49 |     std::vector<uint8_t, typename std::allocator_traits<ContainerAllocator>::template rebind_alloc<uint8_t>>;
[6.346s]       |                                                                                                           ^~
[6.349s] /home/baro/Downloads/Football/K1_Football_Demo/build/booster_msgs/rosidl_generator_cpp/booster_msgs/msg/detail/binary_data__struct.hpp:50:3: error: ‘_data_type’ does not name a type [-Wtemplate-body]
[6.351s]    50 |   _data_type data;
[6.351s]       |   ^~~~~~~~~~
[6.351s] /home/baro/Downloads/Football/K1_Football_Demo/build/booster_msgs/rosidl_generator_cpp/booster_msgs/msg/detail/binary_data__struct.hpp:54:23: error: ‘uint8_t’ was not declared in this scope [-Wtemplate-body]
[6.351s]    54 |     const std::vector<uint8_t, typename std::allocator_traits<ContainerAllocator>::template rebind_alloc<uint8_t>> & _arg)
[6.352s]       |                       ^~~~~~~
[6.352s] /home/baro/Downloads/Football/K1_Football_Demo/build/booster_msgs/rosidl_generator_cpp/booster_msgs/msg/detail/binary_data__struct.hpp:54:23: note: ‘uint8_t’ is defined in header ‘<cstdint>’; this is probably fixable by adding ‘#include <cstdint>’
[6.352s] /home/baro/Downloads/Football/K1_Football_Demo/build/booster_msgs/rosidl_generator_cpp/booster_msgs/msg/detail/binary_data__struct.hpp:54:106: error: ‘uint8_t’ was not declared in this scope [-Wtemplate-body]
[6.352s]    54 |     const std::vector<uint8_t, typename std::allocator_traits<ContainerAllocator>::template rebind_alloc<uint8_t>> & _arg)
[6.352s]       |                                                                                                          ^~~~~~~
[6.352s] /home/baro/Downloads/Football/K1_Football_Demo/build/booster_msgs/rosidl_generator_cpp/booster_msgs/msg/detail/binary_data__struct.hpp:54:106: note: ‘uint8_t’ is defined in header ‘<cstdint>’; this is probably fixable by adding ‘#include <cstdint>’
[6.352s] /home/baro/Downloads/Football/K1_Football_Demo/build/booster_msgs/rosidl_generator_cpp/booster_msgs/msg/detail/binary_data__struct.hpp:54:113: error: template argument 1 is invalid [-Wtemplate-body]
[6.353s]    54 |     const std::vector<uint8_t, typename std::allocator_traits<ContainerAllocator>::template rebind_alloc<uint8_t>> & _arg)
[6.353s]       |                                                                                                                 ^~
[6.353s] /home/baro/Downloads/Football/K1_Football_Demo/build/booster_msgs/rosidl_generator_cpp/booster_msgs/msg/detail/binary_data__struct.hpp: In member function ‘booster_msgs::msg::BinaryData_<ContainerAllocator>::Type& booster_msgs::msg::BinaryData_<ContainerAllocator>::set__data(const int&)’:
[6.353s] /home/baro/Downloads/Football/K1_Football_Demo/build/booster_msgs/rosidl_generator_cpp/booster_msgs/msg/detail/binary_data__struct.hpp:56:11: error: ‘struct booster_msgs::msg::BinaryData_<ContainerAllocator>’ has no member named ‘data’ [-Wtemplate-body]
[6.353s]    56 |     this->data = _arg;
[6.353s]       |           ^~~~
[6.354s] /home/baro/Downloads/Football/K1_Football_Demo/build/booster_msgs/rosidl_generator_cpp/booster_msgs/msg/detail/binary_data__struct.hpp: In member function ‘bool booster_msgs::msg::BinaryData_<ContainerAllocator>::operator==(const booster_msgs::msg::BinaryData_<ContainerAllocator>&) const’:
[6.354s] /home/baro/Downloads/Football/K1_Football_Demo/build/booster_msgs/rosidl_generator_cpp/booster_msgs/msg/detail/binary_data__struct.hpp:102:15: error: ‘const struct booster_msgs::msg::BinaryData_<ContainerAllocator>’ has no member named ‘data’ [-Wtemplate-body]
[6.354s]   102 |     if (this->data != other.data) {
[6.354s]       |               ^~~~
[6.354s] /home/baro/Downloads/Football/K1_Football_Demo/build/booster_msgs/rosidl_generator_cpp/booster_msgs/msg/detail/binary_data__struct.hpp:102:29: error: ‘const struct booster_msgs::msg::BinaryData_<ContainerAllocator>’ has no member named ‘data’ [-Wtemplate-body]
[6.354s]   102 |     if (this->data != other.data) {
[6.355s]       |                             ^~~~
[6.358s] make[1]: *** [CMakeFiles/Makefile2:482: CMakeFiles/booster_msgs__rosidl_typesupport_cpp.dir/all] Error 2
[6.358s] make[1]: *** Waiting for unfinished jobs....
[6.359s] In file included from /usr/include/time.h:29,
[6.360s]                  from /usr/include/pthread.h:23,
[6.360s]                  from /usr/include/c++/16.1.1/x86_64-pc-linux-gnu/bits/gthr-default.h:35,
[6.360s]                  from /usr/include/c++/16.1.1/x86_64-pc-linux-gnu/bits/gthr.h:157,
[6.360s]                  from /usr/include/c++/16.1.1/ext/atomicity.h:37,
[6.360s]                  from /usr/include/c++/16.1.1/bits/shared_ptr_base.h:61,
[6.360s]                  from /usr/include/c++/16.1.1/bits/shared_ptr.h:53,
[6.360s]                  from /usr/include/c++/16.1.1/memory:82,
[6.361s]                  from /home/baro/Downloads/Football/K1_Football_Demo/build/booster_msgs/rosidl_generator_cpp/booster_msgs/msg/detail/binary_data__struct.hpp:10:
[6.361s] /home/baro/Downloads/Football/K1_Football_Demo/build/booster_msgs/rosidl_typesupport_introspection_cpp/booster_msgs/msg/detail/binary_data__type_support.cpp: At global scope:
[6.361s] /home/baro/Downloads/Football/K1_Football_Demo/build/booster_msgs/rosidl_typesupport_introspection_cpp/booster_msgs/msg/detail/binary_data__type_support.cpp:94:45: error: ‘using booster_msgs::msg::BinaryData = struct booster_msgs::msg::BinaryData_<std::allocator<void> >’ {aka ‘struct booster_msgs::msg::BinaryData_<std::allocator<void> >’} has no member named ‘data’
[6.361s]    94 |     offsetof(booster_msgs::msg::BinaryData, data),  // bytes offset in struct
[6.361s]       |                                             ^~~~
[6.481s] make[2]: *** [CMakeFiles/booster_msgs__rosidl_typesupport_introspection_cpp.dir/build.make:108: CMakeFiles/booster_msgs__rosidl_typesupport_introspection_cpp.dir/rosidl_typesupport_introspection_cpp/booster_msgs/msg/detail/binary_data__type_support.cpp.o] Error 1
[6.481s] make[1]: *** [CMakeFiles/Makefile2:450: CMakeFiles/booster_msgs__rosidl_typesupport_introspection_cpp.dir/all] Error 2
[6.499s] In file included from /home/baro/Downloads/Football/K1_Football_Demo/build/booster_msgs/rosidl_typesupport_fastrtps_cpp/booster_msgs/msg/detail/binary_data__rosidl_typesupport_fastrtps_cpp.hpp:11,
[6.499s]                  from /home/baro/Downloads/Football/K1_Football_Demo/build/booster_msgs/rosidl_typesupport_fastrtps_cpp/booster_msgs/msg/detail/dds_fastrtps/binary_data__type_support.cpp:4:
[6.499s] /home/baro/Downloads/Football/K1_Football_Demo/build/booster_msgs/rosidl_generator_cpp/booster_msgs/msg/detail/binary_data__struct.hpp:49:17: error: ‘uint8_t’ was not declared in this scope [-Wtemplate-body]
[6.499s]    49 |     std::vector<uint8_t, typename std::allocator_traits<ContainerAllocator>::template rebind_alloc<uint8_t>>;
[6.499s]       |                 ^~~~~~~
[6.500s] /home/baro/Downloads/Football/K1_Football_Demo/build/booster_msgs/rosidl_generator_cpp/booster_msgs/msg/detail/binary_data__struct.hpp:16:1: note: ‘uint8_t’ is defined in header ‘<cstdint>’; this is probably fixable by adding ‘#include <cstdint>’
[6.500s]    15 | #include "rosidl_runtime_cpp/message_initialization.hpp"
[6.500s]   +++ |+#include <cstdint>
[6.500s]    16 | 
[6.500s] /home/baro/Downloads/Football/K1_Football_Demo/build/booster_msgs/rosidl_generator_cpp/booster_msgs/msg/detail/binary_data__struct.hpp:49:100: error: ‘uint8_t’ was not declared in this scope [-Wtemplate-body]
[6.500s]    49 |     std::vector<uint8_t, typename std::allocator_traits<ContainerAllocator>::template rebind_alloc<uint8_t>>;
[6.500s]       |                                                                                                    ^~~~~~~
[6.500s] /home/baro/Downloads/Football/K1_Football_Demo/build/booster_msgs/rosidl_generator_cpp/booster_msgs/msg/detail/binary_data__struct.hpp:49:100: note: ‘uint8_t’ is defined in header ‘<cstdint>’; this is probably fixable by adding ‘#include <cstdint>’
[6.501s] /home/baro/Downloads/Football/K1_Football_Demo/build/booster_msgs/rosidl_generator_cpp/booster_msgs/msg/detail/binary_data__struct.hpp:49:107: error: template argument 1 is invalid [-Wtemplate-body]
[6.501s]    49 |     std::vector<uint8_t, typename std::allocator_traits<ContainerAllocator>::template rebind_alloc<uint8_t>>;
[6.501s]       |                                                                                                           ^~
[6.502s] /home/baro/Downloads/Football/K1_Football_Demo/build/booster_msgs/rosidl_generator_cpp/booster_msgs/msg/detail/binary_data__struct.hpp:50:3: error: ‘_data_type’ does not name a type [-Wtemplate-body]
[6.502s]    50 |   _data_type data;
[6.503s]       |   ^~~~~~~~~~
[6.503s] /home/baro/Downloads/Football/K1_Football_Demo/build/booster_msgs/rosidl_generator_cpp/booster_msgs/msg/detail/binary_data__struct.hpp:54:23: error: ‘uint8_t’ was not declared in this scope [-Wtemplate-body]
[6.503s]    54 |     const std::vector<uint8_t, typename std::allocator_traits<ContainerAllocator>::template rebind_alloc<uint8_t>> & _arg)
[6.503s]       |                       ^~~~~~~
[6.503s] /home/baro/Downloads/Football/K1_Football_Demo/build/booster_msgs/rosidl_generator_cpp/booster_msgs/msg/detail/binary_data__struct.hpp:54:23: note: ‘uint8_t’ is defined in header ‘<cstdint>’; this is probably fixable by adding ‘#include <cstdint>’
[6.504s] /home/baro/Downloads/Football/K1_Football_Demo/build/booster_msgs/rosidl_generator_cpp/booster_msgs/msg/detail/binary_data__struct.hpp:54:106: error: ‘uint8_t’ was not declared in this scope [-Wtemplate-body]
[6.504s]    54 |     const std::vector<uint8_t, typename std::allocator_traits<ContainerAllocator>::template rebind_alloc<uint8_t>> & _arg)
[6.504s]       |                                                                                                          ^~~~~~~
[6.504s] /home/baro/Downloads/Football/K1_Football_Demo/build/booster_msgs/rosidl_generator_cpp/booster_msgs/msg/detail/binary_data__struct.hpp:54:106: note: ‘uint8_t’ is defined in header ‘<cstdint>’; this is probably fixable by adding ‘#include <cstdint>’
[6.505s] /home/baro/Downloads/Football/K1_Football_Demo/build/booster_msgs/rosidl_generator_cpp/booster_msgs/msg/detail/binary_data__struct.hpp:54:113: error: template argument 1 is invalid [-Wtemplate-body]
[6.505s]    54 |     const std::vector<uint8_t, typename std::allocator_traits<ContainerAllocator>::template rebind_alloc<uint8_t>> & _arg)
[6.505s]       |                                                                                                                 ^~
[6.505s] /home/baro/Downloads/Football/K1_Football_Demo/build/booster_msgs/rosidl_generator_cpp/booster_msgs/msg/detail/binary_data__struct.hpp: In member function ‘booster_msgs::msg::BinaryData_<ContainerAllocator>::Type& booster_msgs::msg::BinaryData_<ContainerAllocator>::set__data(const int&)’:
[6.505s] /home/baro/Downloads/Football/K1_Football_Demo/build/booster_msgs/rosidl_generator_cpp/booster_msgs/msg/detail/binary_data__struct.hpp:56:11: error: ‘struct booster_msgs::msg::BinaryData_<ContainerAllocator>’ has no member named ‘data’ [-Wtemplate-body]
[6.506s]    56 |     this->data = _arg;
[6.506s]       |           ^~~~
[6.506s] /home/baro/Downloads/Football/K1_Football_Demo/build/booster_msgs/rosidl_generator_cpp/booster_msgs/msg/detail/binary_data__struct.hpp: In member function ‘bool booster_msgs::msg::BinaryData_<ContainerAllocator>::operator==(const booster_msgs::msg::BinaryData_<ContainerAllocator>&) const’:
[6.506s] /home/baro/Downloads/Football/K1_Football_Demo/build/booster_msgs/rosidl_generator_cpp/booster_msgs/msg/detail/binary_data__struct.hpp:102:15: error: ‘const struct booster_msgs::msg::BinaryData_<ContainerAllocator>’ has no member named ‘data’ [-Wtemplate-body]
[6.506s]   102 |     if (this->data != other.data) {
[6.506s]       |               ^~~~
[6.507s] /home/baro/Downloads/Football/K1_Football_Demo/build/booster_msgs/rosidl_generator_cpp/booster_msgs/msg/detail/binary_data__struct.hpp:102:29: error: ‘const struct booster_msgs::msg::BinaryData_<ContainerAllocator>’ has no member named ‘data’ [-Wtemplate-body]
[6.507s]   102 |     if (this->data != other.data) {
[6.507s]       |                             ^~~~
[6.682s] /home/baro/Downloads/Football/K1_Football_Demo/build/booster_msgs/rosidl_typesupport_fastrtps_cpp/booster_msgs/msg/detail/dds_fastrtps/binary_data__type_support.cpp: In function ‘bool booster_msgs::msg::typesupport_fastrtps_cpp::cdr_serialize(const booster_msgs::msg::BinaryData&, eprosima::fastcdr::Cdr&)’:
[6.682s] /home/baro/Downloads/Football/K1_Football_Demo/build/booster_msgs/rosidl_typesupport_fastrtps_cpp/booster_msgs/msg/detail/dds_fastrtps/binary_data__type_support.cpp:37:24: error: ‘const booster_msgs::msg::BinaryData’ {aka ‘const struct booster_msgs::msg::BinaryData_<std::allocator<void> >’} has no member named ‘data’
[6.682s]    37 |     cdr << ros_message.data;
[6.683s]       |                        ^~~~
[6.683s] /home/baro/Downloads/Football/K1_Football_Demo/build/booster_msgs/rosidl_typesupport_fastrtps_cpp/booster_msgs/msg/detail/dds_fastrtps/binary_data__type_support.cpp: In function ‘bool booster_msgs::msg::typesupport_fastrtps_cpp::cdr_deserialize(eprosima::fastcdr::Cdr&, booster_msgs::msg::BinaryData&)’:
[6.683s] /home/baro/Downloads/Football/K1_Football_Demo/build/booster_msgs/rosidl_typesupport_fastrtps_cpp/booster_msgs/msg/detail/dds_fastrtps/binary_data__type_support.cpp:50:24: error: ‘using booster_msgs::msg::BinaryData = struct booster_msgs::msg::BinaryData_<std::allocator<void> >’ {aka ‘struct booster_msgs::msg::BinaryData_<std::allocator<void> >’} has no member named ‘data’
[6.683s]    50 |     cdr >> ros_message.data;
[6.683s]       |                        ^~~~
[6.684s] /home/baro/Downloads/Football/K1_Football_Demo/build/booster_msgs/rosidl_typesupport_fastrtps_cpp/booster_msgs/msg/detail/dds_fastrtps/binary_data__type_support.cpp: In function ‘size_t booster_msgs::msg::typesupport_fastrtps_cpp::get_serialized_size(const booster_msgs::msg::BinaryData&, size_t)’:
[6.684s] /home/baro/Downloads/Football/K1_Football_Demo/build/booster_msgs/rosidl_typesupport_fastrtps_cpp/booster_msgs/msg/detail/dds_fastrtps/binary_data__type_support.cpp:71:37: error: ‘const booster_msgs::msg::BinaryData’ {aka ‘const struct booster_msgs::msg::BinaryData_<std::allocator<void> >’} has no member named ‘data’
[6.684s]    71 |     size_t array_size = ros_message.data.size();
[6.684s]       |                                     ^~~~
[6.684s] /home/baro/Downloads/Football/K1_Football_Demo/build/booster_msgs/rosidl_typesupport_fastrtps_cpp/booster_msgs/msg/detail/dds_fastrtps/binary_data__type_support.cpp:75:43: error: ‘const booster_msgs::msg::BinaryData’ {aka ‘const struct booster_msgs::msg::BinaryData_<std::allocator<void> >’} has no member named ‘data’
[6.685s]    75 |     size_t item_size = sizeof(ros_message.data[0]);
[6.685s]       |                                           ^~~~
[6.685s] In file included from /usr/include/strings.h:23,
[6.685s]                  from /usr/include/string.h:494,
[6.685s]                  from /opt/ros/humble/include/fastcdr/FastBuffer.h:21,
[6.685s]                  from /opt/ros/humble/include/fastcdr/Cdr.h:19,
[6.686s]                  from /home/baro/Downloads/Football/K1_Football_Demo/build/booster_msgs/rosidl_typesupport_fastrtps_cpp/booster_msgs/msg/detail/binary_data__rosidl_typesupport_fastrtps_cpp.hpp:25:
[6.686s] /home/baro/Downloads/Football/K1_Football_Demo/build/booster_msgs/rosidl_typesupport_fastrtps_cpp/booster_msgs/msg/detail/dds_fastrtps/binary_data__type_support.cpp: In function ‘size_t booster_msgs::msg::typesupport_fastrtps_cpp::max_serialized_size_BinaryData(bool&, bool&, size_t)’:
[6.686s] /home/baro/Downloads/Football/K1_Football_Demo/build/booster_msgs/rosidl_typesupport_fastrtps_cpp/booster_msgs/msg/detail/dds_fastrtps/binary_data__type_support.cpp:123:26: error: ‘using DataType = using booster_msgs::msg::BinaryData = struct booster_msgs::msg::BinaryData_<std::allocator<void> >’ {aka ‘struct booster_msgs::msg::BinaryData_<std::allocator<void> >’} has no member named ‘data’
[6.686s]   123 |       offsetof(DataType, data) +
[6.686s]       |                          ^~~~
[6.790s] make[2]: *** [CMakeFiles/booster_msgs__rosidl_typesupport_fastrtps_cpp.dir/build.make:108: CMakeFiles/booster_msgs__rosidl_typesupport_fastrtps_cpp.dir/rosidl_typesupport_fastrtps_cpp/booster_msgs/msg/detail/dds_fastrtps/binary_data__type_support.cpp.o] Error 1
[6.791s] make[1]: *** [CMakeFiles/Makefile2:418: CMakeFiles/booster_msgs__rosidl_typesupport_fastrtps_cpp.dir/all] Error 2
[6.791s] make: *** [Makefile:146: all] Error 2
[6.808s] Invoked command in '/home/baro/Downloads/Football/K1_Football_Demo/build/booster_msgs' returned '2': DEBUGINFOD_URLS=https://debuginfod.archlinux.org _=/usr/bin/env /usr/bin/cmake --build /home/baro/Downloads/Football/K1_Football_Demo/build/booster_msgs -- -j8 -l8
