[0.013s] Invoking command in '/home/baro/Downloads/Football/K1_Football_Demo/build/booster_msgs': DEBUGINFOD_URLS=https://debuginfod.archlinux.org _=/usr/bin/env /usr/bin/cmake --build /home/baro/Downloads/Football/K1_Football_Demo/build/booster_msgs -- -j8 -l8
[0.108s] [  2%] Built target booster_msgs__cpp
[0.120s] [ 12%] Built target booster_msgs__rosidl_generator_c
[0.125s] [ 12%] Built target ament_cmake_python_copy_booster_msgs
[0.158s] [ 14%] Generating C introspection for ROS interfaces
[0.158s] [ 17%] Generating C type support dispatch for ROS interfaces
[0.266s] Traceback (most recent call last):
[0.267s] Traceback (most recent call last):
[0.268s]   File [35m"/opt/ros/humble/lib/rosidl_typesupport_c/rosidl_typesupport_c"[0m, line [35m6[0m, in [35m<module>[0m
[0.270s]     from rosidl_typesupport_c import generate_c
[0.270s] [1;35mModuleNotFoundError[0m: [35mNo module named 'rosidl_typesupport_c'[0m
[0.270s]   File [35m"/opt/ros/humble/lib/rosidl_typesupport_introspection_c/rosidl_typesupport_introspection_c"[0m, line [35m6[0m, in [35m<module>[0m
[0.270s]     from rosidl_typesupport_introspection_c import generate_c
[0.271s] [1;35mModuleNotFoundError[0m: [35mNo module named 'rosidl_typesupport_introspection_c'[0m
[0.284s] make[2]: *** [CMakeFiles/booster_msgs__rosidl_typesupport_introspection_c.dir/build.make:84: rosidl_typesupport_introspection_c/booster_msgs/msg/detail/binary_data__rosidl_typesupport_introspection_c.h] Error 1
[0.284s] make[1]: *** [CMakeFiles/Makefile2:321: CMakeFiles/booster_msgs__rosidl_typesupport_introspection_c.dir/all] Error 2
[0.284s] make[1]: *** Waiting for unfinished jobs....
[0.285s] make[2]: *** [CMakeFiles/booster_msgs__rosidl_typesupport_c.dir/build.make:82: rosidl_typesupport_c/booster_msgs/msg/binary_data__type_support.cpp] Error 1
[0.285s] make[1]: *** [CMakeFiles/Makefile2:353: CMakeFiles/booster_msgs__rosidl_typesupport_c.dir/all] Error 2
[0.286s] make: *** [Makefile:146: all] Error 2
[0.291s] Invoked command in '/home/baro/Downloads/Football/K1_Football_Demo/build/booster_msgs' returned '2': DEBUGINFOD_URLS=https://debuginfod.archlinux.org _=/usr/bin/env /usr/bin/cmake --build /home/baro/Downloads/Football/K1_Football_Demo/build/booster_msgs -- -j8 -l8
