[0.011s] Invoking command in '/home/baro/Downloads/Football/K1_Football_Demo/build/booster_msgs': DEBUGINFOD_URLS=https://debuginfod.archlinux.org _=/usr/bin/env /usr/bin/cmake /home/baro/Downloads/Football/K1_Football_Demo/src/booster_msgs -DCMAKE_INSTALL_PREFIX=/home/baro/Downloads/Football/K1_Football_Demo/install/booster_msgs
[0.030s] CMake Deprecation Warning at CMakeLists.txt:1 (cmake_minimum_required):
[0.031s]   Compatibility with CMake < 3.10 will be removed from a future version of
[0.031s]   CMake.
[0.031s] 
[0.031s]   Update the VERSION argument <min> value.  Or, use the <min>...<max> syntax
[0.031s]   to tell CMake that the project requires at least <min> but has been updated
[0.031s]   to work with policies introduced by <max> or earlier.
[0.031s] 
[0.031s] 
[0.095s] -- The C compiler identification is GNU 16.1.1
[0.265s] -- The CXX compiler identification is GNU 16.1.1
[0.279s] -- Detecting C compiler ABI info
[0.381s] -- Detecting C compiler ABI info - done
[0.398s] -- Check for working C compiler: /usr/bin/cc - skipped
[0.399s] -- Detecting C compile features
[0.399s] -- Detecting C compile features - done
[0.419s] -- Detecting CXX compiler ABI info
[0.578s] -- Detecting CXX compiler ABI info - done
[0.611s] -- Check for working CXX compiler: /usr/bin/c++ - skipped
[0.612s] -- Detecting CXX compile features
[0.612s] -- Detecting CXX compile features - done
[0.663s] CMake Error at CMakeLists.txt:9 (find_package):
[0.664s]   By not providing "Findament_cmake.cmake" in CMAKE_MODULE_PATH this project
[0.664s]   has asked CMake to find a package configuration file provided by
[0.664s]   "ament_cmake", but CMake did not find one.
[0.664s] 
[0.664s]   Could not find a package configuration file provided by "ament_cmake" with
[0.664s]   any of the following names:
[0.664s] 
[0.664s]     ament_cmake.cps
[0.664s]     ament_cmakeConfig.cmake
[0.664s]     ament_cmake-config.cmake
[0.664s] 
[0.664s]   Add the installation prefix of "ament_cmake" to CMAKE_PREFIX_PATH or set
[0.664s]   "ament_cmake_DIR" to a directory containing one of the above files.  If
[0.665s]   "ament_cmake" provides a separate development package or SDK, be sure it
[0.665s]   has been installed.
[0.665s] 
[0.665s] 
[0.666s] -- Configuring incomplete, errors occurred!
